{
  "stats": {
    "suites": 1,
    "tests": 12,
    "passes": 4,
    "pending": 0,
    "failures": 8,
    "start": "2025-02-28T12:11:44.279Z",
    "end": "2025-02-28T12:14:11.846Z",
    "duration": 147567,
    "testsRegistered": 12,
    "passPercent": 33.33333333333333,
    "pendingPercent": 0,
    "other": 0,
    "hasOther": false,
    "skipped": 0,
    "hasSkipped": false
  },
  "results": [
    {
      "uuid": "9f3881a1-afdd-4b68-b638-0d6bcbccf2c0",
      "title": "",
      "fullFile": "cypress\\e2e\\Buildings.cy.js",
      "file": "cypress\\e2e\\Buildings.cy.js",
      "beforeHooks": [],
      "afterHooks": [],
      "tests": [],
      "suites": [
        {
          "uuid": "7119ec40-61cd-4074-a429-3cba738ab576",
          "title": "Buildings Testcases",
          "fullFile": "",
          "file": "",
          "beforeHooks": [],
          "afterHooks": [],
          "tests": [
            {
              "title": "Buildings_001 - Login and Click Add Buildings",
              "fullTitle": "Buildings Testcases Buildings_001 - Login and Click Add Buildings",
              "timedOut": null,
              "duration": 18008,
              "state": "passed",
              "speed": "slow",
              "pass": true,
              "fail": false,
              "pending": false,
              "context": null,
              "code": "_signIn.signInObj.GotoBuildings();\ncy.get('#addBuildingButton').click();",
              "err": {},
              "uuid": "343f4dd8-eaa9-4911-89c0-7a04f1386ba9",
              "parentUUID": "7119ec40-61cd-4074-a429-3cba738ab576",
              "isHook": false,
              "skipped": false
            },
            {
              "title": "Buildings_002 - Click on \"x\" to close the popup",
              "fullTitle": "Buildings Testcases Buildings_002 - Click on \"x\" to close the popup",
              "timedOut": null,
              "duration": 6868,
              "state": "failed",
              "speed": null,
              "pass": false,
              "fail": true,
              "pending": false,
              "context": null,
              "code": "_signIn.signInObj.GotoBuildings();\ncy.get('#addBuildingButton').click();\ncy.wait(1000);\ncy.get('[class = \"btn btn--small btn--outline btn--transparent close-modal-button\"]').click({\n  multiple: true,\n  force: true\n});",
              "err": {
                "message": "AssertionError: Timed out retrying after 4000ms: Expected to find element: `.right-half > .card > h3`, but never found it.",
                "estack": "AssertionError: Timed out retrying after 4000ms: Expected to find element: `.right-half > .card > h3`, but never found it.\n    at signInClass.GotoBuildings (webpack:///./cypress/support/pageObjects/signIn.js:110:43)\n    at Context.eval (webpack:///./cypress/e2e/Buildings.cy.js:15:18)",
                "diff": null
              },
              "uuid": "c2b3a884-52e1-4818-bee6-226205c3a5f5",
              "parentUUID": "7119ec40-61cd-4074-a429-3cba738ab576",
              "isHook": false,
              "skipped": false
            },
            {
              "title": "Buildings_003 - Click on \"cancel\" to close the popup",
              "fullTitle": "Buildings Testcases Buildings_003 - Click on \"cancel\" to close the popup",
              "timedOut": null,
              "duration": 8984,
              "state": "passed",
              "speed": "medium",
              "pass": true,
              "fail": false,
              "pending": false,
              "context": null,
              "code": "_signIn.signInObj.GotoBuildings();\ncy.get('#addBuildingButton').click();\ncy.wait(1000);\ncy.get('[class = \"btn btn--outline close-modal-button\"]').click({\n  multiple: true,\n  force: true\n});",
              "err": {},
              "uuid": "26d2ab32-ab63-4d97-89a2-b6155d16671f",
              "parentUUID": "7119ec40-61cd-4074-a429-3cba738ab576",
              "isHook": false,
              "skipped": false
            },
            {
              "title": "Buildings 004- Adding Building with searching",
              "fullTitle": "Buildings Testcases Buildings 004- Adding Building with searching",
              "timedOut": null,
              "duration": 20938,
              "state": "failed",
              "speed": null,
              "pass": false,
              "fail": true,
              "pending": false,
              "context": null,
              "code": "_signIn.signInObj.GotoBuildings();\ncy.get('#addBuildingButton').click();\ncy.wait(1000);\n_signIn.signInObj.typeRandomAddress();\n//cy.get('#create-pac-input').clear().type(`${'Sultan Town, Lahore, Pakistan'} {enter}`);\n//cy.get('#inputBuildingInfo input-validation-error').contains('Building name').type(\"Noman Building\"+randomName)\nconst randomName = Cypress._.random(1, 500);\ncy.get('#createBuildingRequest_Name').type('Noman Building ' + randomName); // Type into the field\ncy.get('#createBuildingRequest_WelcomeMessage').type(\"Welcome to Noman Building \" + randomName);\n_signIn.signInObj.uploadImage();\ncy.wait(1000);\ncy.get('.toastify').should('be.visible').and('contain', 'Successfully changed building image');\ncy.get('.toastify').should('not.exist');\ncy.wait(1000);\ncy.get('#addBuildingSubmit').click();\n// const address1 = cy.get('#createBuildingRequest_Address1').invoke('text')\n// if(address1 == '')\n// {\n//     cy.get('#createBuildingRequest_Address1').type('Address1 '+randomName);\n// }\n//Checking if field is blank type some text\n// cy.get('#createBuildingRequest_Address1')\n//     .invoke('text')\n//     .then((text) => {\n//         if (text.trim() === '') {\n//             cy.get('#createBuildingRequest_Address1').type('Address1 ' + randomName);\n//         }\n// });",
              "err": {
                "message": "AssertionError: Timed out retrying after 4000ms: Expected to find element: `.toastify`, but never found it.",
                "estack": "AssertionError: Timed out retrying after 4000ms: Expected to find element: `.toastify`, but never found it.\n    at Context.eval (webpack:///./cypress/e2e/Buildings.cy.js:50:28)",
                "diff": null
              },
              "uuid": "fc5c52d2-a1fa-4139-a3ab-b60fa2d7c8b2",
              "parentUUID": "7119ec40-61cd-4074-a429-3cba738ab576",
              "isHook": false,
              "skipped": false
            },
            {
              "title": "Buildings 005- Adding Building while skipping Name",
              "fullTitle": "Buildings Testcases Buildings 005- Adding Building while skipping Name",
              "timedOut": null,
              "duration": 6013,
              "state": "failed",
              "speed": null,
              "pass": false,
              "fail": true,
              "pending": false,
              "context": null,
              "code": "_signIn.signInObj.GotoBuildings();\ncy.get('#addBuildingButton').click();\ncy.wait(1000);\nconst randomName = Cypress._.random(1, 500);\ncy.get('#createBuildingRequest_WelcomeMessage').type(\"Welcome to Noman Building \" + randomName);\n_signIn.signInObj.fillInRandomBuildings();\ncy.get('#createBuildingRequest_Address1').type(`${_signIn.signInObj.Address1}`);\ncy.get('#createBuildingRequest_Address2').type(`${_signIn.signInObj.Address2}`);\ncy.get('#createBuildingRequest_City').type(`${_signIn.signInObj.City}`);\ncy.get('#createBuildingRequest_Country').type(`${_signIn.signInObj.Country}`);\n_signIn.signInObj.uploadImage();\ncy.wait(1000);\ncy.get('.toastify').should('be.visible').and('contain', 'Successfully changed building image');\ncy.get('.toastify').should('not.exist');\ncy.wait(1000);\ncy.get('#addBuildingSubmit').click();",
              "err": {
                "message": "AssertionError: Timed out retrying after 4000ms: Expected to find element: `.right-half > .card > h3`, but never found it.",
                "estack": "AssertionError: Timed out retrying after 4000ms: Expected to find element: `.right-half > .card > h3`, but never found it.\n    at signInClass.GotoBuildings (webpack:///./cypress/support/pageObjects/signIn.js:110:43)\n    at Context.eval (webpack:///./cypress/e2e/Buildings.cy.js:86:18)",
                "diff": null
              },
              "uuid": "bc7e8282-75c1-46d2-9847-a9bd44a08277",
              "parentUUID": "7119ec40-61cd-4074-a429-3cba738ab576",
              "isHook": false,
              "skipped": false
            },
            {
              "title": "Buildings 006- Adding Building while skipping WelcomeMessage",
              "fullTitle": "Buildings Testcases Buildings 006- Adding Building while skipping WelcomeMessage",
              "timedOut": null,
              "duration": 6583,
              "state": "failed",
              "speed": null,
              "pass": false,
              "fail": true,
              "pending": false,
              "context": null,
              "code": "_signIn.signInObj.GotoBuildings();\ncy.get('#addBuildingButton').click();\ncy.wait(1000);\nconst randomName = Cypress._.random(1, 500);\ncy.get('#createBuildingRequest_Name').type('Noman Building ' + randomName);\n_signIn.signInObj.fillInRandomBuildings();\ncy.get('#createBuildingRequest_Address1').type(`${_signIn.signInObj.Address1}`);\ncy.get('#createBuildingRequest_Address2').type(`${_signIn.signInObj.Address2}`);\ncy.get('#createBuildingRequest_City').type(`${_signIn.signInObj.City}`);\ncy.get('#createBuildingRequest_Country').type(`${_signIn.signInObj.Country}`);\n_signIn.signInObj.uploadImage();\ncy.wait(2000);\ncy.get('.toastify').should('be.visible').and('contain', 'Successfully changed building image');\ncy.get('.toastify').should('not.exist');\ncy.wait(1000);\ncy.get('#addBuildingSubmit').click();",
              "err": {
                "message": "AssertionError: Timed out retrying after 4000ms: Expected to find element: `.right-half > .card > h3`, but never found it.",
                "estack": "AssertionError: Timed out retrying after 4000ms: Expected to find element: `.right-half > .card > h3`, but never found it.\n    at signInClass.GotoBuildings (webpack:///./cypress/support/pageObjects/signIn.js:110:43)\n    at Context.eval (webpack:///./cypress/e2e/Buildings.cy.js:115:18)",
                "diff": null
              },
              "uuid": "6090b0f3-ec2d-489e-a216-9f13572ee083",
              "parentUUID": "7119ec40-61cd-4074-a429-3cba738ab576",
              "isHook": false,
              "skipped": false
            },
            {
              "title": "Buildings 007- Adding Building while skipping Address1",
              "fullTitle": "Buildings Testcases Buildings 007- Adding Building while skipping Address1",
              "timedOut": null,
              "duration": 19342,
              "state": "passed",
              "speed": "slow",
              "pass": true,
              "fail": false,
              "pending": false,
              "context": null,
              "code": "_signIn.signInObj.GotoBuildings();\ncy.get('#addBuildingButton').click();\ncy.wait(1000);\nconst randomName = Cypress._.random(1, 500);\ncy.get('#createBuildingRequest_Name').type('Noman Building ' + randomName);\ncy.get('#createBuildingRequest_WelcomeMessage').type(\"Welcome to Noman Building \" + randomName);\n_signIn.signInObj.fillInRandomBuildings();\ncy.get('#createBuildingRequest_Address2').type(`${_signIn.signInObj.Address2}`);\ncy.get('#createBuildingRequest_City').type(`${_signIn.signInObj.City}`);\ncy.get('#createBuildingRequest_Country').type(`${_signIn.signInObj.Country}`);\n_signIn.signInObj.uploadImage();\ncy.wait(2000);\ncy.get('.toastify').should('be.visible').and('contain', 'Successfully changed building image');\ncy.get('.toastify').should('not.exist');\ncy.wait(1000);\ncy.get('#addBuildingSubmit').click();",
              "err": {},
              "uuid": "fda2f1bb-bf9c-4061-9ac7-407ae1e18772",
              "parentUUID": "7119ec40-61cd-4074-a429-3cba738ab576",
              "isHook": false,
              "skipped": false
            },
            {
              "title": "Buildings 008- Adding Building while skipping Address2",
              "fullTitle": "Buildings Testcases Buildings 008- Adding Building while skipping Address2",
              "timedOut": null,
              "duration": 7785,
              "state": "failed",
              "speed": null,
              "pass": false,
              "fail": true,
              "pending": false,
              "context": null,
              "code": "_signIn.signInObj.GotoBuildings();\ncy.get('#addBuildingButton').click();\ncy.wait(1000);\nconst randomName = Cypress._.random(1, 500);\ncy.get('#createBuildingRequest_Name').type('Noman Building ' + randomName);\ncy.get('#createBuildingRequest_WelcomeMessage').type(\"Welcome to Noman Building \" + randomName);\n_signIn.signInObj.fillInRandomBuildings();\ncy.get('#createBuildingRequest_Address1').type(`${_signIn.signInObj.Address1}`);\ncy.get('#createBuildingRequest_City').type(`${_signIn.signInObj.City}`);\ncy.get('#createBuildingRequest_Country').type(`${_signIn.signInObj.Country}`);\n_signIn.signInObj.uploadImage();\ncy.wait(2000);\ncy.get('.toastify').should('be.visible').and('contain', 'Successfully changed building image');\ncy.get('.toastify').should('not.exist');\ncy.wait(1000);\ncy.get('#addBuildingSubmit').click();",
              "err": {
                "message": "AssertionError: Timed out retrying after 4000ms: Expected to find element: `.right-half > .card > h3`, but never found it.",
                "estack": "AssertionError: Timed out retrying after 4000ms: Expected to find element: `.right-half > .card > h3`, but never found it.\n    at signInClass.GotoBuildings (webpack:///./cypress/support/pageObjects/signIn.js:110:43)\n    at Context.eval (webpack:///./cypress/e2e/Buildings.cy.js:179:18)",
                "diff": null
              },
              "uuid": "99e7b929-9913-4940-b849-e3c9832cf1b4",
              "parentUUID": "7119ec40-61cd-4074-a429-3cba738ab576",
              "isHook": false,
              "skipped": false
            },
            {
              "title": "Buildings 009- Adding Building while skipping City",
              "fullTitle": "Buildings Testcases Buildings 009- Adding Building while skipping City",
              "timedOut": null,
              "duration": 8352,
              "state": "failed",
              "speed": null,
              "pass": false,
              "fail": true,
              "pending": false,
              "context": null,
              "code": "_signIn.signInObj.GotoBuildings();\ncy.get('#addBuildingButton').click();\ncy.wait(1000);\nconst randomName = Cypress._.random(1, 500);\ncy.get('#createBuildingRequest_Name').type('Noman Building ' + randomName);\ncy.get('#createBuildingRequest_WelcomeMessage').type(\"Welcome to Noman Building \" + randomName);\n_signIn.signInObj.fillInRandomBuildings();\ncy.get('#createBuildingRequest_Address1').type(`${_signIn.signInObj.Address1}`);\ncy.get('#createBuildingRequest_Address2').type(`${_signIn.signInObj.Address2}`);\ncy.get('#createBuildingRequest_Country').type(`${_signIn.signInObj.Country}`);\n_signIn.signInObj.uploadImage();\ncy.wait(2000);\ncy.get('.toastify').should('be.visible').and('contain', 'Successfully changed building image');\ncy.get('.toastify').should('not.exist');\ncy.wait(1000);\ncy.get('#addBuildingSubmit').click();",
              "err": {
                "message": "AssertionError: Timed out retrying after 4000ms: Expected to find element: `.right-half > .card > h3`, but never found it.",
                "estack": "AssertionError: Timed out retrying after 4000ms: Expected to find element: `.right-half > .card > h3`, but never found it.\n    at signInClass.GotoBuildings (webpack:///./cypress/support/pageObjects/signIn.js:110:43)\n    at Context.eval (webpack:///./cypress/e2e/Buildings.cy.js:210:18)",
                "diff": null
              },
              "uuid": "98550dd7-b424-4845-969a-cc5c91e19915",
              "parentUUID": "7119ec40-61cd-4074-a429-3cba738ab576",
              "isHook": false,
              "skipped": false
            },
            {
              "title": "Buildings 010- Adding Building while skipping Country",
              "fullTitle": "Buildings Testcases Buildings 010- Adding Building while skipping Country",
              "timedOut": null,
              "duration": 9005,
              "state": "failed",
              "speed": null,
              "pass": false,
              "fail": true,
              "pending": false,
              "context": null,
              "code": "_signIn.signInObj.GotoBuildings();\ncy.get('#addBuildingButton').click();\ncy.wait(1000);\nconst randomName = Cypress._.random(1, 500);\ncy.get('#createBuildingRequest_Name').type('Noman Building ' + randomName);\ncy.get('#createBuildingRequest_WelcomeMessage').type(\"Welcome to Noman Building \" + randomName);\n_signIn.signInObj.fillInRandomBuildings();\ncy.get('#createBuildingRequest_Address1').type(`${_signIn.signInObj.Address1}`);\ncy.get('#createBuildingRequest_Address2').type(`${_signIn.signInObj.Address2}`);\ncy.get('#createBuildingRequest_City').type(`${_signIn.signInObj.City}`);\n_signIn.signInObj.uploadImage();\ncy.wait(2000);\ncy.get('.toastify').should('be.visible').and('contain', 'Successfully changed building image');\ncy.get('.toastify').should('not.exist');\ncy.wait(1000);\ncy.get('#addBuildingSubmit').click();",
              "err": {
                "message": "AssertionError: Timed out retrying after 4000ms: Expected to find element: `.right-half > .card > h3`, but never found it.",
                "estack": "AssertionError: Timed out retrying after 4000ms: Expected to find element: `.right-half > .card > h3`, but never found it.\n    at signInClass.GotoBuildings (webpack:///./cypress/support/pageObjects/signIn.js:110:43)\n    at Context.eval (webpack:///./cypress/e2e/Buildings.cy.js:241:18)",
                "diff": null
              },
              "uuid": "7b2628af-4d16-4ecb-a1da-57bb50e7c95b",
              "parentUUID": "7119ec40-61cd-4074-a429-3cba738ab576",
              "isHook": false,
              "skipped": false
            },
            {
              "title": "Buildings 011- Adding Building while skipping Image Upload",
              "fullTitle": "Buildings Testcases Buildings 011- Adding Building while skipping Image Upload",
              "timedOut": null,
              "duration": 27602,
              "state": "passed",
              "speed": "slow",
              "pass": true,
              "fail": false,
              "pending": false,
              "context": null,
              "code": "_signIn.signInObj.GotoBuildings();\ncy.get('#addBuildingButton').click();\ncy.wait(1000);\nconst randomName = Cypress._.random(1, 500);\ncy.get('#createBuildingRequest_Name').type('Noman Building ' + randomName);\ncy.get('#createBuildingRequest_WelcomeMessage').type(\"Welcome to Noman Building \" + randomName);\n_signIn.signInObj.fillInRandomBuildings();\ncy.get('#createBuildingRequest_Address1').type(`${_signIn.signInObj.Address1}`);\ncy.get('#createBuildingRequest_Address2').type(`${_signIn.signInObj.Address2}`);\ncy.get('#createBuildingRequest_City').type(`${_signIn.signInObj.City}`);\ncy.get('#createBuildingRequest_Country').type(`${_signIn.signInObj.Country}`);\ncy.get('#addBuildingSubmit').click();",
              "err": {},
              "uuid": "e4a820b5-b2cb-4fa4-a3b7-f26fe7dfd440",
              "parentUUID": "7119ec40-61cd-4074-a429-3cba738ab576",
              "isHook": false,
              "skipped": false
            },
            {
              "title": "Buildings 012- Adding Building while filing up all the fields",
              "fullTitle": "Buildings Testcases Buildings 012- Adding Building while filing up all the fields",
              "timedOut": null,
              "duration": 7020,
              "state": "failed",
              "speed": null,
              "pass": false,
              "fail": true,
              "pending": false,
              "context": null,
              "code": "_signIn.signInObj.GotoBuildings();\ncy.get('#addBuildingButton').click();\ncy.wait(1000);\nconst randomName = Cypress._.random(1, 500);\ncy.get('#createBuildingRequest_Name').type('Noman Building ' + randomName);\ncy.get('#createBuildingRequest_WelcomeMessage').type(\"Welcome to Noman Building \" + randomName);\n_signIn.signInObj.fillInRandomBuildings();\ncy.get('#createBuildingRequest_Address1').type(`${_signIn.signInObj.Address1}`);\ncy.get('#createBuildingRequest_Address2').type(`${_signIn.signInObj.Address2}`);\ncy.get('#createBuildingRequest_City').type(`${_signIn.signInObj.City}`);\ncy.get('#createBuildingRequest_Country').type(`${_signIn.signInObj.Country}`);\n_signIn.signInObj.uploadImage();\ncy.wait(2000);\ncy.get('#addBuildingSubmit').click();",
              "err": {
                "message": "AssertionError: Timed out retrying after 4000ms: Expected to find element: `.right-half > .card > h3`, but never found it.",
                "estack": "AssertionError: Timed out retrying after 4000ms: Expected to find element: `.right-half > .card > h3`, but never found it.\n    at signInClass.GotoBuildings (webpack:///./cypress/support/pageObjects/signIn.js:110:43)\n    at Context.eval (webpack:///./cypress/e2e/Buildings.cy.js:300:18)",
                "diff": null
              },
              "uuid": "3d3f2327-2d27-4df6-a28e-f86b32a6eba1",
              "parentUUID": "7119ec40-61cd-4074-a429-3cba738ab576",
              "isHook": false,
              "skipped": false
            }
          ],
          "suites": [],
          "passes": [
            "343f4dd8-eaa9-4911-89c0-7a04f1386ba9",
            "26d2ab32-ab63-4d97-89a2-b6155d16671f",
            "fda2f1bb-bf9c-4061-9ac7-407ae1e18772",
            "e4a820b5-b2cb-4fa4-a3b7-f26fe7dfd440"
          ],
          "failures": [
            "c2b3a884-52e1-4818-bee6-226205c3a5f5",
            "fc5c52d2-a1fa-4139-a3ab-b60fa2d7c8b2",
            "bc7e8282-75c1-46d2-9847-a9bd44a08277",
            "6090b0f3-ec2d-489e-a216-9f13572ee083",
            "99e7b929-9913-4940-b849-e3c9832cf1b4",
            "98550dd7-b424-4845-969a-cc5c91e19915",
            "7b2628af-4d16-4ecb-a1da-57bb50e7c95b",
            "3d3f2327-2d27-4df6-a28e-f86b32a6eba1"
          ],
          "pending": [],
          "skipped": [],
          "duration": 146500,
          "root": false,
          "rootEmpty": false,
          "_timeout": 2000
        }
      ],
      "passes": [],
      "failures": [],
      "pending": [],
      "skipped": [],
      "duration": 0,
      "root": true,
      "rootEmpty": true,
      "_timeout": 2000
    }
  ],
  "meta": {
    "mocha": {
      "version": "7.0.1"
    },
    "mochawesome": {
      "options": {
        "quiet": false,
        "reportFilename": "mochawesome",
        "saveHtml": true,
        "saveJson": true,
        "consoleReporter": "spec",
        "useInlineDiffs": false,
        "code": true
      },
      "version": "7.1.3"
    },
    "marge": {
      "options": {
        "reportDir": "cypress/reports",
        "overwrite": false,
        "html": true,
        "json": true
      },
      "version": "6.2.0"
    }
  }
}