{
  "stats": {
    "suites": 4,
    "tests": 23,
    "passes": 22,
    "pending": 0,
    "failures": 1,
    "start": "2025-04-09T11:26:17.412Z",
    "end": "2025-04-09T11:30:51.954Z",
    "duration": 274542,
    "testsRegistered": 23,
    "passPercent": 95.65217391304348,
    "pendingPercent": 0,
    "other": 0,
    "hasOther": false,
    "skipped": 0,
    "hasSkipped": false
  },
  "results": [
    {
      "uuid": "49dd45ab-4094-4c47-949d-c3ec49991519",
      "title": "",
      "fullFile": "cypress\\e2e\\UserManagement.cy.js",
      "file": "cypress\\e2e\\UserManagement.cy.js",
      "beforeHooks": [],
      "afterHooks": [],
      "tests": [],
      "suites": [
        {
          "uuid": "55210836-9721-4f45-b1b2-b8e1a28c9053",
          "title": "UserManagement - Cases for adding user as Security",
          "fullFile": "",
          "file": "",
          "beforeHooks": [],
          "afterHooks": [],
          "tests": [
            {
              "title": "UserManagement_001 - Login and Click Add User",
              "fullTitle": "UserManagement - Cases for adding user as Security UserManagement_001 - Login and Click Add User",
              "timedOut": null,
              "duration": 10817,
              "state": "passed",
              "speed": "slow",
              "pass": true,
              "fail": false,
              "pending": false,
              "context": null,
              "code": "_signIn.signInObj.GotoUserManagement();\ncy.get('#addUserButton').click();",
              "err": {},
              "uuid": "6cce011b-24fa-4f22-9941-373dcfb21e54",
              "parentUUID": "55210836-9721-4f45-b1b2-b8e1a28c9053",
              "isHook": false,
              "skipped": false
            },
            {
              "title": "UserManagement_002 - Click on \"x\" to close the popup",
              "fullTitle": "UserManagement - Cases for adding user as Security UserManagement_002 - Click on \"x\" to close the popup",
              "timedOut": null,
              "duration": 15500,
              "state": "passed",
              "speed": "slow",
              "pass": true,
              "fail": false,
              "pending": false,
              "context": null,
              "code": "_signIn.signInObj.GotoUserManagement();\ncy.get('#addUserButton').click();\ncy.wait(1000);\ncy.get('[class = \"btn btn--small btn--outline btn--transparent close-modal-button\"]').click({\n  multiple: true,\n  force: true\n});",
              "err": {},
              "uuid": "6a4964eb-c3d5-4fc2-897e-f59a08b23bbb",
              "parentUUID": "55210836-9721-4f45-b1b2-b8e1a28c9053",
              "isHook": false,
              "skipped": false
            },
            {
              "title": "UserManagement_003 - Click on \"cancel\" to close the popup",
              "fullTitle": "UserManagement - Cases for adding user as Security UserManagement_003 - Click on \"cancel\" to close the popup",
              "timedOut": null,
              "duration": 9918,
              "state": "passed",
              "speed": "medium",
              "pass": true,
              "fail": false,
              "pending": false,
              "context": null,
              "code": "_signIn.signInObj.GotoUserManagement();\ncy.get('#addUserButton').click();\ncy.wait(1000);\ncy.get('[class = \"btn btn--outline close-modal-button\"]').click({\n  multiple: true,\n  force: true\n});",
              "err": {},
              "uuid": "5d1c96e6-da41-45b8-8bd5-c35924a6898e",
              "parentUUID": "55210836-9721-4f45-b1b2-b8e1a28c9053",
              "isHook": false,
              "skipped": false
            },
            {
              "title": "UserManagement_004 - Adding User while skipping First Name",
              "fullTitle": "UserManagement - Cases for adding user as Security UserManagement_004 - Adding User while skipping First Name",
              "timedOut": null,
              "duration": 9898,
              "state": "passed",
              "speed": "medium",
              "pass": true,
              "fail": false,
              "pending": false,
              "context": null,
              "code": "_signIn.signInObj.GotoUserManagement();\ncy.get('#addUserButton').click();\ncy.wait(1000);\n//userCount++\ncy.get('#registerUserRequest_LastName').type(\"Security\" + randomNumSecurtiy);\ncy.get('#registerUserRequest_Email').type(emailSecurity);\ncy.get('#registerUserRequest_PhoneNumber').type(123123);\ncy.get('#roleSelect').select(2);\nclickRandomCheckbox(); //Select the building chekcboxes randomly   \ncy.get('#registerUserSubmit').click();",
              "err": {},
              "uuid": "6a9619dc-8f80-4b17-9258-453be81d0686",
              "parentUUID": "55210836-9721-4f45-b1b2-b8e1a28c9053",
              "isHook": false,
              "skipped": false
            },
            {
              "title": "UserManagement_005 - Adding User while skipping Last Name",
              "fullTitle": "UserManagement - Cases for adding user as Security UserManagement_005 - Adding User while skipping Last Name",
              "timedOut": null,
              "duration": 8531,
              "state": "passed",
              "speed": "medium",
              "pass": true,
              "fail": false,
              "pending": false,
              "context": null,
              "code": "_signIn.signInObj.GotoUserManagement();\ncy.get('#addUserButton').click();\ncy.wait(1000);\n//userCount++\ncy.get('#registerUserRequest_FirstName').type(\"Security\" + randomNumSecurtiy);\ncy.get('#registerUserRequest_Email').type(emailSecurity);\ncy.get('#registerUserRequest_PhoneNumber').type(123123);\ncy.get('#roleSelect').select(2);\nclickRandomCheckbox(); //Select the building chekcboxes randomly   \ncy.get('#registerUserSubmit').click();",
              "err": {},
              "uuid": "ebcfee7b-cb29-4ac8-ba95-c569a8f120c7",
              "parentUUID": "55210836-9721-4f45-b1b2-b8e1a28c9053",
              "isHook": false,
              "skipped": false
            },
            {
              "title": "UserManagement_006 - Adding User while skipping Email",
              "fullTitle": "UserManagement - Cases for adding user as Security UserManagement_006 - Adding User while skipping Email",
              "timedOut": null,
              "duration": 8504,
              "state": "passed",
              "speed": "medium",
              "pass": true,
              "fail": false,
              "pending": false,
              "context": null,
              "code": "_signIn.signInObj.GotoUserManagement();\ncy.get('#addUserButton').click();\ncy.wait(1000);\n//userCount++\ncy.get('#registerUserRequest_FirstName').type(\"Noman\");\ncy.get('#registerUserRequest_LastName').type(\"Security\" + randomNumSecurtiy);\ncy.get('#registerUserRequest_PhoneNumber').type(123123);\ncy.get('#roleSelect').select(2);\nclickRandomCheckbox(); //Select the building chekcboxes randomly   \ncy.get('#registerUserSubmit').click();",
              "err": {},
              "uuid": "7634155a-e39f-430f-9c19-a14543f1ce92",
              "parentUUID": "55210836-9721-4f45-b1b2-b8e1a28c9053",
              "isHook": false,
              "skipped": false
            },
            {
              "title": "UserManagement_007 - Adding User while skipping Password",
              "fullTitle": "UserManagement - Cases for adding user as Security UserManagement_007 - Adding User while skipping Password",
              "timedOut": null,
              "duration": 8574,
              "state": "passed",
              "speed": "medium",
              "pass": true,
              "fail": false,
              "pending": false,
              "context": null,
              "code": "_signIn.signInObj.GotoUserManagement();\ncy.get('#addUserButton').click();\ncy.wait(1000);\n//userCount++\ncy.get('#registerUserRequest_FirstName').type(\"Noman\");\ncy.get('#registerUserRequest_LastName').type(\"Security\" + randomNumSecurtiy);\ncy.get('#registerUserRequest_Email').type(emailSecurity);\ncy.get('#registerUserRequest_PhoneNumber').type(123123);\ncy.get('#registerUserRequest_Password').clear();\ncy.get('#roleSelect').select(2);\nclickRandomCheckbox(); //Select the building chekcboxes randomly   \ncy.get('#registerUserSubmit').click();",
              "err": {},
              "uuid": "d0ad7289-8c75-4738-bf40-b87ed1c55796",
              "parentUUID": "55210836-9721-4f45-b1b2-b8e1a28c9053",
              "isHook": false,
              "skipped": false
            },
            {
              "title": "UserManagement_008 - Adding New User with Security guard Role",
              "fullTitle": "UserManagement - Cases for adding user as Security UserManagement_008 - Adding New User with Security guard Role",
              "timedOut": null,
              "duration": 12426,
              "state": "passed",
              "speed": "slow",
              "pass": true,
              "fail": false,
              "pending": false,
              "context": null,
              "code": "_signIn.signInObj.GotoUserManagement();\ncy.get('#addUserButton').click();\ncy.wait(1000);\n//userCount++\ncy.get('#registerUserRequest_FirstName').type(\"Noman\");\ncy.get('#registerUserRequest_LastName').type(\"Security\" + randomNumSecurtiy);\ncy.get('#registerUserRequest_Email').type(emailSecurity);\ncy.get('#registerUserRequest_PhoneNumber').type(123123);\ncy.get('#roleSelect').select(2);\nclickRandomCheckbox(); //Select the building chekcboxes randomly   \ncy.get('#registerUserSubmit').click();\ncy.wait(1000);\ncy.get('#searchInput').type(\"Security\" + randomNumSecurtiy);\ncy.get('#searchInputButton').click();\ncy.wait(1000);\ncy.get('.btn-secondary').contains('Edit').click({\n  multiple: true\n});\ncy.wait(1000);\ncy.get('#deleteUserSubmit').contains('Delete').click({\n  multiple: true\n});",
              "err": {},
              "uuid": "a0e0a245-8f88-4c30-822f-005fdba3c6e8",
              "parentUUID": "55210836-9721-4f45-b1b2-b8e1a28c9053",
              "isHook": false,
              "skipped": false
            }
          ],
          "suites": [],
          "passes": [
            "6cce011b-24fa-4f22-9941-373dcfb21e54",
            "6a4964eb-c3d5-4fc2-897e-f59a08b23bbb",
            "5d1c96e6-da41-45b8-8bd5-c35924a6898e",
            "6a9619dc-8f80-4b17-9258-453be81d0686",
            "ebcfee7b-cb29-4ac8-ba95-c569a8f120c7",
            "7634155a-e39f-430f-9c19-a14543f1ce92",
            "d0ad7289-8c75-4738-bf40-b87ed1c55796",
            "a0e0a245-8f88-4c30-822f-005fdba3c6e8"
          ],
          "failures": [],
          "pending": [],
          "skipped": [],
          "duration": 84168,
          "root": false,
          "rootEmpty": false,
          "_timeout": 2000
        },
        {
          "uuid": "76cb4290-7ab2-42a4-aa7d-f07301be1fd1",
          "title": "UserManagement - Cases for adding user as Admin",
          "fullFile": "",
          "file": "",
          "beforeHooks": [],
          "afterHooks": [],
          "tests": [
            {
              "title": "UserManagement_009 - Adding Admin while skipping First Name",
              "fullTitle": "UserManagement - Cases for adding user as Admin UserManagement_009 - Adding Admin while skipping First Name",
              "timedOut": null,
              "duration": 8822,
              "state": "passed",
              "speed": "medium",
              "pass": true,
              "fail": false,
              "pending": false,
              "context": null,
              "code": "_signIn.signInObj.GotoUserManagement();\ncy.get('#addUserButton').click();\ncy.wait(1000);\n//userCount++\ncy.get('#registerUserRequest_LastName').type(\"Admin\" + randomNumAdmin);\ncy.get('#registerUserRequest_Email').type(emailAdmin);\ncy.get('#registerUserRequest_PhoneNumber').type(123123);\ncy.get('#roleSelect').select(1);\ncy.get('#registerUserSubmit').click();",
              "err": {},
              "uuid": "6f5e15c0-5c1a-4b11-bb55-2d8af1e3fd70",
              "parentUUID": "76cb4290-7ab2-42a4-aa7d-f07301be1fd1",
              "isHook": false,
              "skipped": false
            },
            {
              "title": "UserManagement_010 - Adding Admin while skipping Last Name",
              "fullTitle": "UserManagement - Cases for adding user as Admin UserManagement_010 - Adding Admin while skipping Last Name",
              "timedOut": null,
              "duration": 10565,
              "state": "passed",
              "speed": "slow",
              "pass": true,
              "fail": false,
              "pending": false,
              "context": null,
              "code": "_signIn.signInObj.GotoUserManagement();\ncy.get('#addUserButton').click();\ncy.wait(1000);\n//userCount++\ncy.get('#registerUserRequest_FirstName').type(\"Noman\");\ncy.get('#registerUserRequest_Email').type(emailAdmin);\ncy.get('#registerUserRequest_PhoneNumber').type(123123);\ncy.get('#roleSelect').select(0);\ncy.get('#registerUserSubmit').click();",
              "err": {},
              "uuid": "6d523424-c565-48b5-9b2c-dd2645f139d4",
              "parentUUID": "76cb4290-7ab2-42a4-aa7d-f07301be1fd1",
              "isHook": false,
              "skipped": false
            },
            {
              "title": "UserManagement_011 - Adding Admin while skipping Email",
              "fullTitle": "UserManagement - Cases for adding user as Admin UserManagement_011 - Adding Admin while skipping Email",
              "timedOut": null,
              "duration": 8510,
              "state": "passed",
              "speed": "medium",
              "pass": true,
              "fail": false,
              "pending": false,
              "context": null,
              "code": "_signIn.signInObj.GotoUserManagement();\ncy.get('#addUserButton').click();\ncy.wait(1000);\n//userCount++\ncy.get('#registerUserRequest_FirstName').type(\"Noman\");\ncy.get('#registerUserRequest_LastName').type(\"Admin\" + randomNumAdmin);\ncy.get('#registerUserRequest_PhoneNumber').type(123123);\ncy.get('#roleSelect').select(0);\ncy.get('#registerUserSubmit').click();",
              "err": {},
              "uuid": "78ccecb9-169b-40c9-b71b-f38781864d2b",
              "parentUUID": "76cb4290-7ab2-42a4-aa7d-f07301be1fd1",
              "isHook": false,
              "skipped": false
            },
            {
              "title": "UserManagement_012 - Adding Admin while skipping Password",
              "fullTitle": "UserManagement - Cases for adding user as Admin UserManagement_012 - Adding Admin while skipping Password",
              "timedOut": null,
              "duration": 8709,
              "state": "passed",
              "speed": "medium",
              "pass": true,
              "fail": false,
              "pending": false,
              "context": null,
              "code": "_signIn.signInObj.GotoUserManagement();\ncy.get('#addUserButton').click();\ncy.wait(1000);\n//userCount++\ncy.get('#registerUserRequest_FirstName').type(\"Noman\");\ncy.get('#registerUserRequest_LastName').type(\"Admin\" + randomNumAdmin);\ncy.get('#registerUserRequest_Email').type(emailAdmin);\ncy.get('#registerUserRequest_PhoneNumber').type(123123);\ncy.get('#registerUserRequest_Password').clear();\ncy.get('#roleSelect').select(0);\ncy.get('#registerUserSubmit').click();",
              "err": {},
              "uuid": "8af2a245-5dca-4056-91c4-695532148975",
              "parentUUID": "76cb4290-7ab2-42a4-aa7d-f07301be1fd1",
              "isHook": false,
              "skipped": false
            },
            {
              "title": "UserManagement_013 - Adding New User Admin Role",
              "fullTitle": "UserManagement - Cases for adding user as Admin UserManagement_013 - Adding New User Admin Role",
              "timedOut": null,
              "duration": 12833,
              "state": "passed",
              "speed": "slow",
              "pass": true,
              "fail": false,
              "pending": false,
              "context": null,
              "code": "_signIn.signInObj.GotoUserManagement();\ncy.get('#addUserButton').click();\ncy.wait(1000);\n//userCount++\ncy.get('#registerUserRequest_FirstName').type(\"Noman\");\ncy.get('#registerUserRequest_LastName').type(\"Admin\" + randomNumAdmin);\ncy.get('#registerUserRequest_Email').type(emailAdmin);\ncy.get('#registerUserRequest_PhoneNumber').type(123123);\ncy.get('#roleSelect').select(0);\ncy.get('#registerUserSubmit').click();\ncy.wait(1000);\ncy.get('#searchInput').type(\"Admin\" + randomNumAdmin);\ncy.get('#searchInputButton').click();\ncy.wait(1000);\ncy.get('.btn-secondary').contains('Edit').click({\n  multiple: true\n});\ncy.wait(1000);\ncy.get('#deleteUserSubmit').contains('Delete').click({\n  multiple: true\n});",
              "err": {},
              "uuid": "c35815ef-6b05-480a-a5b8-e0bd54006d24",
              "parentUUID": "76cb4290-7ab2-42a4-aa7d-f07301be1fd1",
              "isHook": false,
              "skipped": false
            }
          ],
          "suites": [],
          "passes": [
            "6f5e15c0-5c1a-4b11-bb55-2d8af1e3fd70",
            "6d523424-c565-48b5-9b2c-dd2645f139d4",
            "78ccecb9-169b-40c9-b71b-f38781864d2b",
            "8af2a245-5dca-4056-91c4-695532148975",
            "c35815ef-6b05-480a-a5b8-e0bd54006d24"
          ],
          "failures": [],
          "pending": [],
          "skipped": [],
          "duration": 49439,
          "root": false,
          "rootEmpty": false,
          "_timeout": 2000
        },
        {
          "uuid": "80a1a52b-ffed-4a6b-80f9-b8588ee20610",
          "title": "UserManagement - Cases for adding user as Editor",
          "fullFile": "",
          "file": "",
          "beforeHooks": [],
          "afterHooks": [],
          "tests": [
            {
              "title": "UserManagement_014 - Adding Editor while skipping First Name",
              "fullTitle": "UserManagement - Cases for adding user as Editor UserManagement_014 - Adding Editor while skipping First Name",
              "timedOut": null,
              "duration": 13547,
              "state": "passed",
              "speed": "slow",
              "pass": true,
              "fail": false,
              "pending": false,
              "context": null,
              "code": "_signIn.signInObj.GotoUserManagement();\ncy.get('#addUserButton').click();\ncy.wait(1000);\n//userCount++\ncy.get('#registerUserRequest_LastName').type(\"Editor\" + randomNumEditor);\ncy.get('#registerUserRequest_Email').type(emailEditor);\ncy.get('#registerUserRequest_PhoneNumber').type(123123);\ncy.get('#roleSelect').select(1);\nclickRandomCheckbox(); //Select the building chekcboxes randomly   \ncy.get('#registerUserSubmit').click();",
              "err": {},
              "uuid": "fde39036-f599-4271-ba3d-e85fd804bc90",
              "parentUUID": "80a1a52b-ffed-4a6b-80f9-b8588ee20610",
              "isHook": false,
              "skipped": false
            },
            {
              "title": "UserManagement_015 - Adding Editor while skipping Last Name",
              "fullTitle": "UserManagement - Cases for adding user as Editor UserManagement_015 - Adding Editor while skipping Last Name",
              "timedOut": null,
              "duration": 17748,
              "state": "passed",
              "speed": "slow",
              "pass": true,
              "fail": false,
              "pending": false,
              "context": null,
              "code": "_signIn.signInObj.GotoUserManagement();\ncy.get('#addUserButton').click();\ncy.wait(1000);\n//userCount++\ncy.get('#registerUserRequest_FirstName').type(\"Noman\");\ncy.get('#registerUserRequest_Email').type(emailEditor);\ncy.get('#registerUserRequest_PhoneNumber').type(123123);\ncy.get('#roleSelect').select(1);\nclickRandomCheckbox(); //Select the building chekcboxes randomly   \ncy.get('#registerUserSubmit').click();",
              "err": {},
              "uuid": "87675bc4-83d3-4d7e-8e1c-0ffa054774a8",
              "parentUUID": "80a1a52b-ffed-4a6b-80f9-b8588ee20610",
              "isHook": false,
              "skipped": false
            },
            {
              "title": "UserManagement_016 - Adding Editor while skipping Email",
              "fullTitle": "UserManagement - Cases for adding user as Editor UserManagement_016 - Adding Editor while skipping Email",
              "timedOut": null,
              "duration": 14858,
              "state": "passed",
              "speed": "slow",
              "pass": true,
              "fail": false,
              "pending": false,
              "context": null,
              "code": "_signIn.signInObj.GotoUserManagement();\ncy.get('#addUserButton').click();\ncy.wait(1000);\n//userCount++\ncy.get('#registerUserRequest_FirstName').type(\"Noman\");\ncy.get('#registerUserRequest_LastName').type(\"Editor\" + randomNumEditor);\ncy.get('#registerUserRequest_PhoneNumber').type(123123);\ncy.get('#roleSelect').select(1);\nclickRandomCheckbox(); //Select the building chekcboxes randomly   \ncy.get('#registerUserSubmit').click();",
              "err": {},
              "uuid": "2f46bb44-f84f-44f4-adec-8ef9c0818afe",
              "parentUUID": "80a1a52b-ffed-4a6b-80f9-b8588ee20610",
              "isHook": false,
              "skipped": false
            },
            {
              "title": "UserManagement_017 - Adding Editor while skipping Password",
              "fullTitle": "UserManagement - Cases for adding user as Editor UserManagement_017 - Adding Editor while skipping Password",
              "timedOut": null,
              "duration": 9091,
              "state": "failed",
              "speed": null,
              "pass": false,
              "fail": true,
              "pending": false,
              "context": null,
              "code": "_signIn.signInObj.GotoUserManagement();\ncy.get('#addUserButton').click();\ncy.wait(1000);\n//userCount++\ncy.get('#registerUserRequest_FirstName').type(\"Noman\");\ncy.get('#registerUserRequest_LastName').type(\"Editor\" + randomNumEditor);\ncy.get('#registerUserRequest_Email').type(emailEditor);\ncy.get('#registerUserRequest_PhoneNumber').type(123123);\ncy.get('#registerUserRequest_Password').clear();\ncy.get('#roleSelect').select(1);\nclickRandomCheckbox(); //Select the building chekcboxes randomly   \ncy.get('#registerUserSubmit').click();",
              "err": {
                "message": "AssertionError: Timed out retrying after 4000ms: Expected to find element: `#selectLanguage`, but never found it.",
                "estack": "AssertionError: Timed out retrying after 4000ms: Expected to find element: `#selectLanguage`, but never found it.\n    at signInClass.GotoUserManagement (webpack:///./cypress/support/pageObjects/signIn.js:98:34)\n    at Context.eval (webpack:///./cypress/e2e/UserManagement.cy.js:346:38)",
                "diff": null
              },
              "uuid": "6d67190a-49b0-4b88-9e27-6b9c7b9d7b8c",
              "parentUUID": "80a1a52b-ffed-4a6b-80f9-b8588ee20610",
              "isHook": false,
              "skipped": false
            },
            {
              "title": "UserManagement_018 - Adding New User with Editor Role",
              "fullTitle": "UserManagement - Cases for adding user as Editor UserManagement_018 - Adding New User with Editor Role",
              "timedOut": null,
              "duration": 26225,
              "state": "passed",
              "speed": "slow",
              "pass": true,
              "fail": false,
              "pending": false,
              "context": null,
              "code": "_signIn.signInObj.GotoUserManagement();\ncy.get('#addUserButton').click();\ncy.wait(1000);\n//userCount++\ncy.get('#registerUserRequest_FirstName').type(\"Noman\");\ncy.get('#registerUserRequest_LastName').type(\"Editor\" + randomNumEditor);\ncy.get('#registerUserRequest_Email').type(emailEditor);\ncy.get('#registerUserRequest_PhoneNumber').type(123123);\ncy.get('#roleSelect').select(1);\nclickRandomCheckbox(); //Select the building chekcboxes randomly   \ncy.get('#registerUserSubmit').click();\ncy.wait(1000);\ncy.get('#searchInput').type(\"Editor\" + randomNumEditor);\ncy.get('#searchInputButton').click();\ncy.wait(1000);\ncy.get('.btn-secondary').contains('Edit').click({\n  multiple: true\n});\ncy.wait(1000);\ncy.get('#deleteUserSubmit').contains('Delete').click({\n  multiple: true\n});",
              "err": {},
              "uuid": "29a53b73-4bc6-4db3-9a26-ca1ab7e71972",
              "parentUUID": "80a1a52b-ffed-4a6b-80f9-b8588ee20610",
              "isHook": false,
              "skipped": false
            }
          ],
          "suites": [],
          "passes": [
            "fde39036-f599-4271-ba3d-e85fd804bc90",
            "87675bc4-83d3-4d7e-8e1c-0ffa054774a8",
            "2f46bb44-f84f-44f4-adec-8ef9c0818afe",
            "29a53b73-4bc6-4db3-9a26-ca1ab7e71972"
          ],
          "failures": [
            "6d67190a-49b0-4b88-9e27-6b9c7b9d7b8c"
          ],
          "pending": [],
          "skipped": [],
          "duration": 81469,
          "root": false,
          "rootEmpty": false,
          "_timeout": 2000
        },
        {
          "uuid": "f8e9b7c3-58cb-42ec-b957-6cf5c161da4e",
          "title": "UserManagement - Cases for adding user as API",
          "fullFile": "",
          "file": "",
          "beforeHooks": [],
          "afterHooks": [],
          "tests": [
            {
              "title": "UserManagement_019 - Adding API while skipping First Name",
              "fullTitle": "UserManagement - Cases for adding user as API UserManagement_019 - Adding API while skipping First Name",
              "timedOut": null,
              "duration": 8734,
              "state": "passed",
              "speed": "medium",
              "pass": true,
              "fail": false,
              "pending": false,
              "context": null,
              "code": "_signIn.signInObj.GotoUserManagement();\ncy.get('#addUserButton').click();\ncy.wait(1000);\n//userCount++\ncy.get('#registerUserRequest_LastName').type(\"API\" + randomNumAPI);\ncy.get('#registerUserRequest_Email').type(emailAPI);\ncy.get('#registerUserRequest_PhoneNumber').type(123123);\ncy.get('#roleSelect').select(3);\nclickRandomCheckbox(); //Select the building chekcboxes randomly   \ncy.get('#registerUserSubmit').click();",
              "err": {},
              "uuid": "326a860a-0363-4b9a-83d1-b7dc34175093",
              "parentUUID": "f8e9b7c3-58cb-42ec-b957-6cf5c161da4e",
              "isHook": false,
              "skipped": false
            },
            {
              "title": "UserManagement_020 - Adding API while skipping Last Name",
              "fullTitle": "UserManagement - Cases for adding user as API UserManagement_020 - Adding API while skipping Last Name",
              "timedOut": null,
              "duration": 8729,
              "state": "passed",
              "speed": "medium",
              "pass": true,
              "fail": false,
              "pending": false,
              "context": null,
              "code": "_signIn.signInObj.GotoUserManagement();\ncy.get('#addUserButton').click();\ncy.wait(1000);\n//userCount++\ncy.get('#registerUserRequest_FirstName').type(\"Noman\");\ncy.get('#registerUserRequest_Email').type(emailAPI);\ncy.get('#registerUserRequest_PhoneNumber').type(123123);\ncy.get('#roleSelect').select(3);\nclickRandomCheckbox(); //Select the building chekcboxes randomly   \ncy.get('#registerUserSubmit').click();",
              "err": {},
              "uuid": "3c096bcd-2643-4afa-b2a3-2174e7235d2d",
              "parentUUID": "f8e9b7c3-58cb-42ec-b957-6cf5c161da4e",
              "isHook": false,
              "skipped": false
            },
            {
              "title": "UserManagement_021 - Adding API while skipping Email",
              "fullTitle": "UserManagement - Cases for adding user as API UserManagement_021 - Adding API while skipping Email",
              "timedOut": null,
              "duration": 14712,
              "state": "passed",
              "speed": "slow",
              "pass": true,
              "fail": false,
              "pending": false,
              "context": null,
              "code": "_signIn.signInObj.GotoUserManagement();\ncy.get('#addUserButton').click();\ncy.wait(1000);\n//userCount++\ncy.get('#registerUserRequest_FirstName').type(\"Noman\");\ncy.get('#registerUserRequest_LastName').type(\"API\" + randomNumAPI);\ncy.get('#registerUserRequest_PhoneNumber').type(123123);\ncy.get('#roleSelect').select(3);\nclickRandomCheckbox(); //Select the building chekcboxes randomly   \ncy.get('#registerUserSubmit').click();",
              "err": {},
              "uuid": "d67ec39b-fbb7-4c21-bb30-f44eca77ee93",
              "parentUUID": "f8e9b7c3-58cb-42ec-b957-6cf5c161da4e",
              "isHook": false,
              "skipped": false
            },
            {
              "title": "UserManagement_022 - Adding API while skipping Password",
              "fullTitle": "UserManagement - Cases for adding user as API UserManagement_022 - Adding API while skipping Password",
              "timedOut": null,
              "duration": 11626,
              "state": "passed",
              "speed": "slow",
              "pass": true,
              "fail": false,
              "pending": false,
              "context": null,
              "code": "_signIn.signInObj.GotoUserManagement();\ncy.get('#addUserButton').click();\ncy.wait(1000);\ncy.get('#registerUserRequest_FirstName').type(\"Noman\");\ncy.get('#registerUserRequest_LastName').type(\"API\" + randomNumAPI);\ncy.get('#registerUserRequest_Email').type(emailAPI);\ncy.get('#registerUserRequest_PhoneNumber').type(123123);\ncy.get('#registerUserRequest_Password').clear();\ncy.get('#roleSelect').select(3);\nclickRandomCheckbox(); //Select the building chekcboxes randomly   \ncy.get('#registerUserSubmit').click();",
              "err": {},
              "uuid": "5077b687-7657-4d0a-8ab6-19c4b6b68fc6",
              "parentUUID": "f8e9b7c3-58cb-42ec-b957-6cf5c161da4e",
              "isHook": false,
              "skipped": false
            },
            {
              "title": "UserManagement_023 - Adding New User with API Role",
              "fullTitle": "UserManagement - Cases for adding user as API UserManagement_023 - Adding New User with API Role",
              "timedOut": null,
              "duration": 13155,
              "state": "passed",
              "speed": "slow",
              "pass": true,
              "fail": false,
              "pending": false,
              "context": null,
              "code": "_signIn.signInObj.GotoUserManagement();\ncy.get('#addUserButton').click();\ncy.wait(1000);\n//userCount++\ncy.get('#registerUserRequest_FirstName').type(\"Noman\");\ncy.get('#registerUserRequest_LastName').type(\"API\" + randomNumAPI);\ncy.get('#registerUserRequest_Email').type(emailAPI);\ncy.get('#registerUserRequest_PhoneNumber').type(123123);\ncy.get('#roleSelect').select(3);\nclickRandomCheckbox(); //Select the building chekcboxes randomly   \ncy.get('#registerUserSubmit').click();\ncy.wait(1000);\ncy.get('#searchInput').type(\"API\" + randomNumAPI);\ncy.get('#searchInputButton').click();\ncy.wait(1000);\ncy.get('.btn-secondary').contains('Edit').click({\n  multiple: true\n});\ncy.wait(1000);\ncy.get('#deleteUserSubmit').contains('Delete').click({\n  multiple: true\n});",
              "err": {},
              "uuid": "955e5bb8-b7a5-4eb5-9e62-f32ad52c998e",
              "parentUUID": "f8e9b7c3-58cb-42ec-b957-6cf5c161da4e",
              "isHook": false,
              "skipped": false
            }
          ],
          "suites": [],
          "passes": [
            "326a860a-0363-4b9a-83d1-b7dc34175093",
            "3c096bcd-2643-4afa-b2a3-2174e7235d2d",
            "d67ec39b-fbb7-4c21-bb30-f44eca77ee93",
            "5077b687-7657-4d0a-8ab6-19c4b6b68fc6",
            "955e5bb8-b7a5-4eb5-9e62-f32ad52c998e"
          ],
          "failures": [],
          "pending": [],
          "skipped": [],
          "duration": 56956,
          "root": false,
          "rootEmpty": false,
          "_timeout": 2000
        }
      ],
      "passes": [],
      "failures": [],
      "pending": [],
      "skipped": [],
      "duration": 0,
      "root": true,
      "rootEmpty": true,
      "_timeout": 2000
    }
  ],
  "meta": {
    "mocha": {
      "version": "7.2.0"
    },
    "mochawesome": {
      "options": {
        "quiet": false,
        "reportFilename": "mochawesome",
        "saveHtml": true,
        "saveJson": true,
        "consoleReporter": "spec",
        "useInlineDiffs": false,
        "code": true
      },
      "version": "7.1.3"
    },
    "marge": {
      "options": {
        "reportDir": "cypress/reports",
        "overwrite": false,
        "html": true,
        "json": true
      },
      "version": "6.2.0"
    }
  }
}