{
  "stats": {
    "suites": 1,
    "tests": 12,
    "passes": 12,
    "pending": 0,
    "failures": 0,
    "start": "2025-02-28T14:25:52.284Z",
    "end": "2025-02-28T14:28:50.895Z",
    "duration": 178611,
    "testsRegistered": 12,
    "passPercent": 100,
    "pendingPercent": 0,
    "other": 0,
    "hasOther": false,
    "skipped": 0,
    "hasSkipped": false
  },
  "results": [
    {
      "uuid": "646b5f19-7917-45fe-9ab3-ca0a8ccdee11",
      "title": "",
      "fullFile": "cypress\\e2e\\Buildings.cy.js",
      "file": "cypress\\e2e\\Buildings.cy.js",
      "beforeHooks": [],
      "afterHooks": [],
      "tests": [],
      "suites": [
        {
          "uuid": "efac7a33-d688-4996-9383-4bd739284652",
          "title": "Buildings Testcases",
          "fullFile": "",
          "file": "",
          "beforeHooks": [],
          "afterHooks": [],
          "tests": [
            {
              "title": "Buildings_001 - Login and Click Add Buildings",
              "fullTitle": "Buildings Testcases Buildings_001 - Login and Click Add Buildings",
              "timedOut": null,
              "duration": 12223,
              "state": "passed",
              "speed": "slow",
              "pass": true,
              "fail": false,
              "pending": false,
              "context": null,
              "code": "_signIn.signInObj.GotoBuildings();\ncy.get('#addBuildingButton').click();",
              "err": {},
              "uuid": "faf33cd7-17db-4d06-9c31-e6ce2b255c65",
              "parentUUID": "efac7a33-d688-4996-9383-4bd739284652",
              "isHook": false,
              "skipped": false
            },
            {
              "title": "Buildings_002 - Click on \"x\" to close the popup",
              "fullTitle": "Buildings Testcases Buildings_002 - Click on \"x\" to close the popup",
              "timedOut": null,
              "duration": 8021,
              "state": "passed",
              "speed": "medium",
              "pass": true,
              "fail": false,
              "pending": false,
              "context": null,
              "code": "_signIn.signInObj.GotoBuildings();\ncy.get('#addBuildingButton').click();\ncy.wait(1000);\ncy.get('[class = \"btn btn--small btn--outline btn--transparent close-modal-button\"]').click({\n  multiple: true,\n  force: true\n});",
              "err": {},
              "uuid": "fd8d10d8-c887-4491-a7f3-6a1c734a7068",
              "parentUUID": "efac7a33-d688-4996-9383-4bd739284652",
              "isHook": false,
              "skipped": false
            },
            {
              "title": "Buildings_003 - Click on \"cancel\" to close the popup",
              "fullTitle": "Buildings Testcases Buildings_003 - Click on \"cancel\" to close the popup",
              "timedOut": null,
              "duration": 9864,
              "state": "passed",
              "speed": "medium",
              "pass": true,
              "fail": false,
              "pending": false,
              "context": null,
              "code": "_signIn.signInObj.GotoBuildings();\ncy.get('#addBuildingButton').click();\ncy.wait(1000);\ncy.get('[class = \"btn btn--outline close-modal-button\"]').click({\n  multiple: true,\n  force: true\n});",
              "err": {},
              "uuid": "14bcf371-e53a-4e65-8ae7-4c1ec2319c7b",
              "parentUUID": "efac7a33-d688-4996-9383-4bd739284652",
              "isHook": false,
              "skipped": false
            },
            {
              "title": "Buildings 004- Adding Building with searching",
              "fullTitle": "Buildings Testcases Buildings 004- Adding Building with searching",
              "timedOut": null,
              "duration": 19585,
              "state": "passed",
              "speed": "slow",
              "pass": true,
              "fail": false,
              "pending": false,
              "context": null,
              "code": "_signIn.signInObj.GotoBuildings();\ncy.get('#addBuildingButton').click();\ncy.wait(1000);\n_signIn.signInObj.typeRandomAddress();\n//cy.get('#create-pac-input').clear().type(`${'Sultan Town, Lahore, Pakistan'} {enter}`);\n//cy.get('#inputBuildingInfo input-validation-error').contains('Building name').type(\"Noman Building\"+randomName)\nconst randomName = Cypress._.random(1, 500);\ncy.get('#createBuildingRequest_Name').type('Noman Building ' + randomName); // Type into the field\ncy.get('#createBuildingRequest_WelcomeMessage').type(\"Welcome to Noman Building \" + randomName);\n_signIn.signInObj.uploadImage();\ncy.wait(1000);\ncy.get('.toastify').should('be.visible').and('contain', 'Successfully changed building image');\ncy.get('.toastify').should('not.exist');\ncy.wait(1000);\ncy.get('#addBuildingSubmit').click();\n// const address1 = cy.get('#createBuildingRequest_Address1').invoke('text')\n// if(address1 == '')\n// {\n//     cy.get('#createBuildingRequest_Address1').type('Address1 '+randomName);\n// }\n//Checking if field is blank type some text\n// cy.get('#createBuildingRequest_Address1')\n//     .invoke('text')\n//     .then((text) => {\n//         if (text.trim() === '') {\n//             cy.get('#createBuildingRequest_Address1').type('Address1 ' + randomName);\n//         }\n// });",
              "err": {},
              "uuid": "62922623-6ed9-463a-98d5-cced3781184a",
              "parentUUID": "efac7a33-d688-4996-9383-4bd739284652",
              "isHook": false,
              "skipped": false
            },
            {
              "title": "Buildings 005- Adding Building while skipping Name",
              "fullTitle": "Buildings Testcases Buildings 005- Adding Building while skipping Name",
              "timedOut": null,
              "duration": 18184,
              "state": "passed",
              "speed": "slow",
              "pass": true,
              "fail": false,
              "pending": false,
              "context": null,
              "code": "_signIn.signInObj.GotoBuildings();\ncy.get('#addBuildingButton').click();\ncy.wait(1000);\nconst randomName = Cypress._.random(1, 500);\ncy.get('#createBuildingRequest_WelcomeMessage').type(\"Welcome to Noman Building \" + randomName);\n_signIn.signInObj.fillInRandomBuildings();\ncy.get('#createBuildingRequest_Address1').type(`${_signIn.signInObj.Address1}`);\ncy.get('#createBuildingRequest_Address2').type(`${_signIn.signInObj.Address2}`);\ncy.get('#createBuildingRequest_City').type(`${_signIn.signInObj.City}`);\ncy.get('#createBuildingRequest_Country').type(`${_signIn.signInObj.Country}`);\n_signIn.signInObj.uploadImage();\ncy.wait(1000);\ncy.get('.toastify').should('be.visible').and('contain', 'Successfully changed building image');\ncy.get('.toastify').should('not.exist');\ncy.wait(1000);\ncy.get('#addBuildingSubmit').click();",
              "err": {},
              "uuid": "f1073c28-d7d1-48b6-8ca7-53cb4c99bf62",
              "parentUUID": "efac7a33-d688-4996-9383-4bd739284652",
              "isHook": false,
              "skipped": false
            },
            {
              "title": "Buildings 006- Adding Building while skipping WelcomeMessage",
              "fullTitle": "Buildings Testcases Buildings 006- Adding Building while skipping WelcomeMessage",
              "timedOut": null,
              "duration": 16662,
              "state": "passed",
              "speed": "slow",
              "pass": true,
              "fail": false,
              "pending": false,
              "context": null,
              "code": "_signIn.signInObj.GotoBuildings();\ncy.get('#addBuildingButton').click();\ncy.wait(1000);\nconst randomName = Cypress._.random(1, 500);\ncy.get('#createBuildingRequest_Name').type('Noman Building ' + randomName);\n_signIn.signInObj.fillInRandomBuildings();\ncy.get('#createBuildingRequest_Address1').type(`${_signIn.signInObj.Address1}`);\ncy.get('#createBuildingRequest_Address2').type(`${_signIn.signInObj.Address2}`);\ncy.get('#createBuildingRequest_City').type(`${_signIn.signInObj.City}`);\ncy.get('#createBuildingRequest_Country').type(`${_signIn.signInObj.Country}`);\n_signIn.signInObj.uploadImage();\ncy.wait(2000);\ncy.get('.toastify').should('be.visible').and('contain', 'Successfully changed building image');\ncy.get('.toastify').should('not.exist');\ncy.wait(1000);\ncy.get('#addBuildingSubmit').click();",
              "err": {},
              "uuid": "1689bf8d-f2da-4779-888d-e04e47bdf2fc",
              "parentUUID": "efac7a33-d688-4996-9383-4bd739284652",
              "isHook": false,
              "skipped": false
            },
            {
              "title": "Buildings 007- Adding Building while skipping Address1",
              "fullTitle": "Buildings Testcases Buildings 007- Adding Building while skipping Address1",
              "timedOut": null,
              "duration": 18034,
              "state": "passed",
              "speed": "slow",
              "pass": true,
              "fail": false,
              "pending": false,
              "context": null,
              "code": "_signIn.signInObj.GotoBuildings();\ncy.get('#addBuildingButton').click();\ncy.wait(1000);\nconst randomName = Cypress._.random(1, 500);\ncy.get('#createBuildingRequest_Name').type('Noman Building ' + randomName);\ncy.get('#createBuildingRequest_WelcomeMessage').type(\"Welcome to Noman Building \" + randomName);\n_signIn.signInObj.fillInRandomBuildings();\ncy.get('#createBuildingRequest_Address2').type(`${_signIn.signInObj.Address2}`);\ncy.get('#createBuildingRequest_City').type(`${_signIn.signInObj.City}`);\ncy.get('#createBuildingRequest_Country').type(`${_signIn.signInObj.Country}`);\n_signIn.signInObj.uploadImage();\ncy.wait(2000);\ncy.get('.toastify').should('be.visible').and('contain', 'Successfully changed building image');\ncy.get('.toastify').should('not.exist');\ncy.wait(1000);\ncy.get('#addBuildingSubmit').click();",
              "err": {},
              "uuid": "6c7fc036-cb72-4494-baa3-a4833df06f5d",
              "parentUUID": "efac7a33-d688-4996-9383-4bd739284652",
              "isHook": false,
              "skipped": false
            },
            {
              "title": "Buildings 008- Adding Building while skipping Address2",
              "fullTitle": "Buildings Testcases Buildings 008- Adding Building while skipping Address2",
              "timedOut": null,
              "duration": 16097,
              "state": "passed",
              "speed": "slow",
              "pass": true,
              "fail": false,
              "pending": false,
              "context": null,
              "code": "_signIn.signInObj.GotoBuildings();\ncy.get('#addBuildingButton').click();\ncy.wait(1000);\nconst randomName = Cypress._.random(1, 500);\ncy.get('#createBuildingRequest_Name').type('Noman Building ' + randomName);\ncy.get('#createBuildingRequest_WelcomeMessage').type(\"Welcome to Noman Building \" + randomName);\n_signIn.signInObj.fillInRandomBuildings();\ncy.get('#createBuildingRequest_Address1').type(`${_signIn.signInObj.Address1}`);\ncy.get('#createBuildingRequest_City').type(`${_signIn.signInObj.City}`);\ncy.get('#createBuildingRequest_Country').type(`${_signIn.signInObj.Country}`);\n_signIn.signInObj.uploadImage();\ncy.wait(2000);\ncy.get('.toastify').should('be.visible').and('contain', 'Successfully changed building image');\ncy.get('.toastify').should('not.exist');\ncy.wait(1000);\ncy.get('#addBuildingSubmit').click();",
              "err": {},
              "uuid": "db574aae-1afd-424d-85a1-cf8469689788",
              "parentUUID": "efac7a33-d688-4996-9383-4bd739284652",
              "isHook": false,
              "skipped": false
            },
            {
              "title": "Buildings 009- Adding Building while skipping City",
              "fullTitle": "Buildings Testcases Buildings 009- Adding Building while skipping City",
              "timedOut": null,
              "duration": 16424,
              "state": "passed",
              "speed": "slow",
              "pass": true,
              "fail": false,
              "pending": false,
              "context": null,
              "code": "_signIn.signInObj.GotoBuildings();\ncy.get('#addBuildingButton').click();\ncy.wait(1000);\nconst randomName = Cypress._.random(1, 500);\ncy.get('#createBuildingRequest_Name').type('Noman Building ' + randomName);\ncy.get('#createBuildingRequest_WelcomeMessage').type(\"Welcome to Noman Building \" + randomName);\n_signIn.signInObj.fillInRandomBuildings();\ncy.get('#createBuildingRequest_Address1').type(`${_signIn.signInObj.Address1}`);\ncy.get('#createBuildingRequest_Address2').type(`${_signIn.signInObj.Address2}`);\ncy.get('#createBuildingRequest_Country').type(`${_signIn.signInObj.Country}`);\n_signIn.signInObj.uploadImage();\ncy.wait(2000);\ncy.get('.toastify').should('be.visible').and('contain', 'Successfully changed building image');\ncy.get('.toastify').should('not.exist');\ncy.wait(1000);\ncy.get('#addBuildingSubmit').click();",
              "err": {},
              "uuid": "03b637ae-8dd6-49f8-a977-fedac49a621d",
              "parentUUID": "efac7a33-d688-4996-9383-4bd739284652",
              "isHook": false,
              "skipped": false
            },
            {
              "title": "Buildings 010- Adding Building while skipping Country",
              "fullTitle": "Buildings Testcases Buildings 010- Adding Building while skipping Country",
              "timedOut": null,
              "duration": 17144,
              "state": "passed",
              "speed": "slow",
              "pass": true,
              "fail": false,
              "pending": false,
              "context": null,
              "code": "_signIn.signInObj.GotoBuildings();\ncy.get('#addBuildingButton').click();\ncy.wait(1000);\nconst randomName = Cypress._.random(1, 500);\ncy.get('#createBuildingRequest_Name').type('Noman Building ' + randomName);\ncy.get('#createBuildingRequest_WelcomeMessage').type(\"Welcome to Noman Building \" + randomName);\n_signIn.signInObj.fillInRandomBuildings();\ncy.get('#createBuildingRequest_Address1').type(`${_signIn.signInObj.Address1}`);\ncy.get('#createBuildingRequest_Address2').type(`${_signIn.signInObj.Address2}`);\ncy.get('#createBuildingRequest_City').type(`${_signIn.signInObj.City}`);\n_signIn.signInObj.uploadImage();\ncy.wait(2000);\ncy.get('.toastify').should('be.visible').and('contain', 'Successfully changed building image');\ncy.get('.toastify').should('not.exist');\ncy.wait(1000);\ncy.get('#addBuildingSubmit').click();",
              "err": {},
              "uuid": "a983b600-7a35-4d66-83e0-b178fcda8753",
              "parentUUID": "efac7a33-d688-4996-9383-4bd739284652",
              "isHook": false,
              "skipped": false
            },
            {
              "title": "Buildings 011- Adding Building while skipping Image Upload",
              "fullTitle": "Buildings Testcases Buildings 011- Adding Building while skipping Image Upload",
              "timedOut": null,
              "duration": 10986,
              "state": "passed",
              "speed": "slow",
              "pass": true,
              "fail": false,
              "pending": false,
              "context": null,
              "code": "_signIn.signInObj.GotoBuildings();\ncy.get('#addBuildingButton').click();\ncy.wait(1000);\nconst randomName = Cypress._.random(1, 500);\ncy.get('#createBuildingRequest_Name').type('Noman Building ' + randomName);\ncy.get('#createBuildingRequest_WelcomeMessage').type(\"Welcome to Noman Building \" + randomName);\n_signIn.signInObj.fillInRandomBuildings();\ncy.get('#createBuildingRequest_Address1').type(`${_signIn.signInObj.Address1}`);\ncy.get('#createBuildingRequest_Address2').type(`${_signIn.signInObj.Address2}`);\ncy.get('#createBuildingRequest_City').type(`${_signIn.signInObj.City}`);\ncy.get('#createBuildingRequest_Country').type(`${_signIn.signInObj.Country}`);\ncy.get('#addBuildingSubmit').click();",
              "err": {},
              "uuid": "aeabba7b-2ee5-4461-bb88-539d013a5f17",
              "parentUUID": "efac7a33-d688-4996-9383-4bd739284652",
              "isHook": false,
              "skipped": false
            },
            {
              "title": "Buildings 012- Adding Building while filing up all the fields",
              "fullTitle": "Buildings Testcases Buildings 012- Adding Building while filing up all the fields",
              "timedOut": null,
              "duration": 13965,
              "state": "passed",
              "speed": "slow",
              "pass": true,
              "fail": false,
              "pending": false,
              "context": null,
              "code": "_signIn.signInObj.GotoBuildings();\ncy.get('#addBuildingButton').click();\ncy.wait(1000);\nconst randomName = Cypress._.random(1, 500);\ncy.get('#createBuildingRequest_Name').type('Noman Building ' + randomName);\ncy.get('#createBuildingRequest_WelcomeMessage').type(\"Welcome to Noman Building \" + randomName);\n_signIn.signInObj.fillInRandomBuildings();\ncy.get('#createBuildingRequest_Address1').type(`${_signIn.signInObj.Address1}`);\ncy.get('#createBuildingRequest_Address2').type(`${_signIn.signInObj.Address2}`);\ncy.get('#createBuildingRequest_City').type(`${_signIn.signInObj.City}`);\ncy.get('#createBuildingRequest_Country').type(`${_signIn.signInObj.Country}`);\n_signIn.signInObj.uploadImage();\ncy.wait(2000);\ncy.get('#addBuildingSubmit').click();",
              "err": {},
              "uuid": "e4072f3a-b3d8-46c0-b415-8439776d6b73",
              "parentUUID": "efac7a33-d688-4996-9383-4bd739284652",
              "isHook": false,
              "skipped": false
            }
          ],
          "suites": [],
          "passes": [
            "faf33cd7-17db-4d06-9c31-e6ce2b255c65",
            "fd8d10d8-c887-4491-a7f3-6a1c734a7068",
            "14bcf371-e53a-4e65-8ae7-4c1ec2319c7b",
            "62922623-6ed9-463a-98d5-cced3781184a",
            "f1073c28-d7d1-48b6-8ca7-53cb4c99bf62",
            "1689bf8d-f2da-4779-888d-e04e47bdf2fc",
            "6c7fc036-cb72-4494-baa3-a4833df06f5d",
            "db574aae-1afd-424d-85a1-cf8469689788",
            "03b637ae-8dd6-49f8-a977-fedac49a621d",
            "a983b600-7a35-4d66-83e0-b178fcda8753",
            "aeabba7b-2ee5-4461-bb88-539d013a5f17",
            "e4072f3a-b3d8-46c0-b415-8439776d6b73"
          ],
          "failures": [],
          "pending": [],
          "skipped": [],
          "duration": 177189,
          "root": false,
          "rootEmpty": false,
          "_timeout": 2000
        }
      ],
      "passes": [],
      "failures": [],
      "pending": [],
      "skipped": [],
      "duration": 0,
      "root": true,
      "rootEmpty": true,
      "_timeout": 2000
    }
  ],
  "meta": {
    "mocha": {
      "version": "7.0.1"
    },
    "mochawesome": {
      "options": {
        "quiet": false,
        "reportFilename": "mochawesome",
        "saveHtml": true,
        "saveJson": true,
        "consoleReporter": "spec",
        "useInlineDiffs": false,
        "code": true
      },
      "version": "7.1.3"
    },
    "marge": {
      "options": {
        "reportDir": "cypress/reports",
        "overwrite": false,
        "html": true,
        "json": true
      },
      "version": "6.2.0"
    }
  }
}