{
  "stats": {
    "suites": 1,
    "tests": 1,
    "passes": 1,
    "pending": 0,
    "failures": 0,
    "start": "2025-02-28T12:20:14.076Z",
    "end": "2025-02-28T12:20:29.507Z",
    "duration": 15431,
    "testsRegistered": 1,
    "passPercent": 100,
    "pendingPercent": 0,
    "other": 0,
    "hasOther": false,
    "skipped": 0,
    "hasSkipped": false
  },
  "results": [
    {
      "uuid": "a3f3af14-a99b-4efc-b803-9902e2b4021b",
      "title": "",
      "fullFile": "cypress\\e2e\\Tenant Management.cy.js",
      "file": "cypress\\e2e\\Tenant Management.cy.js",
      "beforeHooks": [],
      "afterHooks": [],
      "tests": [],
      "suites": [
        {
          "uuid": "351e8307-cb2c-4dd7-96b7-585cb814fb5e",
          "title": "Tenant Management Cases",
          "fullFile": "",
          "file": "",
          "beforeHooks": [],
          "afterHooks": [],
          "tests": [
            {
              "title": "Tenant Management 009- Editing Tenant ",
              "fullTitle": "Tenant Management Cases Tenant Management 009- Editing Tenant ",
              "timedOut": null,
              "duration": 15279,
              "state": "passed",
              "speed": "slow",
              "pass": true,
              "fail": false,
              "pending": false,
              "context": null,
              "code": "_signIn.signInObj.gotoTenantManagment();\ncy.wait(1000);\n_signIn.signInObj.clickButtonRandomlySkippingRoot('[class=\"btn-secondary\"]', 'Edit');\ncy.wait(1000);\ncy.get('#updateTenantRequest_Name').invoke('removeAttr', 'readonly').clear();\n_signIn.signInObj.typeNameRandomly('#updateTenantRequest_Name', \" \");\n_signIn.signInObj.SelectRandomDropdownValue('#UpdateRegionSelect');\n_signIn.signInObj.SelectRandomDropdownValue('#UpdateCustomerSelect');\n_signIn.signInObj.closePopup('[class = \"btn btn--small btn--outline btn--transparent close-modal-button\"]');",
              "err": {},
              "uuid": "c34fd9f8-8e24-4d04-83e6-ff79b53b104b",
              "parentUUID": "351e8307-cb2c-4dd7-96b7-585cb814fb5e",
              "isHook": false,
              "skipped": false
            }
          ],
          "suites": [],
          "passes": [
            "c34fd9f8-8e24-4d04-83e6-ff79b53b104b"
          ],
          "failures": [],
          "pending": [],
          "skipped": [],
          "duration": 15279,
          "root": false,
          "rootEmpty": false,
          "_timeout": 2000
        }
      ],
      "passes": [],
      "failures": [],
      "pending": [],
      "skipped": [],
      "duration": 0,
      "root": true,
      "rootEmpty": true,
      "_timeout": 2000
    }
  ],
  "meta": {
    "mocha": {
      "version": "7.0.1"
    },
    "mochawesome": {
      "options": {
        "quiet": false,
        "reportFilename": "mochawesome",
        "saveHtml": true,
        "saveJson": true,
        "consoleReporter": "spec",
        "useInlineDiffs": false,
        "code": true
      },
      "version": "7.1.3"
    },
    "marge": {
      "options": {
        "reportDir": "cypress/reports",
        "overwrite": false,
        "html": true,
        "json": true
      },
      "version": "6.2.0"
    }
  }
}