{
  "stats": {
    "suites": 4,
    "tests": 23,
    "passes": 23,
    "pending": 0,
    "failures": 0,
    "start": "2025-02-28T12:20:33.975Z",
    "end": "2025-02-28T12:25:11.907Z",
    "duration": 277932,
    "testsRegistered": 23,
    "passPercent": 100,
    "pendingPercent": 0,
    "other": 0,
    "hasOther": false,
    "skipped": 0,
    "hasSkipped": false
  },
  "results": [
    {
      "uuid": "50d5734a-6971-486f-a0a4-1ae74bfff235",
      "title": "",
      "fullFile": "cypress\\e2e\\UserManagement.cy.js",
      "file": "cypress\\e2e\\UserManagement.cy.js",
      "beforeHooks": [],
      "afterHooks": [],
      "tests": [],
      "suites": [
        {
          "uuid": "1a83bc0f-891e-4ddc-9514-93a0a83538bc",
          "title": "UserManagement - Cases for adding user as Security",
          "fullFile": "",
          "file": "",
          "beforeHooks": [],
          "afterHooks": [],
          "tests": [
            {
              "title": "UserManagement_001 - Login and Click Add User",
              "fullTitle": "UserManagement - Cases for adding user as Security UserManagement_001 - Login and Click Add User",
              "timedOut": null,
              "duration": 9125,
              "state": "passed",
              "speed": "medium",
              "pass": true,
              "fail": false,
              "pending": false,
              "context": null,
              "code": "_signIn.signInObj.GotoUserManagement();\ncy.get('#addUserButton').click();",
              "err": {},
              "uuid": "94e7a6ab-ddf7-4cd8-a1e8-1538c4f582f0",
              "parentUUID": "1a83bc0f-891e-4ddc-9514-93a0a83538bc",
              "isHook": false,
              "skipped": false
            },
            {
              "title": "UserManagement_002 - Click on \"x\" to close the popup",
              "fullTitle": "UserManagement - Cases for adding user as Security UserManagement_002 - Click on \"x\" to close the popup",
              "timedOut": null,
              "duration": 7763,
              "state": "passed",
              "speed": "medium",
              "pass": true,
              "fail": false,
              "pending": false,
              "context": null,
              "code": "_signIn.signInObj.GotoUserManagement();\ncy.get('#addUserButton').click();\ncy.wait(1000);\ncy.get('[class = \"btn btn--small btn--outline btn--transparent close-modal-button\"]').click({\n  multiple: true,\n  force: true\n});",
              "err": {},
              "uuid": "4a1bc3a6-b66c-45d0-8064-35b3cd67f7e8",
              "parentUUID": "1a83bc0f-891e-4ddc-9514-93a0a83538bc",
              "isHook": false,
              "skipped": false
            },
            {
              "title": "UserManagement_003 - Click on \"cancel\" to close the popup",
              "fullTitle": "UserManagement - Cases for adding user as Security UserManagement_003 - Click on \"cancel\" to close the popup",
              "timedOut": null,
              "duration": 8600,
              "state": "passed",
              "speed": "medium",
              "pass": true,
              "fail": false,
              "pending": false,
              "context": null,
              "code": "_signIn.signInObj.GotoUserManagement();\ncy.get('#addUserButton').click();\ncy.wait(1000);\ncy.get('[class = \"btn btn--outline close-modal-button\"]').click({\n  multiple: true,\n  force: true\n});",
              "err": {},
              "uuid": "12892a68-12b9-435f-823d-392f47782ed1",
              "parentUUID": "1a83bc0f-891e-4ddc-9514-93a0a83538bc",
              "isHook": false,
              "skipped": false
            },
            {
              "title": "UserManagement_004 - Adding User while skipping First Name",
              "fullTitle": "UserManagement - Cases for adding user as Security UserManagement_004 - Adding User while skipping First Name",
              "timedOut": null,
              "duration": 10264,
              "state": "passed",
              "speed": "slow",
              "pass": true,
              "fail": false,
              "pending": false,
              "context": null,
              "code": "_signIn.signInObj.GotoUserManagement();\ncy.get('#addUserButton').click();\ncy.wait(1000);\n//userCount++\ncy.get('#registerUserRequest_LastName').type(\"Security\" + randomNumSecurtiy);\ncy.get('#registerUserRequest_Email').type(emailSecurity);\ncy.get('#registerUserRequest_PhoneNumber').type(123123);\ncy.get('#roleSelect').select(2);\nclickRandomCheckbox(); //Select the building chekcboxes randomly   \ncy.get('#registerUserSubmit').click();",
              "err": {},
              "uuid": "8d9eb78a-b7de-4acc-bed0-930aa846164c",
              "parentUUID": "1a83bc0f-891e-4ddc-9514-93a0a83538bc",
              "isHook": false,
              "skipped": false
            },
            {
              "title": "UserManagement_005 - Adding User while skipping Last Name",
              "fullTitle": "UserManagement - Cases for adding user as Security UserManagement_005 - Adding User while skipping Last Name",
              "timedOut": null,
              "duration": 10555,
              "state": "passed",
              "speed": "slow",
              "pass": true,
              "fail": false,
              "pending": false,
              "context": null,
              "code": "_signIn.signInObj.GotoUserManagement();\ncy.get('#addUserButton').click();\ncy.wait(1000);\n//userCount++\ncy.get('#registerUserRequest_FirstName').type(\"Security\" + randomNumSecurtiy);\ncy.get('#registerUserRequest_Email').type(emailSecurity);\ncy.get('#registerUserRequest_PhoneNumber').type(123123);\ncy.get('#roleSelect').select(2);\nclickRandomCheckbox(); //Select the building chekcboxes randomly   \ncy.get('#registerUserSubmit').click();",
              "err": {},
              "uuid": "3d88c6b9-626e-4fe6-be20-aadf3a97965a",
              "parentUUID": "1a83bc0f-891e-4ddc-9514-93a0a83538bc",
              "isHook": false,
              "skipped": false
            },
            {
              "title": "UserManagement_006 - Adding User while skipping Email",
              "fullTitle": "UserManagement - Cases for adding user as Security UserManagement_006 - Adding User while skipping Email",
              "timedOut": null,
              "duration": 11411,
              "state": "passed",
              "speed": "slow",
              "pass": true,
              "fail": false,
              "pending": false,
              "context": null,
              "code": "_signIn.signInObj.GotoUserManagement();\ncy.get('#addUserButton').click();\ncy.wait(1000);\n//userCount++\ncy.get('#registerUserRequest_FirstName').type(\"Noman\");\ncy.get('#registerUserRequest_LastName').type(\"Security\" + randomNumSecurtiy);\ncy.get('#registerUserRequest_PhoneNumber').type(123123);\ncy.get('#roleSelect').select(2);\nclickRandomCheckbox(); //Select the building chekcboxes randomly   \ncy.get('#registerUserSubmit').click();",
              "err": {},
              "uuid": "13bfd4a6-945a-4d03-82f9-03da9d2eae1d",
              "parentUUID": "1a83bc0f-891e-4ddc-9514-93a0a83538bc",
              "isHook": false,
              "skipped": false
            },
            {
              "title": "UserManagement_007 - Adding User while skipping Password",
              "fullTitle": "UserManagement - Cases for adding user as Security UserManagement_007 - Adding User while skipping Password",
              "timedOut": null,
              "duration": 13043,
              "state": "passed",
              "speed": "slow",
              "pass": true,
              "fail": false,
              "pending": false,
              "context": null,
              "code": "_signIn.signInObj.GotoUserManagement();\ncy.get('#addUserButton').click();\ncy.wait(1000);\n//userCount++\ncy.get('#registerUserRequest_FirstName').type(\"Noman\");\ncy.get('#registerUserRequest_LastName').type(\"Security\" + randomNumSecurtiy);\ncy.get('#registerUserRequest_Email').type(emailSecurity);\ncy.get('#registerUserRequest_PhoneNumber').type(123123);\ncy.get('#registerUserRequest_Password').clear();\ncy.get('#roleSelect').select(2);\nclickRandomCheckbox(); //Select the building chekcboxes randomly   \ncy.get('#registerUserSubmit').click();",
              "err": {},
              "uuid": "bf646368-58db-4381-85d6-9bcbd270a7ff",
              "parentUUID": "1a83bc0f-891e-4ddc-9514-93a0a83538bc",
              "isHook": false,
              "skipped": false
            },
            {
              "title": "UserManagement_008 - Adding New User with Security guard Role",
              "fullTitle": "UserManagement - Cases for adding user as Security UserManagement_008 - Adding New User with Security guard Role",
              "timedOut": null,
              "duration": 16673,
              "state": "passed",
              "speed": "slow",
              "pass": true,
              "fail": false,
              "pending": false,
              "context": null,
              "code": "_signIn.signInObj.GotoUserManagement();\ncy.get('#addUserButton').click();\ncy.wait(1000);\n//userCount++\ncy.get('#registerUserRequest_FirstName').type(\"Noman\");\ncy.get('#registerUserRequest_LastName').type(\"Security\" + randomNumSecurtiy);\ncy.get('#registerUserRequest_Email').type(emailSecurity);\ncy.get('#registerUserRequest_PhoneNumber').type(123123);\ncy.get('#roleSelect').select(2);\nclickRandomCheckbox(); //Select the building chekcboxes randomly   \ncy.get('#registerUserSubmit').click();\ncy.wait(1000);\ncy.get('#searchInput').type(\"Security\" + randomNumSecurtiy);\ncy.get('#searchInputButton').click();\ncy.wait(1000);\ncy.get('.btn-secondary').contains('Edit').click({\n  multiple: true\n});\ncy.wait(1000);\ncy.get('#deleteUserSubmit').contains('Delete').click({\n  multiple: true\n});",
              "err": {},
              "uuid": "10026557-82ba-42d8-baa4-e7cd0699cfd2",
              "parentUUID": "1a83bc0f-891e-4ddc-9514-93a0a83538bc",
              "isHook": false,
              "skipped": false
            }
          ],
          "suites": [],
          "passes": [
            "94e7a6ab-ddf7-4cd8-a1e8-1538c4f582f0",
            "4a1bc3a6-b66c-45d0-8064-35b3cd67f7e8",
            "12892a68-12b9-435f-823d-392f47782ed1",
            "8d9eb78a-b7de-4acc-bed0-930aa846164c",
            "3d88c6b9-626e-4fe6-be20-aadf3a97965a",
            "13bfd4a6-945a-4d03-82f9-03da9d2eae1d",
            "bf646368-58db-4381-85d6-9bcbd270a7ff",
            "10026557-82ba-42d8-baa4-e7cd0699cfd2"
          ],
          "failures": [],
          "pending": [],
          "skipped": [],
          "duration": 87434,
          "root": false,
          "rootEmpty": false,
          "_timeout": 2000
        },
        {
          "uuid": "35f1c473-7b1d-42ec-a12f-0a6c7b2420e4",
          "title": "UserManagement - Cases for adding user as Admin",
          "fullFile": "",
          "file": "",
          "beforeHooks": [],
          "afterHooks": [],
          "tests": [
            {
              "title": "UserManagement_009 - Adding Admin while skipping First Name",
              "fullTitle": "UserManagement - Cases for adding user as Admin UserManagement_009 - Adding Admin while skipping First Name",
              "timedOut": null,
              "duration": 11775,
              "state": "passed",
              "speed": "slow",
              "pass": true,
              "fail": false,
              "pending": false,
              "context": null,
              "code": "_signIn.signInObj.GotoUserManagement();\ncy.get('#addUserButton').click();\ncy.wait(1000);\n//userCount++\ncy.get('#registerUserRequest_LastName').type(\"Admin\" + randomNumAdmin);\ncy.get('#registerUserRequest_Email').type(emailAdmin);\ncy.get('#registerUserRequest_PhoneNumber').type(123123);\ncy.get('#roleSelect').select(1);\ncy.get('#registerUserSubmit').click();",
              "err": {},
              "uuid": "d2932250-3dda-42db-9df7-d768b9943d42",
              "parentUUID": "35f1c473-7b1d-42ec-a12f-0a6c7b2420e4",
              "isHook": false,
              "skipped": false
            },
            {
              "title": "UserManagement_010 - Adding Admin while skipping Last Name",
              "fullTitle": "UserManagement - Cases for adding user as Admin UserManagement_010 - Adding Admin while skipping Last Name",
              "timedOut": null,
              "duration": 14119,
              "state": "passed",
              "speed": "slow",
              "pass": true,
              "fail": false,
              "pending": false,
              "context": null,
              "code": "_signIn.signInObj.GotoUserManagement();\ncy.get('#addUserButton').click();\ncy.wait(1000);\n//userCount++\ncy.get('#registerUserRequest_FirstName').type(\"Noman\");\ncy.get('#registerUserRequest_Email').type(emailAdmin);\ncy.get('#registerUserRequest_PhoneNumber').type(123123);\ncy.get('#roleSelect').select(0);\ncy.get('#registerUserSubmit').click();",
              "err": {},
              "uuid": "b8421d40-2872-4667-906d-81c12996b9d7",
              "parentUUID": "35f1c473-7b1d-42ec-a12f-0a6c7b2420e4",
              "isHook": false,
              "skipped": false
            },
            {
              "title": "UserManagement_011 - Adding Admin while skipping Email",
              "fullTitle": "UserManagement - Cases for adding user as Admin UserManagement_011 - Adding Admin while skipping Email",
              "timedOut": null,
              "duration": 11893,
              "state": "passed",
              "speed": "slow",
              "pass": true,
              "fail": false,
              "pending": false,
              "context": null,
              "code": "_signIn.signInObj.GotoUserManagement();\ncy.get('#addUserButton').click();\ncy.wait(1000);\n//userCount++\ncy.get('#registerUserRequest_FirstName').type(\"Noman\");\ncy.get('#registerUserRequest_LastName').type(\"Admin\" + randomNumAdmin);\ncy.get('#registerUserRequest_PhoneNumber').type(123123);\ncy.get('#roleSelect').select(0);\ncy.get('#registerUserSubmit').click();",
              "err": {},
              "uuid": "74906fc8-1372-4c77-a4e9-2c10b2525758",
              "parentUUID": "35f1c473-7b1d-42ec-a12f-0a6c7b2420e4",
              "isHook": false,
              "skipped": false
            },
            {
              "title": "UserManagement_012 - Adding Admin while skipping Password",
              "fullTitle": "UserManagement - Cases for adding user as Admin UserManagement_012 - Adding Admin while skipping Password",
              "timedOut": null,
              "duration": 11151,
              "state": "passed",
              "speed": "slow",
              "pass": true,
              "fail": false,
              "pending": false,
              "context": null,
              "code": "_signIn.signInObj.GotoUserManagement();\ncy.get('#addUserButton').click();\ncy.wait(1000);\n//userCount++\ncy.get('#registerUserRequest_FirstName').type(\"Noman\");\ncy.get('#registerUserRequest_LastName').type(\"Admin\" + randomNumAdmin);\ncy.get('#registerUserRequest_Email').type(emailAdmin);\ncy.get('#registerUserRequest_PhoneNumber').type(123123);\ncy.get('#registerUserRequest_Password').clear();\ncy.get('#roleSelect').select(0);\ncy.get('#registerUserSubmit').click();",
              "err": {},
              "uuid": "dafa3459-1068-4bc4-8e0d-c6aff9c4abe8",
              "parentUUID": "35f1c473-7b1d-42ec-a12f-0a6c7b2420e4",
              "isHook": false,
              "skipped": false
            },
            {
              "title": "UserManagement_013 - Adding New User Admin Role",
              "fullTitle": "UserManagement - Cases for adding user as Admin UserManagement_013 - Adding New User Admin Role",
              "timedOut": null,
              "duration": 14785,
              "state": "passed",
              "speed": "slow",
              "pass": true,
              "fail": false,
              "pending": false,
              "context": null,
              "code": "_signIn.signInObj.GotoUserManagement();\ncy.get('#addUserButton').click();\ncy.wait(1000);\n//userCount++\ncy.get('#registerUserRequest_FirstName').type(\"Noman\");\ncy.get('#registerUserRequest_LastName').type(\"Admin\" + randomNumAdmin);\ncy.get('#registerUserRequest_Email').type(emailAdmin);\ncy.get('#registerUserRequest_PhoneNumber').type(123123);\ncy.get('#roleSelect').select(0);\ncy.get('#registerUserSubmit').click();\ncy.wait(1000);\ncy.get('#searchInput').type(\"Admin\" + randomNumAdmin);\ncy.get('#searchInputButton').click();\ncy.wait(1000);\ncy.get('.btn-secondary').contains('Edit').click({\n  multiple: true\n});\ncy.wait(1000);\ncy.get('#deleteUserSubmit').contains('Delete').click({\n  multiple: true\n});",
              "err": {},
              "uuid": "dd544367-2a57-47cd-98e8-c938136bbd82",
              "parentUUID": "35f1c473-7b1d-42ec-a12f-0a6c7b2420e4",
              "isHook": false,
              "skipped": false
            }
          ],
          "suites": [],
          "passes": [
            "d2932250-3dda-42db-9df7-d768b9943d42",
            "b8421d40-2872-4667-906d-81c12996b9d7",
            "74906fc8-1372-4c77-a4e9-2c10b2525758",
            "dafa3459-1068-4bc4-8e0d-c6aff9c4abe8",
            "dd544367-2a57-47cd-98e8-c938136bbd82"
          ],
          "failures": [],
          "pending": [],
          "skipped": [],
          "duration": 63723,
          "root": false,
          "rootEmpty": false,
          "_timeout": 2000
        },
        {
          "uuid": "d694af38-198f-40c3-b3a3-65c608fe9439",
          "title": "UserManagement - Cases for adding user as Editor",
          "fullFile": "",
          "file": "",
          "beforeHooks": [],
          "afterHooks": [],
          "tests": [
            {
              "title": "UserManagement_014 - Adding Editor while skipping First Name",
              "fullTitle": "UserManagement - Cases for adding user as Editor UserManagement_014 - Adding Editor while skipping First Name",
              "timedOut": null,
              "duration": 12236,
              "state": "passed",
              "speed": "slow",
              "pass": true,
              "fail": false,
              "pending": false,
              "context": null,
              "code": "_signIn.signInObj.GotoUserManagement();\ncy.get('#addUserButton').click();\ncy.wait(1000);\n//userCount++\ncy.get('#registerUserRequest_LastName').type(\"Editor\" + randomNumEditor);\ncy.get('#registerUserRequest_Email').type(emailEditor);\ncy.get('#registerUserRequest_PhoneNumber').type(123123);\ncy.get('#roleSelect').select(1);\nclickRandomCheckbox(); //Select the building chekcboxes randomly   \ncy.get('#registerUserSubmit').click();",
              "err": {},
              "uuid": "a6de51dd-bcb1-44ff-b1e6-534e216a628d",
              "parentUUID": "d694af38-198f-40c3-b3a3-65c608fe9439",
              "isHook": false,
              "skipped": false
            },
            {
              "title": "UserManagement_015 - Adding Editor while skipping Last Name",
              "fullTitle": "UserManagement - Cases for adding user as Editor UserManagement_015 - Adding Editor while skipping Last Name",
              "timedOut": null,
              "duration": 7721,
              "state": "passed",
              "speed": "medium",
              "pass": true,
              "fail": false,
              "pending": false,
              "context": null,
              "code": "_signIn.signInObj.GotoUserManagement();\ncy.get('#addUserButton').click();\ncy.wait(1000);\n//userCount++\ncy.get('#registerUserRequest_FirstName').type(\"Noman\");\ncy.get('#registerUserRequest_Email').type(emailEditor);\ncy.get('#registerUserRequest_PhoneNumber').type(123123);\ncy.get('#roleSelect').select(1);\nclickRandomCheckbox(); //Select the building chekcboxes randomly   \ncy.get('#registerUserSubmit').click();",
              "err": {},
              "uuid": "5e7f1759-5d95-4202-8f96-f8cebc5fe8be",
              "parentUUID": "d694af38-198f-40c3-b3a3-65c608fe9439",
              "isHook": false,
              "skipped": false
            },
            {
              "title": "UserManagement_016 - Adding Editor while skipping Email",
              "fullTitle": "UserManagement - Cases for adding user as Editor UserManagement_016 - Adding Editor while skipping Email",
              "timedOut": null,
              "duration": 10474,
              "state": "passed",
              "speed": "slow",
              "pass": true,
              "fail": false,
              "pending": false,
              "context": null,
              "code": "_signIn.signInObj.GotoUserManagement();\ncy.get('#addUserButton').click();\ncy.wait(1000);\n//userCount++\ncy.get('#registerUserRequest_FirstName').type(\"Noman\");\ncy.get('#registerUserRequest_LastName').type(\"Editor\" + randomNumEditor);\ncy.get('#registerUserRequest_PhoneNumber').type(123123);\ncy.get('#roleSelect').select(1);\nclickRandomCheckbox(); //Select the building chekcboxes randomly   \ncy.get('#registerUserSubmit').click();",
              "err": {},
              "uuid": "c8b9122b-5ffe-4045-b9ba-bbd3b5d329b3",
              "parentUUID": "d694af38-198f-40c3-b3a3-65c608fe9439",
              "isHook": false,
              "skipped": false
            },
            {
              "title": "UserManagement_017 - Adding Editor while skipping Password",
              "fullTitle": "UserManagement - Cases for adding user as Editor UserManagement_017 - Adding Editor while skipping Password",
              "timedOut": null,
              "duration": 10803,
              "state": "passed",
              "speed": "slow",
              "pass": true,
              "fail": false,
              "pending": false,
              "context": null,
              "code": "_signIn.signInObj.GotoUserManagement();\ncy.get('#addUserButton').click();\ncy.wait(1000);\n//userCount++\ncy.get('#registerUserRequest_FirstName').type(\"Noman\");\ncy.get('#registerUserRequest_LastName').type(\"Editor\" + randomNumEditor);\ncy.get('#registerUserRequest_Email').type(emailEditor);\ncy.get('#registerUserRequest_PhoneNumber').type(123123);\ncy.get('#registerUserRequest_Password').clear();\ncy.get('#roleSelect').select(1);\nclickRandomCheckbox(); //Select the building chekcboxes randomly   \ncy.get('#registerUserSubmit').click();",
              "err": {},
              "uuid": "d90afc46-5f41-454d-bc9a-fb667582bef7",
              "parentUUID": "d694af38-198f-40c3-b3a3-65c608fe9439",
              "isHook": false,
              "skipped": false
            },
            {
              "title": "UserManagement_018 - Adding New User with Editor Role",
              "fullTitle": "UserManagement - Cases for adding user as Editor UserManagement_018 - Adding New User with Editor Role",
              "timedOut": null,
              "duration": 19727,
              "state": "passed",
              "speed": "slow",
              "pass": true,
              "fail": false,
              "pending": false,
              "context": null,
              "code": "_signIn.signInObj.GotoUserManagement();\ncy.get('#addUserButton').click();\ncy.wait(1000);\n//userCount++\ncy.get('#registerUserRequest_FirstName').type(\"Noman\");\ncy.get('#registerUserRequest_LastName').type(\"Editor\" + randomNumEditor);\ncy.get('#registerUserRequest_Email').type(emailEditor);\ncy.get('#registerUserRequest_PhoneNumber').type(123123);\ncy.get('#roleSelect').select(1);\nclickRandomCheckbox(); //Select the building chekcboxes randomly   \ncy.get('#registerUserSubmit').click();\ncy.wait(1000);\ncy.get('#searchInput').type(\"Editor\" + randomNumEditor);\ncy.get('#searchInputButton').click();\ncy.wait(1000);\ncy.get('.btn-secondary').contains('Edit').click({\n  multiple: true\n});\ncy.wait(1000);\ncy.get('#deleteUserSubmit').contains('Delete').click({\n  multiple: true\n});",
              "err": {},
              "uuid": "04c7edc0-ab44-4462-8085-1ab5a4d6453e",
              "parentUUID": "d694af38-198f-40c3-b3a3-65c608fe9439",
              "isHook": false,
              "skipped": false
            }
          ],
          "suites": [],
          "passes": [
            "a6de51dd-bcb1-44ff-b1e6-534e216a628d",
            "5e7f1759-5d95-4202-8f96-f8cebc5fe8be",
            "c8b9122b-5ffe-4045-b9ba-bbd3b5d329b3",
            "d90afc46-5f41-454d-bc9a-fb667582bef7",
            "04c7edc0-ab44-4462-8085-1ab5a4d6453e"
          ],
          "failures": [],
          "pending": [],
          "skipped": [],
          "duration": 60961,
          "root": false,
          "rootEmpty": false,
          "_timeout": 2000
        },
        {
          "uuid": "e44fdb39-9377-4be6-b324-564dfd03eaa7",
          "title": "UserManagement - Cases for adding user as API",
          "fullFile": "",
          "file": "",
          "beforeHooks": [],
          "afterHooks": [],
          "tests": [
            {
              "title": "UserManagement_019 - Adding API while skipping First Name",
              "fullTitle": "UserManagement - Cases for adding user as API UserManagement_019 - Adding API while skipping First Name",
              "timedOut": null,
              "duration": 11879,
              "state": "passed",
              "speed": "slow",
              "pass": true,
              "fail": false,
              "pending": false,
              "context": null,
              "code": "_signIn.signInObj.GotoUserManagement();\ncy.get('#addUserButton').click();\ncy.wait(1000);\n//userCount++\ncy.get('#registerUserRequest_LastName').type(\"API\" + randomNumAPI);\ncy.get('#registerUserRequest_Email').type(emailAPI);\ncy.get('#registerUserRequest_PhoneNumber').type(123123);\ncy.get('#roleSelect').select(3);\nclickRandomCheckbox(); //Select the building chekcboxes randomly   \ncy.get('#registerUserSubmit').click();",
              "err": {},
              "uuid": "4d552fb0-f932-46bb-b88f-4a324cfac509",
              "parentUUID": "e44fdb39-9377-4be6-b324-564dfd03eaa7",
              "isHook": false,
              "skipped": false
            },
            {
              "title": "UserManagement_020 - Adding API while skipping Last Name",
              "fullTitle": "UserManagement - Cases for adding user as API UserManagement_020 - Adding API while skipping Last Name",
              "timedOut": null,
              "duration": 12978,
              "state": "passed",
              "speed": "slow",
              "pass": true,
              "fail": false,
              "pending": false,
              "context": null,
              "code": "_signIn.signInObj.GotoUserManagement();\ncy.get('#addUserButton').click();\ncy.wait(1000);\n//userCount++\ncy.get('#registerUserRequest_FirstName').type(\"Noman\");\ncy.get('#registerUserRequest_Email').type(emailAPI);\ncy.get('#registerUserRequest_PhoneNumber').type(123123);\ncy.get('#roleSelect').select(3);\nclickRandomCheckbox(); //Select the building chekcboxes randomly   \ncy.get('#registerUserSubmit').click();",
              "err": {},
              "uuid": "206f58b3-eb8f-41f6-817b-630805b85985",
              "parentUUID": "e44fdb39-9377-4be6-b324-564dfd03eaa7",
              "isHook": false,
              "skipped": false
            },
            {
              "title": "UserManagement_021 - Adding API while skipping Email",
              "fullTitle": "UserManagement - Cases for adding user as API UserManagement_021 - Adding API while skipping Email",
              "timedOut": null,
              "duration": 10093,
              "state": "passed",
              "speed": "slow",
              "pass": true,
              "fail": false,
              "pending": false,
              "context": null,
              "code": "_signIn.signInObj.GotoUserManagement();\ncy.get('#addUserButton').click();\ncy.wait(1000);\n//userCount++\ncy.get('#registerUserRequest_FirstName').type(\"Noman\");\ncy.get('#registerUserRequest_LastName').type(\"API\" + randomNumAPI);\ncy.get('#registerUserRequest_PhoneNumber').type(123123);\ncy.get('#roleSelect').select(3);\nclickRandomCheckbox(); //Select the building chekcboxes randomly   \ncy.get('#registerUserSubmit').click();",
              "err": {},
              "uuid": "4c187b7e-4e46-49d2-8313-2b75d29c7b53",
              "parentUUID": "e44fdb39-9377-4be6-b324-564dfd03eaa7",
              "isHook": false,
              "skipped": false
            },
            {
              "title": "UserManagement_022 - Adding API while skipping Password",
              "fullTitle": "UserManagement - Cases for adding user as API UserManagement_022 - Adding API while skipping Password",
              "timedOut": null,
              "duration": 11700,
              "state": "passed",
              "speed": "slow",
              "pass": true,
              "fail": false,
              "pending": false,
              "context": null,
              "code": "_signIn.signInObj.GotoUserManagement();\ncy.get('#addUserButton').click();\ncy.wait(1000);\ncy.get('#registerUserRequest_FirstName').type(\"Noman\");\ncy.get('#registerUserRequest_LastName').type(\"API\" + randomNumAPI);\ncy.get('#registerUserRequest_Email').type(emailAPI);\ncy.get('#registerUserRequest_PhoneNumber').type(123123);\ncy.get('#registerUserRequest_Password').clear();\ncy.get('#roleSelect').select(3);\nclickRandomCheckbox(); //Select the building chekcboxes randomly   \ncy.get('#registerUserSubmit').click();",
              "err": {},
              "uuid": "051ef980-5a93-4796-bdd3-e59967ff2c95",
              "parentUUID": "e44fdb39-9377-4be6-b324-564dfd03eaa7",
              "isHook": false,
              "skipped": false
            },
            {
              "title": "UserManagement_023 - Adding New User with API Role",
              "fullTitle": "UserManagement - Cases for adding user as API UserManagement_023 - Adding New User with API Role",
              "timedOut": null,
              "duration": 14633,
              "state": "passed",
              "speed": "slow",
              "pass": true,
              "fail": false,
              "pending": false,
              "context": null,
              "code": "_signIn.signInObj.GotoUserManagement();\ncy.get('#addUserButton').click();\ncy.wait(1000);\n//userCount++\ncy.get('#registerUserRequest_FirstName').type(\"Noman\");\ncy.get('#registerUserRequest_LastName').type(\"API\" + randomNumAPI);\ncy.get('#registerUserRequest_Email').type(emailAPI);\ncy.get('#registerUserRequest_PhoneNumber').type(123123);\ncy.get('#roleSelect').select(3);\nclickRandomCheckbox(); //Select the building chekcboxes randomly   \ncy.get('#registerUserSubmit').click();\ncy.wait(1000);\ncy.get('#searchInput').type(\"API\" + randomNumAPI);\ncy.get('#searchInputButton').click();\ncy.wait(1000);\ncy.get('.btn-secondary').contains('Edit').click({\n  multiple: true\n});\ncy.wait(1000);\ncy.get('#deleteUserSubmit').contains('Delete').click({\n  multiple: true\n});",
              "err": {},
              "uuid": "d312ddf2-e4a5-454c-9659-464a7bce196b",
              "parentUUID": "e44fdb39-9377-4be6-b324-564dfd03eaa7",
              "isHook": false,
              "skipped": false
            }
          ],
          "suites": [],
          "passes": [
            "4d552fb0-f932-46bb-b88f-4a324cfac509",
            "206f58b3-eb8f-41f6-817b-630805b85985",
            "4c187b7e-4e46-49d2-8313-2b75d29c7b53",
            "051ef980-5a93-4796-bdd3-e59967ff2c95",
            "d312ddf2-e4a5-454c-9659-464a7bce196b"
          ],
          "failures": [],
          "pending": [],
          "skipped": [],
          "duration": 61283,
          "root": false,
          "rootEmpty": false,
          "_timeout": 2000
        }
      ],
      "passes": [],
      "failures": [],
      "pending": [],
      "skipped": [],
      "duration": 0,
      "root": true,
      "rootEmpty": true,
      "_timeout": 2000
    }
  ],
  "meta": {
    "mocha": {
      "version": "7.0.1"
    },
    "mochawesome": {
      "options": {
        "quiet": false,
        "reportFilename": "mochawesome",
        "saveHtml": true,
        "saveJson": true,
        "consoleReporter": "spec",
        "useInlineDiffs": false,
        "code": true
      },
      "version": "7.1.3"
    },
    "marge": {
      "options": {
        "reportDir": "cypress/reports",
        "overwrite": false,
        "html": true,
        "json": true
      },
      "version": "6.2.0"
    }
  }
}