{
  "stats": {
    "suites": 1,
    "tests": 12,
    "passes": 11,
    "pending": 0,
    "failures": 1,
    "start": "2025-04-09T10:38:24.254Z",
    "end": "2025-04-09T10:41:29.994Z",
    "duration": 185740,
    "testsRegistered": 12,
    "passPercent": 91.66666666666666,
    "pendingPercent": 0,
    "other": 0,
    "hasOther": false,
    "skipped": 0,
    "hasSkipped": false
  },
  "results": [
    {
      "uuid": "b64b46ed-9532-4c27-a1f5-1b9bef5b1699",
      "title": "",
      "fullFile": "cypress\\e2e\\Buildings.cy.js",
      "file": "cypress\\e2e\\Buildings.cy.js",
      "beforeHooks": [],
      "afterHooks": [],
      "tests": [],
      "suites": [
        {
          "uuid": "4c7134cf-262a-4ff4-9fbc-ba0d6ad8c76d",
          "title": "Buildings Testcases",
          "fullFile": "",
          "file": "",
          "beforeHooks": [],
          "afterHooks": [],
          "tests": [
            {
              "title": "Buildings_001 - Login and Click Add Buildings",
              "fullTitle": "Buildings Testcases Buildings_001 - Login and Click Add Buildings",
              "timedOut": null,
              "duration": 15164,
              "state": "passed",
              "speed": "slow",
              "pass": true,
              "fail": false,
              "pending": false,
              "context": null,
              "code": "_signIn.signInObj.GotoBuildings();\ncy.get('#addBuildingButton').click();",
              "err": {},
              "uuid": "c5273116-4afe-4cae-a4f6-104c4f1b561d",
              "parentUUID": "4c7134cf-262a-4ff4-9fbc-ba0d6ad8c76d",
              "isHook": false,
              "skipped": false
            },
            {
              "title": "Buildings_002 - Click on \"x\" to close the popup",
              "fullTitle": "Buildings Testcases Buildings_002 - Click on \"x\" to close the popup",
              "timedOut": null,
              "duration": 16153,
              "state": "passed",
              "speed": "slow",
              "pass": true,
              "fail": false,
              "pending": false,
              "context": null,
              "code": "_signIn.signInObj.GotoBuildings();\ncy.get('#addBuildingButton').click();\ncy.wait(1000);\ncy.get('[class = \"btn btn--small btn--outline btn--transparent close-modal-button\"]').click({\n  multiple: true,\n  force: true\n});",
              "err": {},
              "uuid": "1a518798-d612-4a45-b85e-57dee890b800",
              "parentUUID": "4c7134cf-262a-4ff4-9fbc-ba0d6ad8c76d",
              "isHook": false,
              "skipped": false
            },
            {
              "title": "Buildings_003 - Click on \"cancel\" to close the popup",
              "fullTitle": "Buildings Testcases Buildings_003 - Click on \"cancel\" to close the popup",
              "timedOut": null,
              "duration": 12956,
              "state": "passed",
              "speed": "slow",
              "pass": true,
              "fail": false,
              "pending": false,
              "context": null,
              "code": "_signIn.signInObj.GotoBuildings();\ncy.get('#addBuildingButton').click();\ncy.wait(1000);\ncy.get('[class = \"btn btn--outline close-modal-button\"]').click({\n  multiple: true,\n  force: true\n});",
              "err": {},
              "uuid": "1d5b2062-2486-4f32-9b9e-6ff9e3977c96",
              "parentUUID": "4c7134cf-262a-4ff4-9fbc-ba0d6ad8c76d",
              "isHook": false,
              "skipped": false
            },
            {
              "title": "Buildings 004- Adding Building with searching",
              "fullTitle": "Buildings Testcases Buildings 004- Adding Building with searching",
              "timedOut": null,
              "duration": 10751,
              "state": "failed",
              "speed": null,
              "pass": false,
              "fail": true,
              "pending": false,
              "context": null,
              "code": "_signIn.signInObj.GotoBuildings();\ncy.get('#addBuildingButton').click();\ncy.wait(1000);\n_signIn.signInObj.typeRandomAddress();\n//cy.get('#create-pac-input').clear().type(`${'Sultan Town, Lahore, Pakistan'} {enter}`);\n//cy.get('#inputBuildingInfo input-validation-error').contains('Building name').type(\"Noman Building\"+randomName)\nconst randomName = Cypress._.random(1, 500);\ncy.get('#createBuildingRequest_Name').type('Noman Building ' + randomName); // Type into the field\ncy.get('#createBuildingRequest_WelcomeMessage').type(\"Welcome to Noman Building \" + randomName);\n_signIn.signInObj.uploadImage();\ncy.wait(1000);\ncy.get('.toastify').should('be.visible').and('contain', 'Successfully changed building image');\ncy.get('.toastify').should('not.exist');\ncy.wait(1000);\ncy.get('#addBuildingSubmit').click();\n// const address1 = cy.get('#createBuildingRequest_Address1').invoke('text')\n// if(address1 == '')\n// {\n//     cy.get('#createBuildingRequest_Address1').type('Address1 '+randomName);\n// }\n//Checking if field is blank type some text\n// cy.get('#createBuildingRequest_Address1')\n//     .invoke('text')\n//     .then((text) => {\n//         if (text.trim() === '') {\n//             cy.get('#createBuildingRequest_Address1').type('Address1 ' + randomName);\n//         }\n// });",
              "err": {
                "message": "CypressError: Timed out retrying after 4000ms: `cy.clear()` failed because the center of this element is hidden from view:\n\n`<input id=\"create-pac-input\" class=\"controls pac-input loc-searchbox pac-target-input\" type=\"text\" placeholder=\"Search Box\" autocomplete=\"off\">`\n\nFix this problem, or use `{force: true}` to disable error checking.\n\nhttps://on.cypress.io/element-cannot-be-interacted-with",
                "estack": "CypressError: Timed out retrying after 4000ms: `cy.clear()` failed because the center of this element is hidden from view:\n\n`<input id=\"create-pac-input\" class=\"controls pac-input loc-searchbox pac-target-input\" type=\"text\" placeholder=\"Search Box\" autocomplete=\"off\">`\n\nFix this problem, or use `{force: true}` to disable error checking.\n\nhttps://on.cypress.io/element-cannot-be-interacted-with\n    at ensureIsDescendent (https://admin-test.mygatepass.com/__cypress/runner/cypress_runner.js:113108:66)\n    at ensureDescendents (https://admin-test.mygatepass.com/__cypress/runner/cypress_runner.js:113144:5)\n    at possiblyScrollMultipleTimes (https://admin-test.mygatepass.com/__cypress/runner/cypress_runner.js:113251:22)\n    at scrollContainers (https://admin-test.mygatepass.com/__cypress/runner/cypress_runner.js:113273:16)\n    at possiblyScrollMultipleTimes (https://admin-test.mygatepass.com/__cypress/runner/cypress_runner.js:113270:20)\n    at possiblyScrollMultipleTimes (https://admin-test.mygatepass.com/__cypress/runner/cypress_runner.js:113263:24)\n    at scrollContainers (https://admin-test.mygatepass.com/__cypress/runner/cypress_runner.js:113273:16)\n    at possiblyScrollMultipleTimes (https://admin-test.mygatepass.com/__cypress/runner/cypress_runner.js:113270:20)\n    at possiblyScrollMultipleTimes (https://admin-test.mygatepass.com/__cypress/runner/cypress_runner.js:113263:24)\n    at scrollContainers (https://admin-test.mygatepass.com/__cypress/runner/cypress_runner.js:113273:16)\n    at ensureDescendentsAndScroll (https://admin-test.mygatepass.com/__cypress/runner/cypress_runner.js:113277:14)\n    at ensureElIsNotCovered (https://admin-test.mygatepass.com/__cypress/runner/cypress_runner.js:113281:5)\n    at runAllChecks (https://admin-test.mygatepass.com/__cypress/runner/cypress_runner.js:113480:52)\n    at retryActionability (https://admin-test.mygatepass.com/__cypress/runner/cypress_runner.js:113517:16)\n    at tryCatcher (https://admin-test.mygatepass.com/__cypress/runner/cypress_runner.js:1777:23)\n    at Promise.attempt.Promise.try (https://admin-test.mygatepass.com/__cypress/runner/cypress_runner.js:4285:29)\n    at whenStable (https://admin-test.mygatepass.com/__cypress/runner/cypress_runner.js:145831:68)\n    at <unknown> (https://admin-test.mygatepass.com/__cypress/runner/cypress_runner.js:145772:14)\n    at tryCatcher (https://admin-test.mygatepass.com/__cypress/runner/cypress_runner.js:1777:23)\n    at Promise._settlePromiseFromHandler (https://admin-test.mygatepass.com/__cypress/runner/cypress_runner.js:1489:31)\n    at Promise._settlePromise (https://admin-test.mygatepass.com/__cypress/runner/cypress_runner.js:1546:18)\n    at Promise._settlePromise0 (https://admin-test.mygatepass.com/__cypress/runner/cypress_runner.js:1591:10)",
                "diff": null
              },
              "uuid": "efd83b38-e331-4352-b672-6216fd1da047",
              "parentUUID": "4c7134cf-262a-4ff4-9fbc-ba0d6ad8c76d",
              "isHook": false,
              "skipped": false
            },
            {
              "title": "Buildings 005- Adding Building while skipping Name",
              "fullTitle": "Buildings Testcases Buildings 005- Adding Building while skipping Name",
              "timedOut": null,
              "duration": 16630,
              "state": "passed",
              "speed": "slow",
              "pass": true,
              "fail": false,
              "pending": false,
              "context": null,
              "code": "_signIn.signInObj.GotoBuildings();\ncy.get('#addBuildingButton').click();\ncy.wait(1000);\nconst randomName = Cypress._.random(1, 500);\ncy.get('#createBuildingRequest_WelcomeMessage').type(\"Welcome to Noman Building \" + randomName);\n_signIn.signInObj.fillInRandomBuildings();\ncy.get('#createBuildingRequest_Address1').type(`${_signIn.signInObj.Address1}`);\ncy.get('#createBuildingRequest_Address2').type(`${_signIn.signInObj.Address2}`);\ncy.get('#createBuildingRequest_City').type(`${_signIn.signInObj.City}`);\ncy.get('#createBuildingRequest_Country').type(`${_signIn.signInObj.Country}`);\n_signIn.signInObj.uploadImage();\ncy.wait(1000);\ncy.get('.toastify').should('be.visible').and('contain', 'Successfully changed building image');\ncy.get('.toastify').should('not.exist');\ncy.wait(1000);\ncy.get('#addBuildingSubmit').click();",
              "err": {},
              "uuid": "82f5c06a-92d3-41b8-b326-6988b91805f0",
              "parentUUID": "4c7134cf-262a-4ff4-9fbc-ba0d6ad8c76d",
              "isHook": false,
              "skipped": false
            },
            {
              "title": "Buildings 006- Adding Building while skipping WelcomeMessage",
              "fullTitle": "Buildings Testcases Buildings 006- Adding Building while skipping WelcomeMessage",
              "timedOut": null,
              "duration": 16878,
              "state": "passed",
              "speed": "slow",
              "pass": true,
              "fail": false,
              "pending": false,
              "context": null,
              "code": "_signIn.signInObj.GotoBuildings();\ncy.get('#addBuildingButton').click();\ncy.wait(1000);\nconst randomName = Cypress._.random(1, 500);\ncy.get('#createBuildingRequest_Name').type('Noman Building ' + randomName);\n_signIn.signInObj.fillInRandomBuildings();\ncy.get('#createBuildingRequest_Address1').type(`${_signIn.signInObj.Address1}`);\ncy.get('#createBuildingRequest_Address2').type(`${_signIn.signInObj.Address2}`);\ncy.get('#createBuildingRequest_City').type(`${_signIn.signInObj.City}`);\ncy.get('#createBuildingRequest_Country').type(`${_signIn.signInObj.Country}`);\n_signIn.signInObj.uploadImage();\ncy.wait(2000);\ncy.get('.toastify').should('be.visible').and('contain', 'Successfully changed building image');\ncy.get('.toastify').should('not.exist');\ncy.wait(1000);\ncy.get('#addBuildingSubmit').click();",
              "err": {},
              "uuid": "17a8357c-4d94-4a4b-8aec-22661655de13",
              "parentUUID": "4c7134cf-262a-4ff4-9fbc-ba0d6ad8c76d",
              "isHook": false,
              "skipped": false
            },
            {
              "title": "Buildings 007- Adding Building while skipping Address1",
              "fullTitle": "Buildings Testcases Buildings 007- Adding Building while skipping Address1",
              "timedOut": null,
              "duration": 16631,
              "state": "passed",
              "speed": "slow",
              "pass": true,
              "fail": false,
              "pending": false,
              "context": null,
              "code": "_signIn.signInObj.GotoBuildings();\ncy.get('#addBuildingButton').click();\ncy.wait(1000);\nconst randomName = Cypress._.random(1, 500);\ncy.get('#createBuildingRequest_Name').type('Noman Building ' + randomName);\ncy.get('#createBuildingRequest_WelcomeMessage').type(\"Welcome to Noman Building \" + randomName);\n_signIn.signInObj.fillInRandomBuildings();\ncy.get('#createBuildingRequest_Address2').type(`${_signIn.signInObj.Address2}`);\ncy.get('#createBuildingRequest_City').type(`${_signIn.signInObj.City}`);\ncy.get('#createBuildingRequest_Country').type(`${_signIn.signInObj.Country}`);\n_signIn.signInObj.uploadImage();\ncy.wait(2000);\ncy.get('.toastify').should('be.visible').and('contain', 'Successfully changed building image');\ncy.get('.toastify').should('not.exist');\ncy.wait(1000);\ncy.get('#addBuildingSubmit').click();",
              "err": {},
              "uuid": "89e1f295-eaf0-4107-8a01-a01d022149c6",
              "parentUUID": "4c7134cf-262a-4ff4-9fbc-ba0d6ad8c76d",
              "isHook": false,
              "skipped": false
            },
            {
              "title": "Buildings 008- Adding Building while skipping Address2",
              "fullTitle": "Buildings Testcases Buildings 008- Adding Building while skipping Address2",
              "timedOut": null,
              "duration": 16651,
              "state": "passed",
              "speed": "slow",
              "pass": true,
              "fail": false,
              "pending": false,
              "context": null,
              "code": "_signIn.signInObj.GotoBuildings();\ncy.get('#addBuildingButton').click();\ncy.wait(1000);\nconst randomName = Cypress._.random(1, 500);\ncy.get('#createBuildingRequest_Name').type('Noman Building ' + randomName);\ncy.get('#createBuildingRequest_WelcomeMessage').type(\"Welcome to Noman Building \" + randomName);\n_signIn.signInObj.fillInRandomBuildings();\ncy.get('#createBuildingRequest_Address1').type(`${_signIn.signInObj.Address1}`);\ncy.get('#createBuildingRequest_City').type(`${_signIn.signInObj.City}`);\ncy.get('#createBuildingRequest_Country').type(`${_signIn.signInObj.Country}`);\n_signIn.signInObj.uploadImage();\ncy.wait(2000);\ncy.get('.toastify').should('be.visible').and('contain', 'Successfully changed building image');\ncy.get('.toastify').should('not.exist');\ncy.wait(1000);\ncy.get('#addBuildingSubmit').click();",
              "err": {},
              "uuid": "7dc90d38-0e92-4ab7-9b26-afc705192531",
              "parentUUID": "4c7134cf-262a-4ff4-9fbc-ba0d6ad8c76d",
              "isHook": false,
              "skipped": false
            },
            {
              "title": "Buildings 009- Adding Building while skipping City",
              "fullTitle": "Buildings Testcases Buildings 009- Adding Building while skipping City",
              "timedOut": null,
              "duration": 20355,
              "state": "passed",
              "speed": "slow",
              "pass": true,
              "fail": false,
              "pending": false,
              "context": null,
              "code": "_signIn.signInObj.GotoBuildings();\ncy.get('#addBuildingButton').click();\ncy.wait(1000);\nconst randomName = Cypress._.random(1, 500);\ncy.get('#createBuildingRequest_Name').type('Noman Building ' + randomName);\ncy.get('#createBuildingRequest_WelcomeMessage').type(\"Welcome to Noman Building \" + randomName);\n_signIn.signInObj.fillInRandomBuildings();\ncy.get('#createBuildingRequest_Address1').type(`${_signIn.signInObj.Address1}`);\ncy.get('#createBuildingRequest_Address2').type(`${_signIn.signInObj.Address2}`);\ncy.get('#createBuildingRequest_Country').type(`${_signIn.signInObj.Country}`);\n_signIn.signInObj.uploadImage();\ncy.wait(2000);\ncy.get('.toastify').should('be.visible').and('contain', 'Successfully changed building image');\ncy.get('.toastify').should('not.exist');\ncy.wait(1000);\ncy.get('#addBuildingSubmit').click();",
              "err": {},
              "uuid": "a4ea6f20-f836-4e90-93fb-8c57be765013",
              "parentUUID": "4c7134cf-262a-4ff4-9fbc-ba0d6ad8c76d",
              "isHook": false,
              "skipped": false
            },
            {
              "title": "Buildings 010- Adding Building while skipping Country",
              "fullTitle": "Buildings Testcases Buildings 010- Adding Building while skipping Country",
              "timedOut": null,
              "duration": 20318,
              "state": "passed",
              "speed": "slow",
              "pass": true,
              "fail": false,
              "pending": false,
              "context": null,
              "code": "_signIn.signInObj.GotoBuildings();\ncy.get('#addBuildingButton').click();\ncy.wait(1000);\nconst randomName = Cypress._.random(1, 500);\ncy.get('#createBuildingRequest_Name').type('Noman Building ' + randomName);\ncy.get('#createBuildingRequest_WelcomeMessage').type(\"Welcome to Noman Building \" + randomName);\n_signIn.signInObj.fillInRandomBuildings();\ncy.get('#createBuildingRequest_Address1').type(`${_signIn.signInObj.Address1}`);\ncy.get('#createBuildingRequest_Address2').type(`${_signIn.signInObj.Address2}`);\ncy.get('#createBuildingRequest_City').type(`${_signIn.signInObj.City}`);\n_signIn.signInObj.uploadImage();\ncy.wait(2000);\ncy.get('.toastify').should('be.visible').and('contain', 'Successfully changed building image');\ncy.get('.toastify').should('not.exist');\ncy.wait(1000);\ncy.get('#addBuildingSubmit').click();",
              "err": {},
              "uuid": "1c0605a8-aeab-4064-8b2b-9e36e8720dbc",
              "parentUUID": "4c7134cf-262a-4ff4-9fbc-ba0d6ad8c76d",
              "isHook": false,
              "skipped": false
            },
            {
              "title": "Buildings 011- Adding Building while skipping Image Upload",
              "fullTitle": "Buildings Testcases Buildings 011- Adding Building while skipping Image Upload",
              "timedOut": null,
              "duration": 9975,
              "state": "passed",
              "speed": "medium",
              "pass": true,
              "fail": false,
              "pending": false,
              "context": null,
              "code": "_signIn.signInObj.GotoBuildings();\ncy.get('#addBuildingButton').click();\ncy.wait(1000);\nconst randomName = Cypress._.random(1, 500);\ncy.get('#createBuildingRequest_Name').type('Noman Building ' + randomName);\ncy.get('#createBuildingRequest_WelcomeMessage').type(\"Welcome to Noman Building \" + randomName);\n_signIn.signInObj.fillInRandomBuildings();\ncy.get('#createBuildingRequest_Address1').type(`${_signIn.signInObj.Address1}`);\ncy.get('#createBuildingRequest_Address2').type(`${_signIn.signInObj.Address2}`);\ncy.get('#createBuildingRequest_City').type(`${_signIn.signInObj.City}`);\ncy.get('#createBuildingRequest_Country').type(`${_signIn.signInObj.Country}`);\ncy.get('#addBuildingSubmit').click();",
              "err": {},
              "uuid": "acf1f6cb-7009-420e-9cd5-8db11a38789f",
              "parentUUID": "4c7134cf-262a-4ff4-9fbc-ba0d6ad8c76d",
              "isHook": false,
              "skipped": false
            },
            {
              "title": "Buildings 012- Adding Building while filing up all the fields",
              "fullTitle": "Buildings Testcases Buildings 012- Adding Building while filing up all the fields",
              "timedOut": null,
              "duration": 12014,
              "state": "passed",
              "speed": "slow",
              "pass": true,
              "fail": false,
              "pending": false,
              "context": null,
              "code": "_signIn.signInObj.GotoBuildings();\ncy.get('#addBuildingButton').click();\ncy.wait(1000);\nconst randomName = Cypress._.random(1, 500);\ncy.get('#createBuildingRequest_Name').type('Noman Building ' + randomName);\ncy.get('#createBuildingRequest_WelcomeMessage').type(\"Welcome to Noman Building \" + randomName);\n_signIn.signInObj.fillInRandomBuildings();\ncy.get('#createBuildingRequest_Address1').type(`${_signIn.signInObj.Address1}`);\ncy.get('#createBuildingRequest_Address2').type(`${_signIn.signInObj.Address2}`);\ncy.get('#createBuildingRequest_City').type(`${_signIn.signInObj.City}`);\ncy.get('#createBuildingRequest_Country').type(`${_signIn.signInObj.Country}`);\n_signIn.signInObj.uploadImage();\ncy.wait(2000);\ncy.get('#addBuildingSubmit').click();",
              "err": {},
              "uuid": "2645e228-e7c8-4264-bab8-e1643357bff2",
              "parentUUID": "4c7134cf-262a-4ff4-9fbc-ba0d6ad8c76d",
              "isHook": false,
              "skipped": false
            }
          ],
          "suites": [],
          "passes": [
            "c5273116-4afe-4cae-a4f6-104c4f1b561d",
            "1a518798-d612-4a45-b85e-57dee890b800",
            "1d5b2062-2486-4f32-9b9e-6ff9e3977c96",
            "82f5c06a-92d3-41b8-b326-6988b91805f0",
            "17a8357c-4d94-4a4b-8aec-22661655de13",
            "89e1f295-eaf0-4107-8a01-a01d022149c6",
            "7dc90d38-0e92-4ab7-9b26-afc705192531",
            "a4ea6f20-f836-4e90-93fb-8c57be765013",
            "1c0605a8-aeab-4064-8b2b-9e36e8720dbc",
            "acf1f6cb-7009-420e-9cd5-8db11a38789f",
            "2645e228-e7c8-4264-bab8-e1643357bff2"
          ],
          "failures": [
            "efd83b38-e331-4352-b672-6216fd1da047"
          ],
          "pending": [],
          "skipped": [],
          "duration": 184476,
          "root": false,
          "rootEmpty": false,
          "_timeout": 2000
        }
      ],
      "passes": [],
      "failures": [],
      "pending": [],
      "skipped": [],
      "duration": 0,
      "root": true,
      "rootEmpty": true,
      "_timeout": 2000
    }
  ],
  "meta": {
    "mocha": {
      "version": "7.2.0"
    },
    "mochawesome": {
      "options": {
        "quiet": false,
        "reportFilename": "mochawesome",
        "saveHtml": true,
        "saveJson": true,
        "consoleReporter": "spec",
        "useInlineDiffs": false,
        "code": true
      },
      "version": "7.1.3"
    },
    "marge": {
      "options": {
        "reportDir": "cypress/reports",
        "overwrite": false,
        "html": true,
        "json": true
      },
      "version": "6.2.0"
    }
  }
}