{
  "stats": {
    "suites": 1,
    "tests": 24,
    "passes": 21,
    "pending": 0,
    "failures": 3,
    "start": "2025-04-09T11:14:56.945Z",
    "end": "2025-04-09T11:19:00.272Z",
    "duration": 243327,
    "testsRegistered": 24,
    "passPercent": 87.5,
    "pendingPercent": 0,
    "other": 0,
    "hasOther": false,
    "skipped": 0,
    "hasSkipped": false
  },
  "results": [
    {
      "uuid": "9c06cb40-9b88-4187-88ee-ad407da2e40f",
      "title": "",
      "fullFile": "cypress\\e2e\\TenantConfiguration.cy.js",
      "file": "cypress\\e2e\\TenantConfiguration.cy.js",
      "beforeHooks": [],
      "afterHooks": [],
      "tests": [],
      "suites": [
        {
          "uuid": "95309e3a-f089-455c-84e8-d896686258ec",
          "title": "Tenant Configuration Testcases",
          "fullFile": "",
          "file": "",
          "beforeHooks": [],
          "afterHooks": [],
          "tests": [
            {
              "title": " Tenant Config 001 - Login and go to Tenant Configurations  ",
              "fullTitle": "Tenant Configuration Testcases  Tenant Config 001 - Login and go to Tenant Configurations  ",
              "timedOut": null,
              "duration": 15763,
              "state": "passed",
              "speed": "slow",
              "pass": true,
              "fail": false,
              "pending": false,
              "context": null,
              "code": "_signIn.signInObj.gotoTenantConfiguration();",
              "err": {},
              "uuid": "3c87381a-61c4-48f5-929c-138516420c79",
              "parentUUID": "95309e3a-f089-455c-84e8-d896686258ec",
              "isHook": false,
              "skipped": false
            },
            {
              "title": " Tenant Config 002 - Save Config while skipping \"Tenant Domain\"  ",
              "fullTitle": "Tenant Configuration Testcases  Tenant Config 002 - Save Config while skipping \"Tenant Domain\"  ",
              "timedOut": null,
              "duration": 7880,
              "state": "passed",
              "speed": "medium",
              "pass": true,
              "fail": false,
              "pending": false,
              "context": null,
              "code": "_signIn.signInObj.gotoTenantConfiguration();\ncy.wait(1000);\ncy.get('#create_TenantDomain').clear();\n_signIn.signInObj.clicktheCheckBox('#create_CollectIdEnabled');\n_signIn.signInObj.clicktheCheckBox('#create_QRLocationCheckEnabled');\n_signIn.signInObj.validateDistance('#create_QRLocationCheckDistanceInMeters', 200);\ncy.get('#SaveConfig').click();",
              "err": {},
              "uuid": "e92168d8-567d-4f12-8767-0be310613637",
              "parentUUID": "95309e3a-f089-455c-84e8-d896686258ec",
              "isHook": false,
              "skipped": false
            },
            {
              "title": " Tenant Config 003 - Save Config while skipping \"Id Collection\"  ",
              "fullTitle": "Tenant Configuration Testcases  Tenant Config 003 - Save Config while skipping \"Id Collection\"  ",
              "timedOut": null,
              "duration": 10351,
              "state": "passed",
              "speed": "slow",
              "pass": true,
              "fail": false,
              "pending": false,
              "context": null,
              "code": "_signIn.signInObj.gotoTenantConfiguration();\ncy.wait(1000);\n_signIn.signInObj.skipCheckbox('#create_CollectIdEnabled');\n_signIn.signInObj.clicktheCheckBox('#create_QRLocationCheckEnabled');\n_signIn.signInObj.validateDistance('#create_QRLocationCheckDistanceInMeters', 500);\ncy.get('#SaveConfig').click();",
              "err": {},
              "uuid": "cb2de1aa-1f41-41c7-86e3-1332684bc37d",
              "parentUUID": "95309e3a-f089-455c-84e8-d896686258ec",
              "isHook": false,
              "skipped": false
            },
            {
              "title": " Tenant Config 004 - Save Config while skipping \"QR Location check\"  ",
              "fullTitle": "Tenant Configuration Testcases  Tenant Config 004 - Save Config while skipping \"QR Location check\"  ",
              "timedOut": null,
              "duration": 7685,
              "state": "passed",
              "speed": "medium",
              "pass": true,
              "fail": false,
              "pending": false,
              "context": null,
              "code": "_signIn.signInObj.gotoTenantConfiguration();\ncy.wait(1000);\n_signIn.signInObj.clicktheCheckBox('#create_CollectIdEnabled');\n_signIn.signInObj.skipCheckbox('#create_QRLocationCheckEnabled');\n_signIn.signInObj.validateDistance('#create_QRLocationCheckDistanceInMeters', 500);\ncy.get('#SaveConfig').click();",
              "err": {},
              "uuid": "8baecb3b-c950-4f81-b7b6-13553463c341",
              "parentUUID": "95309e3a-f089-455c-84e8-d896686258ec",
              "isHook": false,
              "skipped": false
            },
            {
              "title": " Tenant Config 005 - Save Config while skipping \"both checkboxes\"  ",
              "fullTitle": "Tenant Configuration Testcases  Tenant Config 005 - Save Config while skipping \"both checkboxes\"  ",
              "timedOut": null,
              "duration": 7948,
              "state": "passed",
              "speed": "medium",
              "pass": true,
              "fail": false,
              "pending": false,
              "context": null,
              "code": "_signIn.signInObj.gotoTenantConfiguration();\ncy.wait(1000);\n_signIn.signInObj.skipCheckbox('#create_CollectIdEnabled');\n_signIn.signInObj.skipCheckbox('#create_QRLocationCheckEnabled');\n_signIn.signInObj.validateDistance('#create_QRLocationCheckDistanceInMeters', 500);\ncy.get('#SaveConfig').click();",
              "err": {},
              "uuid": "b9467c2f-8acd-46a1-901a-699b1be98a85",
              "parentUUID": "95309e3a-f089-455c-84e8-d896686258ec",
              "isHook": false,
              "skipped": false
            },
            {
              "title": " Tenant Config 006 - Save Config while skipping Acceptance distance  ",
              "fullTitle": "Tenant Configuration Testcases  Tenant Config 006 - Save Config while skipping Acceptance distance  ",
              "timedOut": null,
              "duration": 6964,
              "state": "passed",
              "speed": "medium",
              "pass": true,
              "fail": false,
              "pending": false,
              "context": null,
              "code": "_signIn.signInObj.gotoTenantConfiguration();\ncy.wait(1000);\n_signIn.signInObj.clicktheCheckBox('#create_CollectIdEnabled');\n_signIn.signInObj.clicktheCheckBox('#create_QRLocationCheckEnabled');\ncy.get('#create_QRLocationCheckDistanceInMeters').clear();\ncy.get('#SaveConfig').click();",
              "err": {},
              "uuid": "cd910c26-c584-43ba-8821-0eb0d6ee46ff",
              "parentUUID": "95309e3a-f089-455c-84e8-d896686258ec",
              "isHook": false,
              "skipped": false
            },
            {
              "title": " Tenant Config 007 - Save Config whith negative distance value",
              "fullTitle": "Tenant Configuration Testcases  Tenant Config 007 - Save Config whith negative distance value",
              "timedOut": null,
              "duration": 10198,
              "state": "passed",
              "speed": "slow",
              "pass": true,
              "fail": false,
              "pending": false,
              "context": null,
              "code": "_signIn.signInObj.gotoTenantConfiguration();\ncy.wait(1000);\n_signIn.signInObj.clicktheCheckBox('#create_CollectIdEnabled');\n_signIn.signInObj.clicktheCheckBox('#create_QRLocationCheckEnabled');\n_signIn.signInObj.validateDistance('#create_QRLocationCheckDistanceInMeters', -10);\ncy.get('#SaveConfig').click();",
              "err": {},
              "uuid": "86cfafb7-e6e8-4dee-8a43-5a37f5a1405e",
              "parentUUID": "95309e3a-f089-455c-84e8-d896686258ec",
              "isHook": false,
              "skipped": false
            },
            {
              "title": " Tenant Config 008 - Save Config whith skipping first Approver",
              "fullTitle": "Tenant Configuration Testcases  Tenant Config 008 - Save Config whith skipping first Approver",
              "timedOut": null,
              "duration": 8809,
              "state": "passed",
              "speed": "medium",
              "pass": true,
              "fail": false,
              "pending": false,
              "context": null,
              "code": "_signIn.signInObj.gotoTenantConfiguration();\ncy.wait(1000);\ncy.get('#ui-id-2').click();\ncy.wait(500);\n_signIn.signInObj.clicktheCheckBox('#create_InvitationApprovalEnabled');\n_signIn.signInObj.SelectRandomDropdownValue('[name=\"SecondApprover\"]');\n_signIn.signInObj.SelectRandomDropdownAll('[name=\"ApprovalType\"]');\ncy.get('#SaveConfig').click();",
              "err": {},
              "uuid": "9728c317-84be-4e9f-ae59-6c13b72b7363",
              "parentUUID": "95309e3a-f089-455c-84e8-d896686258ec",
              "isHook": false,
              "skipped": false
            },
            {
              "title": " Tenant Config 009 - Save Config whith skipping second Approver",
              "fullTitle": "Tenant Configuration Testcases  Tenant Config 009 - Save Config whith skipping second Approver",
              "timedOut": null,
              "duration": 7652,
              "state": "passed",
              "speed": "medium",
              "pass": true,
              "fail": false,
              "pending": false,
              "context": null,
              "code": "_signIn.signInObj.gotoTenantConfiguration();\ncy.wait(1000);\ncy.get('#ui-id-2').click();\ncy.wait(500);\n_signIn.signInObj.clicktheCheckBox('#create_InvitationApprovalEnabled');\n_signIn.signInObj.SelectRandomDropdownValue('[name=\"FirstApprover\"]');\n_signIn.signInObj.SelectRandomDropdownAll('[name=\"ApprovalType\"]');\ncy.get('#SaveConfig').click();",
              "err": {},
              "uuid": "f09988ab-f7c6-48c4-a77f-243dd1fb17ac",
              "parentUUID": "95309e3a-f089-455c-84e8-d896686258ec",
              "isHook": false,
              "skipped": false
            },
            {
              "title": " Tenant Config 010 - Save Config whith skipping Enable Invitation Approval",
              "fullTitle": "Tenant Configuration Testcases  Tenant Config 010 - Save Config whith skipping Enable Invitation Approval",
              "timedOut": null,
              "duration": 8568,
              "state": "passed",
              "speed": "medium",
              "pass": true,
              "fail": false,
              "pending": false,
              "context": null,
              "code": "_signIn.signInObj.gotoTenantConfiguration();\ncy.wait(1000);\ncy.get('#ui-id-2').click();\ncy.wait(500);\n_signIn.signInObj.skipCheckbox('#create_InvitationApprovalEnabled');\n_signIn.signInObj.SelectRandomDropdownValue('[name=\"FirstApprover\"]');\n_signIn.signInObj.SelectRandomDropdownValue('[name=\"SecondApprover\"]');\n_signIn.signInObj.SelectRandomDropdownAll('[name=\"ApprovalType\"]');\ncy.get('#SaveConfig').click();",
              "err": {},
              "uuid": "eafe0934-b45e-4a4d-863e-251250d322d0",
              "parentUUID": "95309e3a-f089-455c-84e8-d896686258ec",
              "isHook": false,
              "skipped": false
            },
            {
              "title": " Tenant Config 010 - Save Config whith all the values selected",
              "fullTitle": "Tenant Configuration Testcases  Tenant Config 010 - Save Config whith all the values selected",
              "timedOut": null,
              "duration": 8733,
              "state": "passed",
              "speed": "medium",
              "pass": true,
              "fail": false,
              "pending": false,
              "context": null,
              "code": "_signIn.signInObj.gotoTenantConfiguration();\ncy.wait(1000);\ncy.get('#ui-id-2').click();\ncy.wait(500);\n_signIn.signInObj.clicktheCheckBox('#create_InvitationApprovalEnabled');\n_signIn.signInObj.SelectRandomDropdownValue('[name=\"FirstApprover\"]');\n_signIn.signInObj.SelectRandomDropdownValue('[name=\"SecondApprover\"]');\n_signIn.signInObj.SelectRandomDropdownAll('[name=\"ApprovalType\"]');\ncy.get('#SaveConfig').click();",
              "err": {},
              "uuid": "1e693aba-fb4f-4fb9-9e0d-41b50d45520c",
              "parentUUID": "95309e3a-f089-455c-84e8-d896686258ec",
              "isHook": false,
              "skipped": false
            },
            {
              "title": " Tenant Config 011 - Save Config whith skipping All entries notification",
              "fullTitle": "Tenant Configuration Testcases  Tenant Config 011 - Save Config whith skipping All entries notification",
              "timedOut": null,
              "duration": 8479,
              "state": "passed",
              "speed": "medium",
              "pass": true,
              "fail": false,
              "pending": false,
              "context": null,
              "code": "_signIn.signInObj.gotoTenantConfiguration();\ncy.wait(1000);\ncy.get('#ui-id-3').click();\ncy.wait(500);\n_signIn.signInObj.skipCheckbox('#create_NotifyAllEntriesEnabled');\n_signIn.signInObj.SelectRandomDropdownValue('[name=\"NotificationRecipientUser\"]');\ncy.get('#SaveConfig').click();",
              "err": {},
              "uuid": "e25df89e-154e-4d62-b9c4-7c2a9c1ff6ef",
              "parentUUID": "95309e3a-f089-455c-84e8-d896686258ec",
              "isHook": false,
              "skipped": false
            },
            {
              "title": " Tenant Config 010 - Save Config whith skipping Notification recipient",
              "fullTitle": "Tenant Configuration Testcases  Tenant Config 010 - Save Config whith skipping Notification recipient",
              "timedOut": null,
              "duration": 9396,
              "state": "passed",
              "speed": "medium",
              "pass": true,
              "fail": false,
              "pending": false,
              "context": null,
              "code": "_signIn.signInObj.gotoTenantConfiguration();\ncy.wait(1000);\ncy.get('#ui-id-3').click();\ncy.wait(500);\n_signIn.signInObj.clicktheCheckBox('#create_NotifyAllEntriesEnabled');\ncy.get('#SaveConfig').click();",
              "err": {},
              "uuid": "6c1938e9-c8f2-401f-909f-b58fe5d14912",
              "parentUUID": "95309e3a-f089-455c-84e8-d896686258ec",
              "isHook": false,
              "skipped": false
            },
            {
              "title": " Tenant Config 011 - Save Config whith selecting all values",
              "fullTitle": "Tenant Configuration Testcases  Tenant Config 011 - Save Config whith selecting all values",
              "timedOut": null,
              "duration": 9175,
              "state": "passed",
              "speed": "medium",
              "pass": true,
              "fail": false,
              "pending": false,
              "context": null,
              "code": "_signIn.signInObj.gotoTenantConfiguration();\ncy.wait(1000);\ncy.get('#ui-id-3').click();\ncy.wait(500);\n_signIn.signInObj.clicktheCheckBox('#create_NotifyAllEntriesEnabled');\n_signIn.signInObj.SelectRandomDropdownValue('[name=\"NotificationRecipientUser\"]');\ncy.get('#SaveConfig').click();",
              "err": {},
              "uuid": "91fae51b-711c-4a35-9770-cb6b5285ad53",
              "parentUUID": "95309e3a-f089-455c-84e8-d896686258ec",
              "isHook": false,
              "skipped": false
            },
            {
              "title": " Tenant Config 012 - Go to Manage Visitor Type",
              "fullTitle": "Tenant Configuration Testcases  Tenant Config 012 - Go to Manage Visitor Type",
              "timedOut": null,
              "duration": 12462,
              "state": "passed",
              "speed": "slow",
              "pass": true,
              "fail": false,
              "pending": false,
              "context": null,
              "code": "_signIn.signInObj.gotoTenantConfiguration();\ncy.wait(1000);\n_signIn.signInObj.goToManageVisitorTypes();",
              "err": {},
              "uuid": "590588df-d625-4fdc-bccd-f59eea83b5fa",
              "parentUUID": "95309e3a-f089-455c-84e8-d896686258ec",
              "isHook": false,
              "skipped": false
            },
            {
              "title": " Tenant Config 013 - Click x to close Visitor type popup",
              "fullTitle": "Tenant Configuration Testcases  Tenant Config 013 - Click x to close Visitor type popup",
              "timedOut": null,
              "duration": 11520,
              "state": "passed",
              "speed": "slow",
              "pass": true,
              "fail": false,
              "pending": false,
              "context": null,
              "code": "_signIn.signInObj.gotoTenantConfiguration();\ncy.wait(1000);\n_signIn.signInObj.goToManageVisitorTypes();\n_signIn.signInObj.closePopup('[class = \"btn btn--small btn--outline btn--transparent close-modal-button\"]');",
              "err": {},
              "uuid": "1905d89b-ad60-4abe-b9ec-505476c45da0",
              "parentUUID": "95309e3a-f089-455c-84e8-d896686258ec",
              "isHook": false,
              "skipped": false
            },
            {
              "title": " Tenant Config 014 - Click Cancel to close Visitor type popup",
              "fullTitle": "Tenant Configuration Testcases  Tenant Config 014 - Click Cancel to close Visitor type popup",
              "timedOut": null,
              "duration": 6189,
              "state": "failed",
              "speed": null,
              "pass": false,
              "fail": true,
              "pending": false,
              "context": null,
              "code": "_signIn.signInObj.gotoTenantConfiguration();\ncy.wait(1000);\n_signIn.signInObj.goToManageVisitorTypes();\n_signIn.signInObj.closePopup('[class=\"btn btn--outline close-modal-button\"]');",
              "err": {
                "message": "AssertionError: Timed out retrying after 4000ms: Expected to find element: `#selectLanguage`, but never found it.",
                "estack": "AssertionError: Timed out retrying after 4000ms: Expected to find element: `#selectLanguage`, but never found it.\n    at signInClass.gotoTenantConfiguration (webpack:///./cypress/support/pageObjects/signIn.js:124:34)\n    at Context.eval (webpack:///./cypress/e2e/TenantConfiguration.cy.js:205:14)",
                "diff": null
              },
              "uuid": "bfe3c76f-5418-4e7b-be0f-36cbe325041c",
              "parentUUID": "95309e3a-f089-455c-84e8-d896686258ec",
              "isHook": false,
              "skipped": false
            },
            {
              "title": " Tenant Config 015 - Adding Visitor Type while skipping Name",
              "fullTitle": "Tenant Configuration Testcases  Tenant Config 015 - Adding Visitor Type while skipping Name",
              "timedOut": null,
              "duration": 8986,
              "state": "passed",
              "speed": "medium",
              "pass": true,
              "fail": false,
              "pending": false,
              "context": null,
              "code": "_signIn.signInObj.gotoTenantConfiguration();\ncy.wait(1000);\n_signIn.signInObj.goToManageVisitorTypes();\n_signIn.signInObj.SelectRandomDropdownAll('#visitorTypeDropdown');\n_signIn.signInObj.SelectRandomDropdownAll('#visitorTypeCategory');\ncy.get('#addVisitorTypeSubmit').click();",
              "err": {},
              "uuid": "aad1e782-c22e-473b-8579-6dc051e4ee3f",
              "parentUUID": "95309e3a-f089-455c-84e8-d896686258ec",
              "isHook": false,
              "skipped": false
            },
            {
              "title": " Tenant Config 016 - Adding Visitor Type while skipping Visitory Type Category",
              "fullTitle": "Tenant Configuration Testcases  Tenant Config 016 - Adding Visitor Type while skipping Visitory Type Category",
              "timedOut": null,
              "duration": 11434,
              "state": "passed",
              "speed": "slow",
              "pass": true,
              "fail": false,
              "pending": false,
              "context": null,
              "code": "_signIn.signInObj.gotoTenantConfiguration();\ncy.wait(1000);\n_signIn.signInObj.goToManageVisitorTypes();\n_signIn.signInObj.typeRandomCategory();\n_signIn.signInObj.SelectRandomDropdownValue('#visitorTypeDropdown');\ncy.get('#addVisitorTypeSubmit').click();",
              "err": {},
              "uuid": "85fa2fb6-3a7d-4f83-9e86-cdf451304f0c",
              "parentUUID": "95309e3a-f089-455c-84e8-d896686258ec",
              "isHook": false,
              "skipped": false
            },
            {
              "title": " Tenant Config 017 - Adding Visitor Type while skipping Parent",
              "fullTitle": "Tenant Configuration Testcases  Tenant Config 017 - Adding Visitor Type while skipping Parent",
              "timedOut": null,
              "duration": 13694,
              "state": "passed",
              "speed": "slow",
              "pass": true,
              "fail": false,
              "pending": false,
              "context": null,
              "code": "_signIn.signInObj.gotoTenantConfiguration();\ncy.wait(1000);\n_signIn.signInObj.goToManageVisitorTypes();\n_signIn.signInObj.typeRandomCategory();\n_signIn.signInObj.SelectRandomDropdownValue('#visitorTypeCategory');\ncy.get('#addVisitorTypeSubmit').click();\n_signIn.signInObj.deleteCategory();",
              "err": {},
              "uuid": "9fb5c135-a58b-4145-97bc-9ad435cbe71b",
              "parentUUID": "95309e3a-f089-455c-84e8-d896686258ec",
              "isHook": false,
              "skipped": false
            },
            {
              "title": " Tenant Config 018 - Adding Visitor Type whith all fields",
              "fullTitle": "Tenant Configuration Testcases  Tenant Config 018 - Adding Visitor Type whith all fields",
              "timedOut": null,
              "duration": 13903,
              "state": "passed",
              "speed": "slow",
              "pass": true,
              "fail": false,
              "pending": false,
              "context": null,
              "code": "_signIn.signInObj.gotoTenantConfiguration();\ncy.wait(1000);\n_signIn.signInObj.goToManageVisitorTypes();\n_signIn.signInObj.typeRandomCategory();\n_signIn.signInObj.selectandsaveSubcategoryValue('#visitorTypeDropdown');\n_signIn.signInObj.SelectRandomDropdownValue('#visitorTypeCategory');\ncy.get('#addVisitorTypeSubmit').click();\ncy.wait(1000);\n_signIn.signInObj.deleteSubCategrory();\ncy.wait(500);\n_signIn.signInObj.deleteCategory();",
              "err": {},
              "uuid": "159238b6-4844-4e8a-9669-000176e34ce3",
              "parentUUID": "95309e3a-f089-455c-84e8-d896686258ec",
              "isHook": false,
              "skipped": false
            },
            {
              "title": " Tenant Config 019 - Go to Provider Configuration",
              "fullTitle": "Tenant Configuration Testcases  Tenant Config 019 - Go to Provider Configuration",
              "timedOut": null,
              "duration": 5873,
              "state": "passed",
              "speed": "medium",
              "pass": true,
              "fail": false,
              "pending": false,
              "context": null,
              "code": "_signIn.signInObj.gotoTenantConfiguration();\ncy.get('#notificationConfigurationProvider').click();",
              "err": {},
              "uuid": "1da7e71a-c3a5-4338-b0e3-07f584d369e4",
              "parentUUID": "95309e3a-f089-455c-84e8-d896686258ec",
              "isHook": false,
              "skipped": false
            },
            {
              "title": " Tenant Config 020 - Click x to Notification Provider popup",
              "fullTitle": "Tenant Configuration Testcases  Tenant Config 020 - Click x to Notification Provider popup",
              "timedOut": null,
              "duration": 16217,
              "state": "failed",
              "speed": null,
              "pass": false,
              "fail": true,
              "pending": false,
              "context": null,
              "code": "_signIn.signInObj.gotoTenantConfiguration();\ncy.get('#notificationConfigurationProvider').click();\ncy.wait(1500);\ncy.get('#addNotificationButton').click();\n_signIn.signInObj.closePopup('[class = \"btn btn--small btn--outline btn--transparent close-modal-button\"]');",
              "err": {
                "message": "AssertionError: Timed out retrying after 4000ms: Expected to find element: `#addNotificationButton`, but never found it.",
                "estack": "AssertionError: Timed out retrying after 4000ms: Expected to find element: `#addNotificationButton`, but never found it.\n    at Context.eval (webpack:///./cypress/e2e/TenantConfiguration.cy.js:286:7)",
                "diff": null
              },
              "uuid": "a9801d4d-d734-4473-955d-e0b0f41edaa6",
              "parentUUID": "95309e3a-f089-455c-84e8-d896686258ec",
              "isHook": false,
              "skipped": false
            },
            {
              "title": " Tenant Config 021 - Click Cancel to Notification Provider popup",
              "fullTitle": "Tenant Configuration Testcases  Tenant Config 021 - Click Cancel to Notification Provider popup",
              "timedOut": null,
              "duration": 12982,
              "state": "failed",
              "speed": null,
              "pass": false,
              "fail": true,
              "pending": false,
              "context": null,
              "code": "_signIn.signInObj.gotoTenantConfiguration();\ncy.get('#notificationConfigurationProvider').click();\ncy.wait(1500);\ncy.get('#addNotificationButton').click();\n_signIn.signInObj.closePopup('[class=\"btn btn--outline close-modal-button\"]');",
              "err": {
                "message": "AssertionError: Timed out retrying after 4000ms: Expected to find element: `#addNotificationButton`, but never found it.",
                "estack": "AssertionError: Timed out retrying after 4000ms: Expected to find element: `#addNotificationButton`, but never found it.\n    at Context.eval (webpack:///./cypress/e2e/TenantConfiguration.cy.js:298:7)",
                "diff": null
              },
              "uuid": "aa5a9135-4c78-4ebc-82d0-a0cb2b6a15f9",
              "parentUUID": "95309e3a-f089-455c-84e8-d896686258ec",
              "isHook": false,
              "skipped": false
            }
          ],
          "suites": [],
          "passes": [
            "3c87381a-61c4-48f5-929c-138516420c79",
            "e92168d8-567d-4f12-8767-0be310613637",
            "cb2de1aa-1f41-41c7-86e3-1332684bc37d",
            "8baecb3b-c950-4f81-b7b6-13553463c341",
            "b9467c2f-8acd-46a1-901a-699b1be98a85",
            "cd910c26-c584-43ba-8821-0eb0d6ee46ff",
            "86cfafb7-e6e8-4dee-8a43-5a37f5a1405e",
            "9728c317-84be-4e9f-ae59-6c13b72b7363",
            "f09988ab-f7c6-48c4-a77f-243dd1fb17ac",
            "eafe0934-b45e-4a4d-863e-251250d322d0",
            "1e693aba-fb4f-4fb9-9e0d-41b50d45520c",
            "e25df89e-154e-4d62-b9c4-7c2a9c1ff6ef",
            "6c1938e9-c8f2-401f-909f-b58fe5d14912",
            "91fae51b-711c-4a35-9770-cb6b5285ad53",
            "590588df-d625-4fdc-bccd-f59eea83b5fa",
            "1905d89b-ad60-4abe-b9ec-505476c45da0",
            "aad1e782-c22e-473b-8579-6dc051e4ee3f",
            "85fa2fb6-3a7d-4f83-9e86-cdf451304f0c",
            "9fb5c135-a58b-4145-97bc-9ad435cbe71b",
            "159238b6-4844-4e8a-9669-000176e34ce3",
            "1da7e71a-c3a5-4338-b0e3-07f584d369e4"
          ],
          "failures": [
            "bfe3c76f-5418-4e7b-be0f-36cbe325041c",
            "a9801d4d-d734-4473-955d-e0b0f41edaa6",
            "aa5a9135-4c78-4ebc-82d0-a0cb2b6a15f9"
          ],
          "pending": [],
          "skipped": [],
          "duration": 240861,
          "root": false,
          "rootEmpty": false,
          "_timeout": 2000
        }
      ],
      "passes": [],
      "failures": [],
      "pending": [],
      "skipped": [],
      "duration": 0,
      "root": true,
      "rootEmpty": true,
      "_timeout": 2000
    }
  ],
  "meta": {
    "mocha": {
      "version": "7.2.0"
    },
    "mochawesome": {
      "options": {
        "quiet": false,
        "reportFilename": "mochawesome",
        "saveHtml": true,
        "saveJson": true,
        "consoleReporter": "spec",
        "useInlineDiffs": false,
        "code": true
      },
      "version": "7.1.3"
    },
    "marge": {
      "options": {
        "reportDir": "cypress/reports",
        "overwrite": false,
        "html": true,
        "json": true
      },
      "version": "6.2.0"
    }
  }
}