{
  "stats": {
    "suites": 1,
    "tests": 7,
    "passes": 7,
    "pending": 0,
    "failures": 0,
    "start": "2025-02-28T12:16:03.807Z",
    "end": "2025-02-28T12:16:18.796Z",
    "duration": 14989,
    "testsRegistered": 7,
    "passPercent": 100,
    "pendingPercent": 0,
    "other": 0,
    "hasOther": false,
    "skipped": 0,
    "hasSkipped": false
  },
  "results": [
    {
      "uuid": "af4e3722-6a38-414f-bbe5-c2d453401aa8",
      "title": "",
      "fullFile": "cypress\\e2e\\Login.cy.js",
      "file": "cypress\\e2e\\Login.cy.js",
      "beforeHooks": [],
      "afterHooks": [],
      "tests": [],
      "suites": [
        {
          "uuid": "18d78886-c887-4197-986b-1b399328aabc",
          "title": "Login",
          "fullFile": "",
          "file": "",
          "beforeHooks": [],
          "afterHooks": [],
          "tests": [
            {
              "title": "Admin_LOGIN_001 - Login with skipping Tenant field",
              "fullTitle": "Login Admin_LOGIN_001 - Login with skipping Tenant field",
              "timedOut": null,
              "duration": 3011,
              "state": "passed",
              "speed": "fast",
              "pass": true,
              "fail": false,
              "pending": false,
              "context": null,
              "code": "cy.visit('https://admin-test.mygatepass.com/');\ncy.get('#cookieRequest_Email').type('admin@email.com');\ncy.get('#cookieRequest_Password').type('Password123!');\ncy.get('#loginSubmitButton').click();\ncy.get('#cookieRequest_Tenant-error').should('be.visible').and('contain.text', 'The Tenant field is required.');",
              "err": {},
              "uuid": "1bfa7a6e-1e8a-4cb8-8c1a-07fd3153e5a3",
              "parentUUID": "18d78886-c887-4197-986b-1b399328aabc",
              "isHook": false,
              "skipped": false
            },
            {
              "title": "Admin_LOGIN_002 - Login with skipping Password field",
              "fullTitle": "Login Admin_LOGIN_002 - Login with skipping Password field",
              "timedOut": null,
              "duration": 1668,
              "state": "passed",
              "speed": "fast",
              "pass": true,
              "fail": false,
              "pending": false,
              "context": null,
              "code": "cy.visit('https://admin-test.mygatepass.com/');\ncy.get('#cookieRequest_Tenant').type('root');\ncy.get('#cookieRequest_Email').type('admin@email.com');\ncy.get('#loginSubmitButton').click();",
              "err": {},
              "uuid": "382a222a-eeb6-4932-b6f2-c03bebe1fe3b",
              "parentUUID": "18d78886-c887-4197-986b-1b399328aabc",
              "isHook": false,
              "skipped": false
            },
            {
              "title": "Admin_LOGIN_003 - Login with skipping Email field",
              "fullTitle": "Login Admin_LOGIN_003 - Login with skipping Email field",
              "timedOut": null,
              "duration": 1361,
              "state": "passed",
              "speed": "fast",
              "pass": true,
              "fail": false,
              "pending": false,
              "context": null,
              "code": "cy.visit('https://admin-test.mygatepass.com/');\ncy.get('#cookieRequest_Tenant').type('root');\ncy.get('#cookieRequest_Password').type('Password123!');\ncy.get('#loginSubmitButton').click();",
              "err": {},
              "uuid": "ec6fb406-e7e9-4189-9f57-757af7642038",
              "parentUUID": "18d78886-c887-4197-986b-1b399328aabc",
              "isHook": false,
              "skipped": false
            },
            {
              "title": "Admin_LOGIN_004 - Login with wrong Tenant field",
              "fullTitle": "Login Admin_LOGIN_004 - Login with wrong Tenant field",
              "timedOut": null,
              "duration": 1972,
              "state": "passed",
              "speed": "fast",
              "pass": true,
              "fail": false,
              "pending": false,
              "context": null,
              "code": "cy.visit('https://admin-test.mygatepass.com/');\ncy.get('#cookieRequest_Tenant').type('dummy');\ncy.get('#cookieRequest_Email').type('admin@email.com');\ncy.get('#cookieRequest_Password').type('Password123!');\ncy.get('#loginSubmitButton').click();",
              "err": {},
              "uuid": "7f216b35-2474-47ad-a668-156f0227794f",
              "parentUUID": "18d78886-c887-4197-986b-1b399328aabc",
              "isHook": false,
              "skipped": false
            },
            {
              "title": "Admin_LOGIN_005 - Login with wrong Email field",
              "fullTitle": "Login Admin_LOGIN_005 - Login with wrong Email field",
              "timedOut": null,
              "duration": 2279,
              "state": "passed",
              "speed": "fast",
              "pass": true,
              "fail": false,
              "pending": false,
              "context": null,
              "code": "cy.visit('https://admin-test.mygatepass.com/');\ncy.get('#cookieRequest_Tenant').type('dummy');\ncy.get('#cookieRequest_Email').type('dummyEmail');\ncy.get('#cookieRequest_Password').type('Password123!');\ncy.get('#loginSubmitButton').click();",
              "err": {},
              "uuid": "268f10e0-c88e-442b-97d8-41bb1cbf0d30",
              "parentUUID": "18d78886-c887-4197-986b-1b399328aabc",
              "isHook": false,
              "skipped": false
            },
            {
              "title": "Admin_LOGIN_006 - Login with wrong Password field",
              "fullTitle": "Login Admin_LOGIN_006 - Login with wrong Password field",
              "timedOut": null,
              "duration": 1928,
              "state": "passed",
              "speed": "fast",
              "pass": true,
              "fail": false,
              "pending": false,
              "context": null,
              "code": "cy.visit('https://admin-test.mygatepass.com/');\ncy.get('#cookieRequest_Tenant').type('root');\ncy.get('#cookieRequest_Email').type('admin@email.com');\ncy.get('#cookieRequest_Password').type('asdasdasd');\ncy.get('#loginSubmitButton').click();",
              "err": {},
              "uuid": "3e56d046-f4e3-4f77-abf0-92561e07d938",
              "parentUUID": "18d78886-c887-4197-986b-1b399328aabc",
              "isHook": false,
              "skipped": false
            },
            {
              "title": "Admin_LOGIN_007 - Login with Right Credentials",
              "fullTitle": "Login Admin_LOGIN_007 - Login with Right Credentials",
              "timedOut": null,
              "duration": 2131,
              "state": "passed",
              "speed": "fast",
              "pass": true,
              "fail": false,
              "pending": false,
              "context": null,
              "code": "_signIn.signInObj.signIn();",
              "err": {},
              "uuid": "82f4b1b3-186f-4997-899d-34913d8e0410",
              "parentUUID": "18d78886-c887-4197-986b-1b399328aabc",
              "isHook": false,
              "skipped": false
            }
          ],
          "suites": [],
          "passes": [
            "1bfa7a6e-1e8a-4cb8-8c1a-07fd3153e5a3",
            "382a222a-eeb6-4932-b6f2-c03bebe1fe3b",
            "ec6fb406-e7e9-4189-9f57-757af7642038",
            "7f216b35-2474-47ad-a668-156f0227794f",
            "268f10e0-c88e-442b-97d8-41bb1cbf0d30",
            "3e56d046-f4e3-4f77-abf0-92561e07d938",
            "82f4b1b3-186f-4997-899d-34913d8e0410"
          ],
          "failures": [],
          "pending": [],
          "skipped": [],
          "duration": 14350,
          "root": false,
          "rootEmpty": false,
          "_timeout": 2000
        }
      ],
      "passes": [],
      "failures": [],
      "pending": [],
      "skipped": [],
      "duration": 0,
      "root": true,
      "rootEmpty": true,
      "_timeout": 2000
    }
  ],
  "meta": {
    "mocha": {
      "version": "7.0.1"
    },
    "mochawesome": {
      "options": {
        "quiet": false,
        "reportFilename": "mochawesome",
        "saveHtml": true,
        "saveJson": true,
        "consoleReporter": "spec",
        "useInlineDiffs": false,
        "code": true
      },
      "version": "7.1.3"
    },
    "marge": {
      "options": {
        "reportDir": "cypress/reports",
        "overwrite": false,
        "html": true,
        "json": true
      },
      "version": "6.2.0"
    }
  }
}