{
  "stats": {
    "suites": 1,
    "tests": 24,
    "passes": 20,
    "pending": 0,
    "failures": 4,
    "start": "2025-02-28T12:16:22.911Z",
    "end": "2025-02-28T12:20:09.943Z",
    "duration": 227032,
    "testsRegistered": 24,
    "passPercent": 83.33333333333334,
    "pendingPercent": 0,
    "other": 0,
    "hasOther": false,
    "skipped": 0,
    "hasSkipped": false
  },
  "results": [
    {
      "uuid": "d1224f05-538c-4a8b-93b7-732a0075e7c8",
      "title": "",
      "fullFile": "cypress\\e2e\\Tenant Configuration.cy.js",
      "file": "cypress\\e2e\\Tenant Configuration.cy.js",
      "beforeHooks": [],
      "afterHooks": [],
      "tests": [],
      "suites": [
        {
          "uuid": "d1a5f508-423b-4681-b2ad-844fc321df36",
          "title": "Buildings Testcases",
          "fullFile": "",
          "file": "",
          "beforeHooks": [],
          "afterHooks": [],
          "tests": [
            {
              "title": " Tenant Config 001 - Login and go to Tenant Configurations  ",
              "fullTitle": "Buildings Testcases  Tenant Config 001 - Login and go to Tenant Configurations  ",
              "timedOut": null,
              "duration": 10265,
              "state": "passed",
              "speed": "slow",
              "pass": true,
              "fail": false,
              "pending": false,
              "context": null,
              "code": "_signIn.signInObj.gotoTenantConfiguration();",
              "err": {},
              "uuid": "859e8cc9-f4c3-4d35-9907-a4fcd82f8b64",
              "parentUUID": "d1a5f508-423b-4681-b2ad-844fc321df36",
              "isHook": false,
              "skipped": false
            },
            {
              "title": " Tenant Config 002 - Save Config while skipping \"Tenant Domain\"  ",
              "fullTitle": "Buildings Testcases  Tenant Config 002 - Save Config while skipping \"Tenant Domain\"  ",
              "timedOut": null,
              "duration": 807,
              "state": "failed",
              "speed": null,
              "pass": false,
              "fail": true,
              "pending": false,
              "context": null,
              "code": "_signIn.signInObj.gotoTenantConfiguration();\ncy.wait(1000);\ncy.get('#create_TenantDomain').clear();\n_signIn.signInObj.clicktheCheckBoxed('#create_CollectIdEnabled');\n_signIn.signInObj.clicktheCheckBoxed('#create_QRLocationCheckEnabled');\n_signIn.signInObj.validateDistance('#create_QRLocationCheckDistanceInMeters', 200);\ncy.get('#SaveConfig').click();",
              "err": {
                "message": "TypeError: _signIn.signInObj.clicktheCheckBoxed is not a function",
                "estack": "TypeError: _signIn.signInObj.clicktheCheckBoxed is not a function\n    at Context.eval (webpack:///./cypress/e2e/Tenant Configuration.cy.js:19:18)\n    at runnable.fn (https://admin-test.mygatepass.com/__cypress/runner/cypress_runner.js:139094:19)\n    at callFn (https://admin-test.mygatepass.com/__cypress/runner/cypress_runner.js:157690:21)\n    at Runnable.run (https://admin-test.mygatepass.com/__cypress/runner/cypress_runner.js:157677:7)\n    at <unknown> (https://admin-test.mygatepass.com/__cypress/runner/cypress_runner.js:163607:30)\n    at PassThroughHandlerContext.finallyHandler (https://admin-test.mygatepass.com/__cypress/runner/cypress_runner.js:4042:23)\n    at PassThroughHandlerContext.tryCatcher (https://admin-test.mygatepass.com/__cypress/runner/cypress_runner.js:1777:23)\n    at Promise._settlePromiseFromHandler (https://admin-test.mygatepass.com/__cypress/runner/cypress_runner.js:1489:31)\n    at Promise._settlePromise (https://admin-test.mygatepass.com/__cypress/runner/cypress_runner.js:1546:18)",
                "diff": null
              },
              "uuid": "0a0002a7-9b7b-41bf-badf-52f3785f94c8",
              "parentUUID": "d1a5f508-423b-4681-b2ad-844fc321df36",
              "isHook": false,
              "skipped": false
            },
            {
              "title": " Tenant Config 003 - Save Config while skipping \"Id Collection\"  ",
              "fullTitle": "Buildings Testcases  Tenant Config 003 - Save Config while skipping \"Id Collection\"  ",
              "timedOut": null,
              "duration": 709,
              "state": "failed",
              "speed": null,
              "pass": false,
              "fail": true,
              "pending": false,
              "context": null,
              "code": "_signIn.signInObj.gotoTenantConfiguration();\ncy.wait(1000);\n_signIn.signInObj.skipIDCollection('#create_CollectIdEnabled');\n_signIn.signInObj.clicktheCheckBoxed('#create_QRLocationCheckEnabled');\n_signIn.signInObj.validateDistance('#create_QRLocationCheckDistanceInMeters', 500);\ncy.get('#SaveConfig').click();",
              "err": {
                "message": "TypeError: _signIn.signInObj.skipIDCollection is not a function",
                "estack": "TypeError: _signIn.signInObj.skipIDCollection is not a function\n    at Context.eval (webpack:///./cypress/e2e/Tenant Configuration.cy.js:30:14)\n    at runnable.fn (https://admin-test.mygatepass.com/__cypress/runner/cypress_runner.js:139094:19)\n    at callFn (https://admin-test.mygatepass.com/__cypress/runner/cypress_runner.js:157690:21)\n    at Runnable.run (https://admin-test.mygatepass.com/__cypress/runner/cypress_runner.js:157677:7)\n    at <unknown> (https://admin-test.mygatepass.com/__cypress/runner/cypress_runner.js:163607:30)\n    at PassThroughHandlerContext.finallyHandler (https://admin-test.mygatepass.com/__cypress/runner/cypress_runner.js:4042:23)\n    at PassThroughHandlerContext.tryCatcher (https://admin-test.mygatepass.com/__cypress/runner/cypress_runner.js:1777:23)\n    at Promise._settlePromiseFromHandler (https://admin-test.mygatepass.com/__cypress/runner/cypress_runner.js:1489:31)\n    at Promise._settlePromise (https://admin-test.mygatepass.com/__cypress/runner/cypress_runner.js:1546:18)",
                "diff": null
              },
              "uuid": "8aef8cc6-b94d-481f-ae33-07c779264b26",
              "parentUUID": "d1a5f508-423b-4681-b2ad-844fc321df36",
              "isHook": false,
              "skipped": false
            },
            {
              "title": " Tenant Config 004 - Save Config while skipping \"QR Location check\"  ",
              "fullTitle": "Buildings Testcases  Tenant Config 004 - Save Config while skipping \"QR Location check\"  ",
              "timedOut": null,
              "duration": 7464,
              "state": "passed",
              "speed": "medium",
              "pass": true,
              "fail": false,
              "pending": false,
              "context": null,
              "code": "_signIn.signInObj.gotoTenantConfiguration();\ncy.wait(1000);\n_signIn.signInObj.clicktheCheckBox('#create_CollectIdEnabled');\n_signIn.signInObj.skipCheckbox('#create_QRLocationCheckEnabled');\n_signIn.signInObj.validateDistance('#create_QRLocationCheckDistanceInMeters', 500);\ncy.get('#SaveConfig').click();",
              "err": {},
              "uuid": "86f0b832-461b-4b19-b9cb-e53bd7473b74",
              "parentUUID": "d1a5f508-423b-4681-b2ad-844fc321df36",
              "isHook": false,
              "skipped": false
            },
            {
              "title": " Tenant Config 005 - Save Config while skipping \"both checkboxes\"  ",
              "fullTitle": "Buildings Testcases  Tenant Config 005 - Save Config while skipping \"both checkboxes\"  ",
              "timedOut": null,
              "duration": 7152,
              "state": "passed",
              "speed": "medium",
              "pass": true,
              "fail": false,
              "pending": false,
              "context": null,
              "code": "_signIn.signInObj.gotoTenantConfiguration();\ncy.wait(1000);\n_signIn.signInObj.skipCheckbox('#create_CollectIdEnabled');\n_signIn.signInObj.skipCheckbox('#create_QRLocationCheckEnabled');\n_signIn.signInObj.validateDistance('#create_QRLocationCheckDistanceInMeters', 500);\ncy.get('#SaveConfig').click();",
              "err": {},
              "uuid": "c2a8598f-5eb9-4b77-b740-02a5b7a864b5",
              "parentUUID": "d1a5f508-423b-4681-b2ad-844fc321df36",
              "isHook": false,
              "skipped": false
            },
            {
              "title": " Tenant Config 006 - Save Config while skipping Acceptance distance  ",
              "fullTitle": "Buildings Testcases  Tenant Config 006 - Save Config while skipping Acceptance distance  ",
              "timedOut": null,
              "duration": 8204,
              "state": "passed",
              "speed": "medium",
              "pass": true,
              "fail": false,
              "pending": false,
              "context": null,
              "code": "_signIn.signInObj.gotoTenantConfiguration();\ncy.wait(1000);\n_signIn.signInObj.clicktheCheckBox('#create_CollectIdEnabled');\n_signIn.signInObj.clicktheCheckBox('#create_QRLocationCheckEnabled');\ncy.get('#create_QRLocationCheckDistanceInMeters').clear();\ncy.get('#SaveConfig').click();",
              "err": {},
              "uuid": "4b41522a-9565-4a98-976c-d45f26229ef6",
              "parentUUID": "d1a5f508-423b-4681-b2ad-844fc321df36",
              "isHook": false,
              "skipped": false
            },
            {
              "title": " Tenant Config 007 - Save Config whith negative distance value",
              "fullTitle": "Buildings Testcases  Tenant Config 007 - Save Config whith negative distance value",
              "timedOut": null,
              "duration": 8616,
              "state": "passed",
              "speed": "medium",
              "pass": true,
              "fail": false,
              "pending": false,
              "context": null,
              "code": "_signIn.signInObj.gotoTenantConfiguration();\ncy.wait(1000);\n_signIn.signInObj.clicktheCheckBox('#create_CollectIdEnabled');\n_signIn.signInObj.clicktheCheckBox('#create_QRLocationCheckEnabled');\n_signIn.signInObj.validateDistance('#create_QRLocationCheckDistanceInMeters', -10);\ncy.get('#SaveConfig').click();",
              "err": {},
              "uuid": "e0c8c52d-b796-46d2-9ac6-acb60c71c2b7",
              "parentUUID": "d1a5f508-423b-4681-b2ad-844fc321df36",
              "isHook": false,
              "skipped": false
            },
            {
              "title": " Tenant Config 008 - Save Config whith skipping first Approver",
              "fullTitle": "Buildings Testcases  Tenant Config 008 - Save Config whith skipping first Approver",
              "timedOut": null,
              "duration": 7734,
              "state": "passed",
              "speed": "medium",
              "pass": true,
              "fail": false,
              "pending": false,
              "context": null,
              "code": "_signIn.signInObj.gotoTenantConfiguration();\ncy.wait(1000);\ncy.get('#ui-id-2').click();\ncy.wait(500);\n_signIn.signInObj.clicktheCheckBox('#create_InvitationApprovalEnabled');\n_signIn.signInObj.SelectRandomDropdownValue('[name=\"SecondApprover\"]');\n_signIn.signInObj.SelectRandomDropdownAll('[name=\"ApprovalType\"]');\ncy.get('#SaveConfig').click();",
              "err": {},
              "uuid": "6e81253b-8e62-4c33-9cf5-778bd0548ab1",
              "parentUUID": "d1a5f508-423b-4681-b2ad-844fc321df36",
              "isHook": false,
              "skipped": false
            },
            {
              "title": " Tenant Config 009 - Save Config whith skipping second Approver",
              "fullTitle": "Buildings Testcases  Tenant Config 009 - Save Config whith skipping second Approver",
              "timedOut": null,
              "duration": 8286,
              "state": "passed",
              "speed": "medium",
              "pass": true,
              "fail": false,
              "pending": false,
              "context": null,
              "code": "_signIn.signInObj.gotoTenantConfiguration();\ncy.wait(1000);\ncy.get('#ui-id-2').click();\ncy.wait(500);\n_signIn.signInObj.clicktheCheckBox('#create_InvitationApprovalEnabled');\n_signIn.signInObj.SelectRandomDropdownValue('[name=\"FirstApprover\"]');\n_signIn.signInObj.SelectRandomDropdownAll('[name=\"ApprovalType\"]');\ncy.get('#SaveConfig').click();",
              "err": {},
              "uuid": "0843fad7-93f1-471c-bb35-db0cfdfa4714",
              "parentUUID": "d1a5f508-423b-4681-b2ad-844fc321df36",
              "isHook": false,
              "skipped": false
            },
            {
              "title": " Tenant Config 010 - Save Config whith skipping Enable Invitation Approval",
              "fullTitle": "Buildings Testcases  Tenant Config 010 - Save Config whith skipping Enable Invitation Approval",
              "timedOut": null,
              "duration": 10705,
              "state": "passed",
              "speed": "slow",
              "pass": true,
              "fail": false,
              "pending": false,
              "context": null,
              "code": "_signIn.signInObj.gotoTenantConfiguration();\ncy.wait(1000);\ncy.get('#ui-id-2').click();\ncy.wait(500);\n_signIn.signInObj.skipCheckbox('#create_InvitationApprovalEnabled');\n_signIn.signInObj.SelectRandomDropdownValue('[name=\"FirstApprover\"]');\n_signIn.signInObj.SelectRandomDropdownValue('[name=\"SecondApprover\"]');\n_signIn.signInObj.SelectRandomDropdownAll('[name=\"ApprovalType\"]');\ncy.get('#SaveConfig').click();",
              "err": {},
              "uuid": "aef4934c-42eb-4064-ad0a-4662b18c1491",
              "parentUUID": "d1a5f508-423b-4681-b2ad-844fc321df36",
              "isHook": false,
              "skipped": false
            },
            {
              "title": " Tenant Config 010 - Save Config whith all the values selected",
              "fullTitle": "Buildings Testcases  Tenant Config 010 - Save Config whith all the values selected",
              "timedOut": null,
              "duration": 9292,
              "state": "failed",
              "speed": null,
              "pass": false,
              "fail": true,
              "pending": false,
              "context": null,
              "code": "_signIn.signInObj.gotoTenantConfiguration();\ncy.wait(1000);\ncy.get('#ui-id-2').click();\ncy.wait(500);\n_signIn.signInObj.clicktheCheckBox('#create_InvitationApprovalEnabled');\n_signIn.signInObj.SelectRandomDropdownValue('[name=\"FirstApprover\"]');\n_signIn.signInObj.SelectRandomDropdownValue('[name=\"SecondApprover\"]');\n_signIn.signInObj.SelectRandomDropdownAll('[name=\"ApprovalType\"]');\ncy.get('#SaveConfig').click();",
              "err": {
                "message": "CypressError: `cy.select()` must be passed a string, number, or array as its 1st argument. You passed: `undefined`.\n\nhttps://on.cypress.io/select",
                "estack": "CypressError: `cy.select()` must be passed a string, number, or array as its 1st argument. You passed: `undefined`.\n\nhttps://on.cypress.io/select\n    at Context.select (https://admin-test.mygatepass.com/__cypress/runner/cypress_runner.js:113120:70)\n    at wrapped (https://admin-test.mygatepass.com/__cypress/runner/cypress_runner.js:138827:19)\n    at <unknown> (https://admin-test.mygatepass.com/__cypress/runner/cypress_runner.js:144750:15)\n    at tryCatcher (https://admin-test.mygatepass.com/__cypress/runner/cypress_runner.js:1777:23)\n    at Promise._settlePromiseFromHandler (https://admin-test.mygatepass.com/__cypress/runner/cypress_runner.js:1489:31)\n    at Promise._settlePromise (https://admin-test.mygatepass.com/__cypress/runner/cypress_runner.js:1546:18)\n    at Promise._settlePromiseCtx (https://admin-test.mygatepass.com/__cypress/runner/cypress_runner.js:1583:10)\n    at _drainQueueStep (https://admin-test.mygatepass.com/__cypress/runner/cypress_runner.js:2381:12)\n    at _drainQueue (https://admin-test.mygatepass.com/__cypress/runner/cypress_runner.js:2370:9)\n    at Async._drainQueues (https://admin-test.mygatepass.com/__cypress/runner/cypress_runner.js:2386:5)\n    at Async.drainQueues (https://admin-test.mygatepass.com/__cypress/runner/cypress_runner.js:2256:14)",
                "diff": null
              },
              "uuid": "808e9f27-3125-4257-ba11-d85f40a8e9a1",
              "parentUUID": "d1a5f508-423b-4681-b2ad-844fc321df36",
              "isHook": false,
              "skipped": false
            },
            {
              "title": " Tenant Config 011 - Save Config whith skipping All entries notification",
              "fullTitle": "Buildings Testcases  Tenant Config 011 - Save Config whith skipping All entries notification",
              "timedOut": null,
              "duration": 7498,
              "state": "passed",
              "speed": "medium",
              "pass": true,
              "fail": false,
              "pending": false,
              "context": null,
              "code": "_signIn.signInObj.gotoTenantConfiguration();\ncy.wait(1000);\ncy.get('#ui-id-3').click();\ncy.wait(500);\n_signIn.signInObj.skipCheckbox('#create_NotifyAllEntriesEnabled');\n_signIn.signInObj.SelectRandomDropdownValue('[name=\"NotificationRecipientUser\"]');\ncy.get('#SaveConfig').click();",
              "err": {},
              "uuid": "1462b678-de7a-4bd7-a4a7-b2e9eae82cef",
              "parentUUID": "d1a5f508-423b-4681-b2ad-844fc321df36",
              "isHook": false,
              "skipped": false
            },
            {
              "title": " Tenant Config 010 - Save Config whith skipping Notification recipient",
              "fullTitle": "Buildings Testcases  Tenant Config 010 - Save Config whith skipping Notification recipient",
              "timedOut": null,
              "duration": 9894,
              "state": "passed",
              "speed": "medium",
              "pass": true,
              "fail": false,
              "pending": false,
              "context": null,
              "code": "_signIn.signInObj.gotoTenantConfiguration();\ncy.wait(1000);\ncy.get('#ui-id-3').click();\ncy.wait(500);\n_signIn.signInObj.clicktheCheckBox('#create_NotifyAllEntriesEnabled');\ncy.get('#SaveConfig').click();",
              "err": {},
              "uuid": "2cfb95c3-bbdf-4a37-af44-6e75cdd0f622",
              "parentUUID": "d1a5f508-423b-4681-b2ad-844fc321df36",
              "isHook": false,
              "skipped": false
            },
            {
              "title": " Tenant Config 011 - Save Config whith selecting all values",
              "fullTitle": "Buildings Testcases  Tenant Config 011 - Save Config whith selecting all values",
              "timedOut": null,
              "duration": 9271,
              "state": "passed",
              "speed": "medium",
              "pass": true,
              "fail": false,
              "pending": false,
              "context": null,
              "code": "_signIn.signInObj.gotoTenantConfiguration();\ncy.wait(1000);\ncy.get('#ui-id-3').click();\ncy.wait(500);\n_signIn.signInObj.clicktheCheckBox('#create_NotifyAllEntriesEnabled');\n_signIn.signInObj.SelectRandomDropdownValue('[name=\"NotificationRecipientUser\"]');\ncy.get('#SaveConfig').click();",
              "err": {},
              "uuid": "9c1a2c03-0342-4ba7-9ddc-a938798ac5de",
              "parentUUID": "d1a5f508-423b-4681-b2ad-844fc321df36",
              "isHook": false,
              "skipped": false
            },
            {
              "title": " Tenant Config 012 - Go to Manage Visitor Type",
              "fullTitle": "Buildings Testcases  Tenant Config 012 - Go to Manage Visitor Type",
              "timedOut": null,
              "duration": 11104,
              "state": "passed",
              "speed": "slow",
              "pass": true,
              "fail": false,
              "pending": false,
              "context": null,
              "code": "_signIn.signInObj.gotoTenantConfiguration();\ncy.wait(1000);\n_signIn.signInObj.goToManageVisitorTypes();",
              "err": {},
              "uuid": "0182f48c-ee1b-422a-94c5-84c628f38cb0",
              "parentUUID": "d1a5f508-423b-4681-b2ad-844fc321df36",
              "isHook": false,
              "skipped": false
            },
            {
              "title": " Tenant Config 013 - Click x to close Visitor type popup",
              "fullTitle": "Buildings Testcases  Tenant Config 013 - Click x to close Visitor type popup",
              "timedOut": null,
              "duration": 12468,
              "state": "passed",
              "speed": "slow",
              "pass": true,
              "fail": false,
              "pending": false,
              "context": null,
              "code": "_signIn.signInObj.gotoTenantConfiguration();\ncy.wait(1000);\n_signIn.signInObj.goToManageVisitorTypes();\n_signIn.signInObj.closePopup('[class = \"btn btn--small btn--outline btn--transparent close-modal-button\"]');",
              "err": {},
              "uuid": "11364e67-dc91-47fc-af1e-7627996ca5e0",
              "parentUUID": "d1a5f508-423b-4681-b2ad-844fc321df36",
              "isHook": false,
              "skipped": false
            },
            {
              "title": " Tenant Config 014 - Click Cancel to close Visitor type popup",
              "fullTitle": "Buildings Testcases  Tenant Config 014 - Click Cancel to close Visitor type popup",
              "timedOut": null,
              "duration": 12439,
              "state": "passed",
              "speed": "slow",
              "pass": true,
              "fail": false,
              "pending": false,
              "context": null,
              "code": "_signIn.signInObj.gotoTenantConfiguration();\ncy.wait(1000);\n_signIn.signInObj.goToManageVisitorTypes();\n_signIn.signInObj.closePopup('[class=\"btn btn--outline close-modal-button\"]');",
              "err": {},
              "uuid": "99eaf319-69c4-4889-aaeb-b847fbe506d2",
              "parentUUID": "d1a5f508-423b-4681-b2ad-844fc321df36",
              "isHook": false,
              "skipped": false
            },
            {
              "title": " Tenant Config 015 - Adding Visitor Type while skipping Name",
              "fullTitle": "Buildings Testcases  Tenant Config 015 - Adding Visitor Type while skipping Name",
              "timedOut": null,
              "duration": 11439,
              "state": "passed",
              "speed": "slow",
              "pass": true,
              "fail": false,
              "pending": false,
              "context": null,
              "code": "_signIn.signInObj.gotoTenantConfiguration();\ncy.wait(1000);\n_signIn.signInObj.goToManageVisitorTypes();\n_signIn.signInObj.SelectRandomDropdownAll('#visitorTypeDropdown');\n_signIn.signInObj.SelectRandomDropdownAll('#visitorTypeCategory');\ncy.get('#addVisitorTypeSubmit').click();",
              "err": {},
              "uuid": "3fede00a-d6b2-42a0-9543-03fae0749300",
              "parentUUID": "d1a5f508-423b-4681-b2ad-844fc321df36",
              "isHook": false,
              "skipped": false
            },
            {
              "title": " Tenant Config 016 - Adding Visitor Type while skipping Visitory Type Category",
              "fullTitle": "Buildings Testcases  Tenant Config 016 - Adding Visitor Type while skipping Visitory Type Category",
              "timedOut": null,
              "duration": 11684,
              "state": "passed",
              "speed": "slow",
              "pass": true,
              "fail": false,
              "pending": false,
              "context": null,
              "code": "_signIn.signInObj.gotoTenantConfiguration();\ncy.wait(1000);\n_signIn.signInObj.goToManageVisitorTypes();\n_signIn.signInObj.typeRandomCategory();\n_signIn.signInObj.SelectRandomDropdownValue('#visitorTypeDropdown');\ncy.get('#addVisitorTypeSubmit').click();",
              "err": {},
              "uuid": "e2d8b1af-cbe1-43d9-9573-8548155663e7",
              "parentUUID": "d1a5f508-423b-4681-b2ad-844fc321df36",
              "isHook": false,
              "skipped": false
            },
            {
              "title": " Tenant Config 017 - Adding Visitor Type while skipping Parent",
              "fullTitle": "Buildings Testcases  Tenant Config 017 - Adding Visitor Type while skipping Parent",
              "timedOut": null,
              "duration": 12597,
              "state": "passed",
              "speed": "slow",
              "pass": true,
              "fail": false,
              "pending": false,
              "context": null,
              "code": "_signIn.signInObj.gotoTenantConfiguration();\ncy.wait(1000);\n_signIn.signInObj.goToManageVisitorTypes();\n_signIn.signInObj.typeRandomCategory();\n_signIn.signInObj.SelectRandomDropdownValue('#visitorTypeCategory');\ncy.get('#addVisitorTypeSubmit').click();\n_signIn.signInObj.deleteCategory();",
              "err": {},
              "uuid": "80df10a1-d901-4786-a7d2-514ae738a53b",
              "parentUUID": "d1a5f508-423b-4681-b2ad-844fc321df36",
              "isHook": false,
              "skipped": false
            },
            {
              "title": " Tenant Config 018 - Adding Visitor Type whith all fields",
              "fullTitle": "Buildings Testcases  Tenant Config 018 - Adding Visitor Type whith all fields",
              "timedOut": null,
              "duration": 13901,
              "state": "passed",
              "speed": "slow",
              "pass": true,
              "fail": false,
              "pending": false,
              "context": null,
              "code": "_signIn.signInObj.gotoTenantConfiguration();\ncy.wait(1000);\n_signIn.signInObj.goToManageVisitorTypes();\n_signIn.signInObj.typeRandomCategory();\n_signIn.signInObj.selectandsaveSubcategoryValue('#visitorTypeDropdown');\n_signIn.signInObj.SelectRandomDropdownValue('#visitorTypeCategory');\ncy.get('#addVisitorTypeSubmit').click();\ncy.wait(1000);\n_signIn.signInObj.deleteSubCategrory();\ncy.wait(500);\n_signIn.signInObj.deleteCategory();",
              "err": {},
              "uuid": "51eb0252-08d1-4904-94e4-65a9bf2b156b",
              "parentUUID": "d1a5f508-423b-4681-b2ad-844fc321df36",
              "isHook": false,
              "skipped": false
            },
            {
              "title": " Tenant Config 019 - Go to Provider Configuration",
              "fullTitle": "Buildings Testcases  Tenant Config 019 - Go to Provider Configuration",
              "timedOut": null,
              "duration": 6952,
              "state": "passed",
              "speed": "medium",
              "pass": true,
              "fail": false,
              "pending": false,
              "context": null,
              "code": "_signIn.signInObj.gotoTenantConfiguration();\ncy.get('#notificationConfigurationProvider').click();",
              "err": {},
              "uuid": "c888fd8b-6ad0-4fbe-801f-f23d53483e63",
              "parentUUID": "d1a5f508-423b-4681-b2ad-844fc321df36",
              "isHook": false,
              "skipped": false
            },
            {
              "title": " Tenant Config 020 - Click x to Notification Provider popup",
              "fullTitle": "Buildings Testcases  Tenant Config 020 - Click x to Notification Provider popup",
              "timedOut": null,
              "duration": 10792,
              "state": "failed",
              "speed": null,
              "pass": false,
              "fail": true,
              "pending": false,
              "context": null,
              "code": "_signIn.signInObj.gotoTenantConfiguration();\ncy.get('#notificationConfigurationProvider').click();\ncy.get('#addNotificationButton').click();\n_signIn.signInObj.closePopup('[class = \"btn btn--small btn--outline btn--transparent close-modal-button\"]');",
              "err": {
                "message": "AssertionError: Timed out retrying after 4000ms: Expected to find element: `#addNotificationButton`, but never found it.",
                "estack": "AssertionError: Timed out retrying after 4000ms: Expected to find element: `#addNotificationButton`, but never found it.\n    at Context.eval (webpack:///./cypress/e2e/Tenant Configuration.cy.js:285:7)",
                "diff": null
              },
              "uuid": "c6c1665e-aaed-453f-b6ac-e8d700d8b58b",
              "parentUUID": "d1a5f508-423b-4681-b2ad-844fc321df36",
              "isHook": false,
              "skipped": false
            },
            {
              "title": " Tenant Config 021 - Click Cancel to Notification Provider popup",
              "fullTitle": "Buildings Testcases  Tenant Config 021 - Click Cancel to Notification Provider popup",
              "timedOut": null,
              "duration": 13681,
              "state": "passed",
              "speed": "slow",
              "pass": true,
              "fail": false,
              "pending": false,
              "context": null,
              "code": "_signIn.signInObj.gotoTenantConfiguration();\ncy.get('#notificationConfigurationProvider').click();\ncy.get('#addNotificationButton').click();\n_signIn.signInObj.closePopup('[class=\"btn btn--outline close-modal-button\"]');",
              "err": {},
              "uuid": "dd9996c5-b891-46e9-9fd6-00d253190370",
              "parentUUID": "d1a5f508-423b-4681-b2ad-844fc321df36",
              "isHook": false,
              "skipped": false
            }
          ],
          "suites": [],
          "passes": [
            "859e8cc9-f4c3-4d35-9907-a4fcd82f8b64",
            "86f0b832-461b-4b19-b9cb-e53bd7473b74",
            "c2a8598f-5eb9-4b77-b740-02a5b7a864b5",
            "4b41522a-9565-4a98-976c-d45f26229ef6",
            "e0c8c52d-b796-46d2-9ac6-acb60c71c2b7",
            "6e81253b-8e62-4c33-9cf5-778bd0548ab1",
            "0843fad7-93f1-471c-bb35-db0cfdfa4714",
            "aef4934c-42eb-4064-ad0a-4662b18c1491",
            "1462b678-de7a-4bd7-a4a7-b2e9eae82cef",
            "2cfb95c3-bbdf-4a37-af44-6e75cdd0f622",
            "9c1a2c03-0342-4ba7-9ddc-a938798ac5de",
            "0182f48c-ee1b-422a-94c5-84c628f38cb0",
            "11364e67-dc91-47fc-af1e-7627996ca5e0",
            "99eaf319-69c4-4889-aaeb-b847fbe506d2",
            "3fede00a-d6b2-42a0-9543-03fae0749300",
            "e2d8b1af-cbe1-43d9-9573-8548155663e7",
            "80df10a1-d901-4786-a7d2-514ae738a53b",
            "51eb0252-08d1-4904-94e4-65a9bf2b156b",
            "c888fd8b-6ad0-4fbe-801f-f23d53483e63",
            "dd9996c5-b891-46e9-9fd6-00d253190370"
          ],
          "failures": [
            "0a0002a7-9b7b-41bf-badf-52f3785f94c8",
            "8aef8cc6-b94d-481f-ae33-07c779264b26",
            "808e9f27-3125-4257-ba11-d85f40a8e9a1",
            "c6c1665e-aaed-453f-b6ac-e8d700d8b58b"
          ],
          "pending": [],
          "skipped": [],
          "duration": 222954,
          "root": false,
          "rootEmpty": false,
          "_timeout": 2000
        }
      ],
      "passes": [],
      "failures": [],
      "pending": [],
      "skipped": [],
      "duration": 0,
      "root": true,
      "rootEmpty": true,
      "_timeout": 2000
    }
  ],
  "meta": {
    "mocha": {
      "version": "7.0.1"
    },
    "mochawesome": {
      "options": {
        "quiet": false,
        "reportFilename": "mochawesome",
        "saveHtml": true,
        "saveJson": true,
        "consoleReporter": "spec",
        "useInlineDiffs": false,
        "code": true
      },
      "version": "7.1.3"
    },
    "marge": {
      "options": {
        "reportDir": "cypress/reports",
        "overwrite": false,
        "html": true,
        "json": true
      },
      "version": "6.2.0"
    }
  }
}