{
  "stats": {
    "suites": 1,
    "tests": 6,
    "passes": 2,
    "pending": 0,
    "failures": 4,
    "start": "2025-02-28T12:14:35.937Z",
    "end": "2025-02-28T12:16:00.058Z",
    "duration": 84121,
    "testsRegistered": 6,
    "passPercent": 33.33333333333333,
    "pendingPercent": 0,
    "other": 0,
    "hasOther": false,
    "skipped": 0,
    "hasSkipped": false
  },
  "results": [
    {
      "uuid": "af828aff-e753-48a7-8647-83a9bb46c637",
      "title": "",
      "fullFile": "cypress\\e2e\\Gates.cy.js",
      "file": "cypress\\e2e\\Gates.cy.js",
      "beforeHooks": [],
      "afterHooks": [],
      "tests": [],
      "suites": [
        {
          "uuid": "4d432446-2dc8-4280-9ebb-249fb688dd18",
          "title": "Gates TestCases",
          "fullFile": "",
          "file": "",
          "beforeHooks": [],
          "afterHooks": [],
          "tests": [
            {
              "title": "Gates 001 - Login and Go to Gate Randomly",
              "fullTitle": "Gates TestCases Gates 001 - Login and Go to Gate Randomly",
              "timedOut": null,
              "duration": 15263,
              "state": "passed",
              "speed": "slow",
              "pass": true,
              "fail": false,
              "pending": false,
              "context": null,
              "code": "_signIn.signInObj.GotoBuildings();\ncy.wait(3000);\n_signIn.signInObj.clickButtonRandomly('[class=\"btn-secondary\"]', 'Gates');",
              "err": {},
              "uuid": "c30e242d-c0c8-482f-8085-3e096e6b2b75",
              "parentUUID": "4d432446-2dc8-4280-9ebb-249fb688dd18",
              "isHook": false,
              "skipped": false
            },
            {
              "title": "Gates 002 - Close Gates popup clicking on x",
              "fullTitle": "Gates TestCases Gates 002 - Close Gates popup clicking on x",
              "timedOut": null,
              "duration": 13737,
              "state": "failed",
              "speed": null,
              "pass": false,
              "fail": true,
              "pending": false,
              "context": null,
              "code": "clickingAddGatePopup();\n_signIn.signInObj.closePopup('[class = \"btn btn--small btn--outline btn--transparent close-modal-button\"]');",
              "err": {
                "message": "AssertionError: Timed out retrying after 4000ms: Expected to find content: 'Gates' within the element: <button.btn-secondary> but never did.",
                "estack": "AssertionError: Timed out retrying after 4000ms: Expected to find content: 'Gates' within the element: <button.btn-secondary> but never did.\n    at Context.eval (webpack:///./cypress/support/pageObjects/signIn.js:421:46)\n    at getRet (https://admin-test.mygatepass.com/__cypress/runner/cypress_runner.js:118318:20)\n    at tryCatcher (https://admin-test.mygatepass.com/__cypress/runner/cypress_runner.js:1777:23)\n    at Promise.attempt.Promise.try (https://admin-test.mygatepass.com/__cypress/runner/cypress_runner.js:4285:29)\n    at Context.thenFn (https://admin-test.mygatepass.com/__cypress/runner/cypress_runner.js:118329:66)\n    at Context.then (https://admin-test.mygatepass.com/__cypress/runner/cypress_runner.js:118580:21)\n    at wrapped (https://admin-test.mygatepass.com/__cypress/runner/cypress_runner.js:138827:19)",
                "diff": null
              },
              "uuid": "548439c9-c767-4b08-b06b-c16991b2ca08",
              "parentUUID": "4d432446-2dc8-4280-9ebb-249fb688dd18",
              "isHook": false,
              "skipped": false
            },
            {
              "title": "Gates 003 - Close Gates popup clicking on Cancel",
              "fullTitle": "Gates TestCases Gates 003 - Close Gates popup clicking on Cancel",
              "timedOut": null,
              "duration": 14122,
              "state": "passed",
              "speed": "slow",
              "pass": true,
              "fail": false,
              "pending": false,
              "context": null,
              "code": "clickingAddGatePopup();\n_signIn.signInObj.closePopup('[class = \"btn btn--outline close-modal-button\"]');",
              "err": {},
              "uuid": "dc28fb26-9873-4913-8ad0-5df6390221a1",
              "parentUUID": "4d432446-2dc8-4280-9ebb-249fb688dd18",
              "isHook": false,
              "skipped": false
            },
            {
              "title": "Gates 004 - Adding Gate while skipping Name",
              "fullTitle": "Gates TestCases Gates 004 - Adding Gate while skipping Name",
              "timedOut": null,
              "duration": 12999,
              "state": "failed",
              "speed": null,
              "pass": false,
              "fail": true,
              "pending": false,
              "context": null,
              "code": "clickingAddGatePopup();\ncy.get('#createGateRequest_OpenLockEndPoint').type('1');\ncy.get('#createGateRequest_CloseLockEndPoint').type('2');\ncy.get('.checkmark').click({\n  multiple: true,\n  force: true\n});\ncy.get('#addGateSubmit').click({\n  multiple: true,\n  force: true\n});",
              "err": {
                "message": "AssertionError: Timed out retrying after 4000ms: Expected to find content: 'Gates' within the element: <button.btn-secondary> but never did.",
                "estack": "AssertionError: Timed out retrying after 4000ms: Expected to find content: 'Gates' within the element: <button.btn-secondary> but never did.\n    at Context.eval (webpack:///./cypress/support/pageObjects/signIn.js:421:46)\n    at getRet (https://admin-test.mygatepass.com/__cypress/runner/cypress_runner.js:118318:20)\n    at tryCatcher (https://admin-test.mygatepass.com/__cypress/runner/cypress_runner.js:1777:23)\n    at Promise.attempt.Promise.try (https://admin-test.mygatepass.com/__cypress/runner/cypress_runner.js:4285:29)\n    at Context.thenFn (https://admin-test.mygatepass.com/__cypress/runner/cypress_runner.js:118329:66)\n    at Context.then (https://admin-test.mygatepass.com/__cypress/runner/cypress_runner.js:118580:21)\n    at wrapped (https://admin-test.mygatepass.com/__cypress/runner/cypress_runner.js:138827:19)",
                "diff": null
              },
              "uuid": "cf488cd9-d2e5-4b4b-a377-ad22a9c1c0bd",
              "parentUUID": "4d432446-2dc8-4280-9ebb-249fb688dd18",
              "isHook": false,
              "skipped": false
            },
            {
              "title": "Gates 005 - Adding Gate while With Name",
              "fullTitle": "Gates TestCases Gates 005 - Adding Gate while With Name",
              "timedOut": null,
              "duration": 13672,
              "state": "failed",
              "speed": null,
              "pass": false,
              "fail": true,
              "pending": false,
              "context": null,
              "code": "clickingAddGatePopup();\n_signIn.signInObj.typegateNameRandomly('#createGateRequest_Name', \"Test Gate \");\ncy.get('#createGateRequest_OpenLockEndPoint').type('1');\ncy.get('#createGateRequest_CloseLockEndPoint').type('2');\ncy.get('.checkmark').click({\n  multiple: true,\n  force: true\n});\ncy.get('#addGateSubmit').click({\n  multiple: true,\n  force: true\n});\ncy.wait(1000);\n_signIn.signInObj.disableAddedGate();",
              "err": {
                "message": "AssertionError: Timed out retrying after 4000ms: Expected to find content: 'Gates' within the element: <button.btn-secondary> but never did.",
                "estack": "AssertionError: Timed out retrying after 4000ms: Expected to find content: 'Gates' within the element: <button.btn-secondary> but never did.\n    at Context.eval (webpack:///./cypress/support/pageObjects/signIn.js:421:46)\n    at getRet (https://admin-test.mygatepass.com/__cypress/runner/cypress_runner.js:118318:20)\n    at tryCatcher (https://admin-test.mygatepass.com/__cypress/runner/cypress_runner.js:1777:23)\n    at Promise.attempt.Promise.try (https://admin-test.mygatepass.com/__cypress/runner/cypress_runner.js:4285:29)\n    at Context.thenFn (https://admin-test.mygatepass.com/__cypress/runner/cypress_runner.js:118329:66)\n    at Context.then (https://admin-test.mygatepass.com/__cypress/runner/cypress_runner.js:118580:21)\n    at wrapped (https://admin-test.mygatepass.com/__cypress/runner/cypress_runner.js:138827:19)",
                "diff": null
              },
              "uuid": "baa8dbe6-3588-48d9-bda1-be9876d05715",
              "parentUUID": "4d432446-2dc8-4280-9ebb-249fb688dd18",
              "isHook": false,
              "skipped": false
            },
            {
              "title": "Gates 006 - Edit the Gate",
              "fullTitle": "Gates TestCases Gates 006 - Edit the Gate",
              "timedOut": null,
              "duration": 13277,
              "state": "failed",
              "speed": null,
              "pass": false,
              "fail": true,
              "pending": false,
              "context": null,
              "code": "clickingAddGatePopup();\n_signIn.signInObj.typegateNameRandomly('#createGateRequest_Name', \"Test Gate \");\ncy.get('#createGateRequest_OpenLockEndPoint').type('1');\ncy.get('#createGateRequest_CloseLockEndPoint').type('2');\ncy.get('.checkmark').click({\n  multiple: true,\n  force: true\n});\ncy.get('#addGateSubmit').click({\n  multiple: true,\n  force: true\n});\ncy.wait(1000);\n_signIn.signInObj.EditGate();",
              "err": {
                "message": "AssertionError: Timed out retrying after 4000ms: Expected to find content: 'Gates' within the element: <button.btn-secondary> but never did.",
                "estack": "AssertionError: Timed out retrying after 4000ms: Expected to find content: 'Gates' within the element: <button.btn-secondary> but never did.\n    at Context.eval (webpack:///./cypress/support/pageObjects/signIn.js:421:46)\n    at getRet (https://admin-test.mygatepass.com/__cypress/runner/cypress_runner.js:118318:20)\n    at tryCatcher (https://admin-test.mygatepass.com/__cypress/runner/cypress_runner.js:1777:23)\n    at Promise.attempt.Promise.try (https://admin-test.mygatepass.com/__cypress/runner/cypress_runner.js:4285:29)\n    at Context.thenFn (https://admin-test.mygatepass.com/__cypress/runner/cypress_runner.js:118329:66)\n    at Context.then (https://admin-test.mygatepass.com/__cypress/runner/cypress_runner.js:118580:21)\n    at wrapped (https://admin-test.mygatepass.com/__cypress/runner/cypress_runner.js:138827:19)",
                "diff": null
              },
              "uuid": "fc1905ca-14af-4f19-9fb8-b4ee24d33c53",
              "parentUUID": "4d432446-2dc8-4280-9ebb-249fb688dd18",
              "isHook": false,
              "skipped": false
            }
          ],
          "suites": [],
          "passes": [
            "c30e242d-c0c8-482f-8085-3e096e6b2b75",
            "dc28fb26-9873-4913-8ad0-5df6390221a1"
          ],
          "failures": [
            "548439c9-c767-4b08-b06b-c16991b2ca08",
            "cf488cd9-d2e5-4b4b-a377-ad22a9c1c0bd",
            "baa8dbe6-3588-48d9-bda1-be9876d05715",
            "fc1905ca-14af-4f19-9fb8-b4ee24d33c53"
          ],
          "pending": [],
          "skipped": [],
          "duration": 83070,
          "root": false,
          "rootEmpty": false,
          "_timeout": 2000
        }
      ],
      "passes": [],
      "failures": [],
      "pending": [],
      "skipped": [],
      "duration": 0,
      "root": true,
      "rootEmpty": true,
      "_timeout": 2000
    }
  ],
  "meta": {
    "mocha": {
      "version": "7.0.1"
    },
    "mochawesome": {
      "options": {
        "quiet": false,
        "reportFilename": "mochawesome",
        "saveHtml": true,
        "saveJson": true,
        "consoleReporter": "spec",
        "useInlineDiffs": false,
        "code": true
      },
      "version": "7.1.3"
    },
    "marge": {
      "options": {
        "reportDir": "cypress/reports",
        "overwrite": false,
        "html": true,
        "json": true
      },
      "version": "6.2.0"
    }
  }
}