{
  "stats": {
    "suites": 1,
    "tests": 6,
    "passes": 4,
    "pending": 0,
    "failures": 2,
    "start": "2025-04-09T10:50:10.556Z",
    "end": "2025-04-09T10:51:34.768Z",
    "duration": 84212,
    "testsRegistered": 6,
    "passPercent": 66.66666666666666,
    "pendingPercent": 0,
    "other": 0,
    "hasOther": false,
    "skipped": 0,
    "hasSkipped": false
  },
  "results": [
    {
      "uuid": "e9ab5000-bb36-4253-857a-a3253528ec7e",
      "title": "",
      "fullFile": "cypress\\e2e\\Gates.cy.js",
      "file": "cypress\\e2e\\Gates.cy.js",
      "beforeHooks": [],
      "afterHooks": [],
      "tests": [],
      "suites": [
        {
          "uuid": "0b9353aa-7f9c-4180-9375-e2b98c9d99e0",
          "title": "Gates TestCases",
          "fullFile": "",
          "file": "",
          "beforeHooks": [],
          "afterHooks": [],
          "tests": [
            {
              "title": "Gates 001 - Login and Go to Gate Randomly",
              "fullTitle": "Gates TestCases Gates 001 - Login and Go to Gate Randomly",
              "timedOut": null,
              "duration": 15108,
              "state": "passed",
              "speed": "slow",
              "pass": true,
              "fail": false,
              "pending": false,
              "context": null,
              "code": "_signIn.signInObj.GotoBuildings();\ncy.wait(3000);\n_signIn.signInObj.clickButtonRandomly('[class=\"btn-secondary\"]', 'Gates');",
              "err": {},
              "uuid": "7d9f1de9-ed4a-4eb4-a19f-3c0e94909f1d",
              "parentUUID": "0b9353aa-7f9c-4180-9375-e2b98c9d99e0",
              "isHook": false,
              "skipped": false
            },
            {
              "title": "Gates 002 - Close Gates popup clicking on x",
              "fullTitle": "Gates TestCases Gates 002 - Close Gates popup clicking on x",
              "timedOut": null,
              "duration": 15042,
              "state": "failed",
              "speed": null,
              "pass": false,
              "fail": true,
              "pending": false,
              "context": null,
              "code": "clickingAddGatePopup();\n_signIn.signInObj.closePopup('[class = \"btn btn--small btn--outline btn--transparent close-modal-button\"]');",
              "err": {
                "message": "AssertionError: Timed out retrying after 4000ms: Expected to find content: 'Gates' within the element: <button.btn-secondary> but never did.",
                "estack": "AssertionError: Timed out retrying after 4000ms: Expected to find content: 'Gates' within the element: <button.btn-secondary> but never did.\n    at Context.eval (webpack:///./cypress/support/pageObjects/signIn.js:421:46)\n    at getRet (https://admin-test.mygatepass.com/__cypress/runner/cypress_runner.js:119619:20)\n    at tryCatcher (https://admin-test.mygatepass.com/__cypress/runner/cypress_runner.js:1777:23)\n    at Promise.attempt.Promise.try (https://admin-test.mygatepass.com/__cypress/runner/cypress_runner.js:4285:29)\n    at Context.thenFn (https://admin-test.mygatepass.com/__cypress/runner/cypress_runner.js:119630:66)\n    at Context.then (https://admin-test.mygatepass.com/__cypress/runner/cypress_runner.js:119881:21)\n    at wrapped (https://admin-test.mygatepass.com/__cypress/runner/cypress_runner.js:140158:19)",
                "diff": null
              },
              "uuid": "7e9ce20c-4e4e-41b5-b85c-72ac4eaa1ac3",
              "parentUUID": "0b9353aa-7f9c-4180-9375-e2b98c9d99e0",
              "isHook": false,
              "skipped": false
            },
            {
              "title": "Gates 003 - Close Gates popup clicking on Cancel",
              "fullTitle": "Gates TestCases Gates 003 - Close Gates popup clicking on Cancel",
              "timedOut": null,
              "duration": 12872,
              "state": "passed",
              "speed": "slow",
              "pass": true,
              "fail": false,
              "pending": false,
              "context": null,
              "code": "clickingAddGatePopup();\n_signIn.signInObj.closePopup('[class = \"btn btn--outline close-modal-button\"]');",
              "err": {},
              "uuid": "2cfce26a-a3fd-4c85-a9f7-f74e96a4c27f",
              "parentUUID": "0b9353aa-7f9c-4180-9375-e2b98c9d99e0",
              "isHook": false,
              "skipped": false
            },
            {
              "title": "Gates 004 - Adding Gate while skipping Name",
              "fullTitle": "Gates TestCases Gates 004 - Adding Gate while skipping Name",
              "timedOut": null,
              "duration": 12222,
              "state": "failed",
              "speed": null,
              "pass": false,
              "fail": true,
              "pending": false,
              "context": null,
              "code": "clickingAddGatePopup();\ncy.get('#createGateRequest_OpenLockEndPoint').type('1');\ncy.get('#createGateRequest_CloseLockEndPoint').type('2');\ncy.get('.checkmark').click({\n  multiple: true,\n  force: true\n});\ncy.get('#addGateSubmit').click({\n  multiple: true,\n  force: true\n});",
              "err": {
                "message": "AssertionError: Timed out retrying after 4000ms: Expected to find content: 'Gates' within the element: <button.btn-secondary> but never did.",
                "estack": "AssertionError: Timed out retrying after 4000ms: Expected to find content: 'Gates' within the element: <button.btn-secondary> but never did.\n    at Context.eval (webpack:///./cypress/support/pageObjects/signIn.js:421:46)\n    at getRet (https://admin-test.mygatepass.com/__cypress/runner/cypress_runner.js:119619:20)\n    at tryCatcher (https://admin-test.mygatepass.com/__cypress/runner/cypress_runner.js:1777:23)\n    at Promise.attempt.Promise.try (https://admin-test.mygatepass.com/__cypress/runner/cypress_runner.js:4285:29)\n    at Context.thenFn (https://admin-test.mygatepass.com/__cypress/runner/cypress_runner.js:119630:66)\n    at Context.then (https://admin-test.mygatepass.com/__cypress/runner/cypress_runner.js:119881:21)\n    at wrapped (https://admin-test.mygatepass.com/__cypress/runner/cypress_runner.js:140158:19)",
                "diff": null
              },
              "uuid": "d14d9f79-d50f-4179-b8de-4bb812508ddc",
              "parentUUID": "0b9353aa-7f9c-4180-9375-e2b98c9d99e0",
              "isHook": false,
              "skipped": false
            },
            {
              "title": "Gates 005 - Adding Gate while With Name",
              "fullTitle": "Gates TestCases Gates 005 - Adding Gate while With Name",
              "timedOut": null,
              "duration": 14108,
              "state": "passed",
              "speed": "slow",
              "pass": true,
              "fail": false,
              "pending": false,
              "context": null,
              "code": "clickingAddGatePopup();\n_signIn.signInObj.typegateNameRandomly('#createGateRequest_Name', \"Test Gate \");\ncy.get('#createGateRequest_OpenLockEndPoint').type('1');\ncy.get('#createGateRequest_CloseLockEndPoint').type('2');\ncy.get('.checkmark').click({\n  multiple: true,\n  force: true\n});\ncy.get('#addGateSubmit').click({\n  multiple: true,\n  force: true\n});\ncy.wait(1000);\n_signIn.signInObj.disableAddedGate();",
              "err": {},
              "uuid": "5ea7a22f-1f4f-461e-a081-a77e7a56e1ba",
              "parentUUID": "0b9353aa-7f9c-4180-9375-e2b98c9d99e0",
              "isHook": false,
              "skipped": false
            },
            {
              "title": "Gates 006 - Edit the Gate",
              "fullTitle": "Gates TestCases Gates 006 - Edit the Gate",
              "timedOut": null,
              "duration": 14150,
              "state": "passed",
              "speed": "slow",
              "pass": true,
              "fail": false,
              "pending": false,
              "context": null,
              "code": "clickingAddGatePopup();\n_signIn.signInObj.typegateNameRandomly('#createGateRequest_Name', \"Test Gate \");\ncy.get('#createGateRequest_OpenLockEndPoint').type('1');\ncy.get('#createGateRequest_CloseLockEndPoint').type('2');\ncy.get('.checkmark').click({\n  multiple: true,\n  force: true\n});\ncy.get('#addGateSubmit').click({\n  multiple: true,\n  force: true\n});\ncy.wait(1000);\n_signIn.signInObj.EditGate();",
              "err": {},
              "uuid": "d75af997-8c63-4c02-8587-d5f4d05d9fd0",
              "parentUUID": "0b9353aa-7f9c-4180-9375-e2b98c9d99e0",
              "isHook": false,
              "skipped": false
            }
          ],
          "suites": [],
          "passes": [
            "7d9f1de9-ed4a-4eb4-a19f-3c0e94909f1d",
            "2cfce26a-a3fd-4c85-a9f7-f74e96a4c27f",
            "5ea7a22f-1f4f-461e-a081-a77e7a56e1ba",
            "d75af997-8c63-4c02-8587-d5f4d05d9fd0"
          ],
          "failures": [
            "7e9ce20c-4e4e-41b5-b85c-72ac4eaa1ac3",
            "d14d9f79-d50f-4179-b8de-4bb812508ddc"
          ],
          "pending": [],
          "skipped": [],
          "duration": 83502,
          "root": false,
          "rootEmpty": false,
          "_timeout": 2000
        }
      ],
      "passes": [],
      "failures": [],
      "pending": [],
      "skipped": [],
      "duration": 0,
      "root": true,
      "rootEmpty": true,
      "_timeout": 2000
    }
  ],
  "meta": {
    "mocha": {
      "version": "7.2.0"
    },
    "mochawesome": {
      "options": {
        "quiet": false,
        "reportFilename": "mochawesome",
        "saveHtml": true,
        "saveJson": true,
        "consoleReporter": "spec",
        "useInlineDiffs": false,
        "code": true
      },
      "version": "7.1.3"
    },
    "marge": {
      "options": {
        "reportDir": "cypress/reports",
        "overwrite": false,
        "html": true,
        "json": true
      },
      "version": "6.2.0"
    }
  }
}